

Microchip MPLAB XC8 Assembler V2.31 build 20201012212115 
                                                                                               Thu Jan 21 19:31:55 2021

Microchip MPLAB XC8 C Compiler v2.31 (Free license) build 20201012212115 Og1 
     1                           	processor	16F887
     2                           	pagewidth 120
     3                           	opt	flic
     4                           	psect	cinit,global,class=CODE,merge=1,delta=2
     5                           	psect	bssCOMMON,global,class=COMMON,space=1,delta=1,noexec
     6                           	psect	cstackCOMMON,global,class=COMMON,space=1,delta=1,noexec
     7                           	psect	maintext,global,class=CODE,split=1,delta=2
     8                           	psect	text1,local,class=CODE,merge=1,delta=2
     9                           	psect	text2,local,class=CODE,merge=1,delta=2
    10                           	psect	config,global,abs,ovrld,class=CONFIG,space=4,delta=2,noexec
    11                           	dabs	1,0x7E,2
    12  0000                     
    13                           ; Version 2.20
    14                           ; Generated 12/02/2020 GMT
    15                           ; 
    16                           ; Copyright © 2020, Microchip Technology Inc. and its subsidiaries ("Microchip")
    17                           ; All rights reserved.
    18                           ; 
    19                           ; This software is developed by Microchip Technology Inc. and its subsidiaries ("Microch
      +                          ip").
    20                           ; 
    21                           ; Redistribution and use in source and binary forms, with or without modification, are
    22                           ; permitted provided that the following conditions are met:
    23                           ; 
    24                           ;     1. Redistributions of source code must retain the above copyright notice, this lis
      +                          t of
    25                           ;        conditions and the following disclaimer.
    26                           ; 
    27                           ;     2. Redistributions in binary form must reproduce the above copyright notice, this 
      +                          list
    28                           ;        of conditions and the following disclaimer in the documentation and/or other
    29                           ;        materials provided with the distribution.
    30                           ; 
    31                           ;     3. Microchip's name may not be used to endorse or promote products derived from th
      +                          is
    32                           ;        software without specific prior written permission.
    33                           ; 
    34                           ; THIS SOFTWARE IS PROVIDED BY MICROCHIP "AS IS" AND ANY EXPRESS OR IMPLIED WARRANTIES,
    35                           ; INCLUDING, BUT NOT LIMITED TO, THE IMPLIED WARRANTIES OF MERCHANTABILITY AND FITNESS F
      +                          OR
    36                           ; PURPOSE ARE DISCLAIMED.  IN NO EVENT SHALL MICROCHIP BE LIABLE FOR ANY DIRECT, INDIREC
      +                          T,
    37                           ; INCIDENTAL, SPECIAL, EXEMPLARY, OR CONSEQUENTIAL DAMAGES (INCLUDING BUT NOT LIMITED TO
    38                           ; PROCUREMENT OF SUBSTITUTE GOODS OR SERVICES; LOSS OF USE, DATA OR PROFITS; OR BUSINESS
    39                           ; INTERRUPTION) HOWSOEVER CAUSED AND ON ANY THEORY OF LIABILITY, WHETHER IN CONTRACT, ST
      +                          RICT
    40                           ; LIABILITY, OR TORT (INCLUDING NEGLIGENCE OR OTHERWISE) ARISING IN ANY WAY OUT OF THE U
      +                          SE OF
    41                           ; THIS SOFTWARE, EVEN IF ADVISED OF THE POSSIBILITY OF SUCH DAMAGE.
    42                           ; 
    43                           ; 
    44                           ; Code-generator required, PIC16F887 Definitions
    45                           ; 
    46                           ; SFR Addresses
    47  0000                     	;# 
    48  0001                     	;# 
    49  0002                     	;# 
    50  0003                     	;# 
    51  0004                     	;# 
    52  0005                     	;# 
    53  0006                     	;# 
    54  0007                     	;# 
    55  0008                     	;# 
    56  0009                     	;# 
    57  000A                     	;# 
    58  000B                     	;# 
    59  000C                     	;# 
    60  000D                     	;# 
    61  000E                     	;# 
    62  000E                     	;# 
    63  000F                     	;# 
    64  0010                     	;# 
    65  0011                     	;# 
    66  0012                     	;# 
    67  0013                     	;# 
    68  0014                     	;# 
    69  0015                     	;# 
    70  0015                     	;# 
    71  0016                     	;# 
    72  0017                     	;# 
    73  0018                     	;# 
    74  0019                     	;# 
    75  001A                     	;# 
    76  001B                     	;# 
    77  001B                     	;# 
    78  001C                     	;# 
    79  001D                     	;# 
    80  001E                     	;# 
    81  001F                     	;# 
    82  0081                     	;# 
    83  0085                     	;# 
    84  0086                     	;# 
    85  0087                     	;# 
    86  0088                     	;# 
    87  0089                     	;# 
    88  008C                     	;# 
    89  008D                     	;# 
    90  008E                     	;# 
    91  008F                     	;# 
    92  0090                     	;# 
    93  0091                     	;# 
    94  0092                     	;# 
    95  0093                     	;# 
    96  0093                     	;# 
    97  0093                     	;# 
    98  0094                     	;# 
    99  0095                     	;# 
   100  0096                     	;# 
   101  0097                     	;# 
   102  0098                     	;# 
   103  0099                     	;# 
   104  009A                     	;# 
   105  009B                     	;# 
   106  009C                     	;# 
   107  009D                     	;# 
   108  009E                     	;# 
   109  009F                     	;# 
   110  0105                     	;# 
   111  0107                     	;# 
   112  0108                     	;# 
   113  0109                     	;# 
   114  010C                     	;# 
   115  010C                     	;# 
   116  010D                     	;# 
   117  010E                     	;# 
   118  010F                     	;# 
   119  0185                     	;# 
   120  0187                     	;# 
   121  0188                     	;# 
   122  0189                     	;# 
   123  018C                     	;# 
   124  018D                     	;# 
   125  0000                     	;# 
   126  0001                     	;# 
   127  0002                     	;# 
   128  0003                     	;# 
   129  0004                     	;# 
   130  0005                     	;# 
   131  0006                     	;# 
   132  0007                     	;# 
   133  0008                     	;# 
   134  0009                     	;# 
   135  000A                     	;# 
   136  000B                     	;# 
   137  000C                     	;# 
   138  000D                     	;# 
   139  000E                     	;# 
   140  000E                     	;# 
   141  000F                     	;# 
   142  0010                     	;# 
   143  0011                     	;# 
   144  0012                     	;# 
   145  0013                     	;# 
   146  0014                     	;# 
   147  0015                     	;# 
   148  0015                     	;# 
   149  0016                     	;# 
   150  0017                     	;# 
   151  0018                     	;# 
   152  0019                     	;# 
   153  001A                     	;# 
   154  001B                     	;# 
   155  001B                     	;# 
   156  001C                     	;# 
   157  001D                     	;# 
   158  001E                     	;# 
   159  001F                     	;# 
   160  0081                     	;# 
   161  0085                     	;# 
   162  0086                     	;# 
   163  0087                     	;# 
   164  0088                     	;# 
   165  0089                     	;# 
   166  008C                     	;# 
   167  008D                     	;# 
   168  008E                     	;# 
   169  008F                     	;# 
   170  0090                     	;# 
   171  0091                     	;# 
   172  0092                     	;# 
   173  0093                     	;# 
   174  0093                     	;# 
   175  0093                     	;# 
   176  0094                     	;# 
   177  0095                     	;# 
   178  0096                     	;# 
   179  0097                     	;# 
   180  0098                     	;# 
   181  0099                     	;# 
   182  009A                     	;# 
   183  009B                     	;# 
   184  009C                     	;# 
   185  009D                     	;# 
   186  009E                     	;# 
   187  009F                     	;# 
   188  0105                     	;# 
   189  0107                     	;# 
   190  0108                     	;# 
   191  0109                     	;# 
   192  010C                     	;# 
   193  010C                     	;# 
   194  010D                     	;# 
   195  010E                     	;# 
   196  010F                     	;# 
   197  0185                     	;# 
   198  0187                     	;# 
   199  0188                     	;# 
   200  0189                     	;# 
   201  018C                     	;# 
   202  018D                     	;# 
   203  0006                     _PORTB	set	6
   204  0009                     _PORTEbits	set	9
   205  0009                     _PORTE	set	9
   206  0008                     _PORTDbits	set	8
   207  0007                     _PORTCbits	set	7
   208  0007                     _PORTC	set	7
   209  0008                     _PORTD	set	8
   210  0006                     _PORTBbits	set	6
   211  0088                     _TRISD	set	136
   212  0087                     _TRISC	set	135
   213  0089                     _TRISE	set	137
   214  0086                     _TRISBbits	set	134
   215  0086                     _TRISB	set	134
   216  0189                     _ANSELH	set	393
   217  0188                     _ANSEL	set	392
   218                           
   219                           	psect	cinit
   220  07F9                     start_initialization:	
   221                           ; #config settings
   222                           
   223  07F9                     __initialization:
   224                           
   225                           ; Clear objects allocated to COMMON
   226  07F9  01F0               	clrf	__pbssCOMMON& (0+127)
   227  07FA  01F1               	clrf	(__pbssCOMMON+1)& (0+127)
   228  07FB  01F2               	clrf	(__pbssCOMMON+2)& (0+127)
   229  07FC                     end_of_initialization:	
   230                           ;End of C runtime variable initialization code
   231                           
   232  07FC                     __end_of__initialization:
   233  07FC  0183               	clrf	3
   234  07FD  120A  118A  2F90   	ljmp	_main	;jump to C main() function
   235                           
   236                           	psect	bssCOMMON
   237  0070                     __pbssCOMMON:
   238  0070                     _antirebote2:
   239  0070                     	ds	1
   240  0071                     _antirebote1:
   241  0071                     	ds	1
   242  0072                     _carrera:
   243  0072                     	ds	1
   244                           
   245                           	psect	cstackCOMMON
   246  0073                     __pcstackCOMMON:
   247  0073                     ?_Setup:
   248  0073                     ??_Setup:	
   249                           ; 1 bytes @ 0x0
   250                           
   251  0073                     ?_semaforo:	
   252                           ; 1 bytes @ 0x0
   253                           
   254  0073                     ??_semaforo:	
   255                           ; 1 bytes @ 0x0
   256                           
   257  0073                     ?_main:	
   258                           ; 1 bytes @ 0x0
   259                           
   260                           
   261                           ; 1 bytes @ 0x0
   262  0073                     	ds	2
   263  0075                     ??_main:
   264                           
   265                           ; 1 bytes @ 0x2
   266  0075                     	ds	1
   267                           
   268                           	psect	maintext
   269  0790                     __pmaintext:	
   270 ;;
   271 ;;Main: autosize = 0, tempsize = 1, incstack = 0, save=0
   272 ;;
   273 ;; *************** function _main *****************
   274 ;; Defined at:
   275 ;;		line 48 in file "lab1.c"
   276 ;; Parameters:    Size  Location     Type
   277 ;;		None
   278 ;; Auto vars:     Size  Location     Type
   279 ;;		None
   280 ;; Return value:  Size  Location     Type
   281 ;;                  1    wreg      void 
   282 ;; Registers used:
   283 ;;		wreg, status,2, status,0, pclath, cstack
   284 ;; Tracked objects:
   285 ;;		On entry : B00/0
   286 ;;		On exit  : 0/0
   287 ;;		Unchanged: 0/0
   288 ;; Data sizes:     COMMON   BANK0   BANK1   BANK3   BANK2
   289 ;;      Params:         0       0       0       0       0
   290 ;;      Locals:         0       0       0       0       0
   291 ;;      Temps:          1       0       0       0       0
   292 ;;      Totals:         1       0       0       0       0
   293 ;;Total ram usage:        1 bytes
   294 ;; Hardware stack levels required when called:    1
   295 ;; This function calls:
   296 ;;		_Setup
   297 ;;		_semaforo
   298 ;; This function is called by:
   299 ;;		Startup code after reset
   300 ;; This function uses a non-reentrant model
   301 ;;
   302                           
   303                           
   304                           ;psect for function _main
   305  0790                     _main:
   306  0790                     l694:	
   307                           ;incstack = 0
   308                           ; Regs used in _main: [wreg+status,2+status,0+pclath+cstack]
   309                           
   310                           
   311                           ;lab1.c: 49:     Setup();
   312  0790  120A  118A  274E  120A  118A  	fcall	_Setup
   313  0795                     l696:
   314                           
   315                           ;lab1.c: 52:         if(PORTBbits.RB0 == 1) {
   316  0795  1283               	bcf	3,5	;RP0=0, select bank0
   317  0796  1303               	bcf	3,6	;RP1=0, select bank0
   318  0797  1C06               	btfss	6,0	;volatile
   319  0798  2F9A               	goto	u21
   320  0799  2F9B               	goto	u20
   321  079A                     u21:
   322  079A  2FA4               	goto	l704
   323  079B                     u20:
   324  079B                     l698:
   325                           
   326                           ;lab1.c: 53:             PORTBbits.RB6 = 0;
   327  079B  1306               	bcf	6,6	;volatile
   328                           
   329                           ;lab1.c: 54:             PORTBbits.RB7 = 0;
   330  079C  1386               	bcf	6,7	;volatile
   331  079D                     l700:
   332                           
   333                           ;lab1.c: 55:             PORTD = 0;
   334  079D  0188               	clrf	8	;volatile
   335                           
   336                           ;lab1.c: 56:             PORTC = 0;
   337  079E  0187               	clrf	7	;volatile
   338  079F                     l702:
   339                           
   340                           ;lab1.c: 57:             semaforo();
   341  079F  120A  118A  276A  120A  118A  	fcall	_semaforo
   342  07A4                     l704:
   343                           
   344                           ;lab1.c: 59:         if(carrera == 1){
   345  07A4  0372               	decf	_carrera,w
   346  07A5  1D03               	btfss	3,2
   347  07A6  2FA8               	goto	u31
   348  07A7  2FA9               	goto	u30
   349  07A8                     u31:
   350  07A8  2F95               	goto	l696
   351  07A9                     u30:
   352  07A9                     l706:
   353                           
   354                           ;lab1.c: 60:             if (PORTBbits.RB1 == 1){
   355  07A9  1283               	bcf	3,5	;RP0=0, select bank0
   356  07AA  1303               	bcf	3,6	;RP1=0, select bank0
   357  07AB  1C86               	btfss	6,1	;volatile
   358  07AC  2FAE               	goto	u41
   359  07AD  2FAF               	goto	u40
   360  07AE                     u41:
   361  07AE  2FB1               	goto	l50
   362  07AF                     u40:
   363  07AF                     l708:
   364                           
   365                           ;lab1.c: 61:                 antirebote1 = 1;
   366  07AF  01F1               	clrf	_antirebote1
   367  07B0  0AF1               	incf	_antirebote1,f
   368  07B1                     l50:	
   369                           ;lab1.c: 62:             }
   370                           
   371                           
   372                           ;lab1.c: 63:             if (PORTBbits.RB2 == 1){
   373  07B1  1D06               	btfss	6,2	;volatile
   374  07B2  2FB4               	goto	u51
   375  07B3  2FB5               	goto	u50
   376  07B4                     u51:
   377  07B4  2FB7               	goto	l712
   378  07B5                     u50:
   379  07B5                     l710:
   380                           
   381                           ;lab1.c: 64:                 antirebote2 = 1;
   382  07B5  01F0               	clrf	_antirebote2
   383  07B6  0AF0               	incf	_antirebote2,f
   384  07B7                     l712:
   385                           
   386                           ;lab1.c: 66:             if (antirebote1 == 1){
   387  07B7  0371               	decf	_antirebote1,w
   388  07B8  1D03               	btfss	3,2
   389  07B9  2FBB               	goto	u61
   390  07BA  2FBC               	goto	u60
   391  07BB                     u61:
   392  07BB  2FD6               	goto	l728
   393  07BC                     u60:
   394  07BC                     l714:
   395                           
   396                           ;lab1.c: 67:                 if (PORTBbits.RB1 == 0){
   397  07BC  1886               	btfsc	6,1	;volatile
   398  07BD  2FBF               	goto	u71
   399  07BE  2FC0               	goto	u70
   400  07BF                     u71:
   401  07BF  2FD6               	goto	l728
   402  07C0                     u70:
   403  07C0                     l716:
   404                           
   405                           ;lab1.c: 68:                     antirebote1 = 0;
   406  07C0  01F1               	clrf	_antirebote1
   407  07C1                     l718:
   408                           
   409                           ;lab1.c: 69:                     if (PORTCbits.RC7 ==0){
   410  07C1  1B87               	btfsc	7,7	;volatile
   411  07C2  2FC4               	goto	u81
   412  07C3  2FC5               	goto	u80
   413  07C4                     u81:
   414  07C4  2FD2               	goto	l724
   415  07C5                     u80:
   416  07C5                     l720:
   417                           
   418                           ;lab1.c: 70:                     PORTC = PORTC * 2;
   419  07C5  0807               	movf	7,w	;volatile
   420  07C6  00F5               	movwf	??_main
   421  07C7  0775               	addwf	??_main,w
   422  07C8  0087               	movwf	7	;volatile
   423                           
   424                           ;lab1.c: 71:                     if (PORTC == 0){
   425  07C9  0807               	movf	7,w	;volatile
   426  07CA  1D03               	btfss	3,2
   427  07CB  2FCD               	goto	u91
   428  07CC  2FCE               	goto	u90
   429  07CD                     u91:
   430  07CD  2FD6               	goto	l53
   431  07CE                     u90:
   432  07CE                     l722:
   433                           
   434                           ;lab1.c: 72:                         PORTC = PORTC + 1;
   435  07CE  0807               	movf	7,w	;volatile
   436  07CF  3E01               	addlw	1
   437  07D0  0087               	movwf	7	;volatile
   438  07D1  2FD6               	goto	l728
   439  07D2                     l724:
   440                           
   441                           ;lab1.c: 75:                         PORTC = 0;
   442  07D2  0187               	clrf	7	;volatile
   443  07D3                     l726:
   444                           
   445                           ;lab1.c: 76:                         PORTBbits.RB6 = 1;
   446  07D3  1706               	bsf	6,6	;volatile
   447                           
   448                           ;lab1.c: 77:                         carrera = 0;
   449  07D4  01F2               	clrf	_carrera
   450  07D5  2FD6               	goto	l728
   451  07D6                     l53:	
   452                           ;lab1.c: 79:                 }
   453                           
   454  07D6                     l728:
   455                           
   456                           ;lab1.c: 81:             if (antirebote2 == 1){
   457  07D6  0370               	decf	_antirebote2,w
   458  07D7  1D03               	btfss	3,2
   459  07D8  2FDA               	goto	u101
   460  07D9  2FDB               	goto	u100
   461  07DA                     u101:
   462  07DA  2F95               	goto	l696
   463  07DB                     u100:
   464  07DB                     l730:
   465                           
   466                           ;lab1.c: 82:                 if (PORTBbits.RB2 == 0){
   467  07DB  1906               	btfsc	6,2	;volatile
   468  07DC  2FDE               	goto	u111
   469  07DD  2FDF               	goto	u110
   470  07DE                     u111:
   471  07DE  2F95               	goto	l696
   472  07DF                     u110:
   473  07DF                     l732:
   474                           
   475                           ;lab1.c: 83:                     antirebote2 = 0;
   476  07DF  01F0               	clrf	_antirebote2
   477  07E0                     l734:
   478                           
   479                           ;lab1.c: 84:                     if (PORTDbits.RD7 == 0){
   480  07E0  1B88               	btfsc	8,7	;volatile
   481  07E1  2FE3               	goto	u121
   482  07E2  2FE4               	goto	u120
   483  07E3                     u121:
   484  07E3  2FF1               	goto	l740
   485  07E4                     u120:
   486  07E4                     l736:
   487                           
   488                           ;lab1.c: 85:                     PORTD = PORTD * 2;
   489  07E4  0808               	movf	8,w	;volatile
   490  07E5  00F5               	movwf	??_main
   491  07E6  0775               	addwf	??_main,w
   492  07E7  0088               	movwf	8	;volatile
   493                           
   494                           ;lab1.c: 86:                     if (PORTD == 0){
   495  07E8  0808               	movf	8,w	;volatile
   496  07E9  1D03               	btfss	3,2
   497  07EA  2FEC               	goto	u131
   498  07EB  2FED               	goto	u130
   499  07EC                     u131:
   500  07EC  2FF5               	goto	l57
   501  07ED                     u130:
   502  07ED                     l738:
   503                           
   504                           ;lab1.c: 87:                         PORTD = PORTD + 1;
   505  07ED  0808               	movf	8,w	;volatile
   506  07EE  3E01               	addlw	1
   507  07EF  0088               	movwf	8	;volatile
   508  07F0  2F95               	goto	l696
   509  07F1                     l740:
   510                           
   511                           ;lab1.c: 90:                         PORTD = 0;
   512  07F1  0188               	clrf	8	;volatile
   513  07F2                     l742:
   514                           
   515                           ;lab1.c: 91:                         PORTBbits.RB7 = 1;
   516  07F2  1786               	bsf	6,7	;volatile
   517                           
   518                           ;lab1.c: 92:                         carrera = 0;
   519  07F3  01F2               	clrf	_carrera
   520  07F4  2F95               	goto	l696
   521  07F5                     l57:	
   522                           ;lab1.c: 95:             }
   523                           
   524  07F5  2F95               	goto	l696
   525  07F6  120A  118A  2800   	ljmp	start
   526  07F9                     __end_of_main:
   527                           
   528                           	psect	text1
   529  076A                     __ptext1:	
   530 ;; *************** function _semaforo *****************
   531 ;; Defined at:
   532 ;;		line 108 in file "lab1.c"
   533 ;; Parameters:    Size  Location     Type
   534 ;;		None
   535 ;; Auto vars:     Size  Location     Type
   536 ;;		None
   537 ;; Return value:  Size  Location     Type
   538 ;;                  1    wreg      void 
   539 ;; Registers used:
   540 ;;		wreg, status,2, status,0
   541 ;; Tracked objects:
   542 ;;		On entry : 0/0
   543 ;;		On exit  : 0/0
   544 ;;		Unchanged: 0/0
   545 ;; Data sizes:     COMMON   BANK0   BANK1   BANK3   BANK2
   546 ;;      Params:         0       0       0       0       0
   547 ;;      Locals:         0       0       0       0       0
   548 ;;      Temps:          2       0       0       0       0
   549 ;;      Totals:         2       0       0       0       0
   550 ;;Total ram usage:        2 bytes
   551 ;; Hardware stack levels used:    1
   552 ;; This function calls:
   553 ;;		Nothing
   554 ;; This function is called by:
   555 ;;		_main
   556 ;; This function uses a non-reentrant model
   557 ;;
   558                           
   559                           
   560                           ;psect for function _semaforo
   561  076A                     _semaforo:
   562  076A                     l674:	
   563                           ;incstack = 0
   564                           ; Regs used in _semaforo: [wreg+status,2+status,0]
   565                           
   566                           
   567                           ;lab1.c: 109:     if (carrera == 0){
   568  076A  0872               	movf	_carrera,w
   569  076B  1D03               	btfss	3,2
   570  076C  2F6E               	goto	u11
   571  076D  2F6F               	goto	u10
   572  076E                     u11:
   573  076E  2F8F               	goto	l71
   574  076F                     u10:
   575  076F                     l676:
   576                           
   577                           ;lab1.c: 111:             PORTE = 0;
   578  076F  1283               	bcf	3,5	;RP0=0, select bank0
   579  0770  1303               	bcf	3,6	;RP1=0, select bank0
   580  0771  0189               	clrf	9	;volatile
   581  0772                     l678:
   582                           
   583                           ;lab1.c: 112:             PORTEbits.RE0 =1;
   584  0772  1409               	bsf	9,0	;volatile
   585  0773                     l680:
   586                           
   587                           ;lab1.c: 113:             _delay((unsigned long)((50)*(8000000/4000.0)));
   588  0773  3082               	movlw	130
   589  0774  00F4               	movwf	??_semaforo+1
   590  0775  30DD               	movlw	221
   591  0776  00F3               	movwf	??_semaforo
   592  0777                     u147:
   593  0777  0BF3               	decfsz	??_semaforo,f
   594  0778  2F77               	goto	u147
   595  0779  0BF4               	decfsz	??_semaforo+1,f
   596  077A  2F77               	goto	u147
   597  077B  2F7C               	nop2
   598  077C                     l682:
   599                           
   600                           ;lab1.c: 114:             PORTEbits.RE0 = 0;
   601  077C  1283               	bcf	3,5	;RP0=0, select bank0
   602  077D  1303               	bcf	3,6	;RP1=0, select bank0
   603  077E  1009               	bcf	9,0	;volatile
   604  077F                     l684:
   605                           
   606                           ;lab1.c: 115:             PORTEbits.RE1 = 1;
   607  077F  1489               	bsf	9,1	;volatile
   608  0780                     l686:
   609                           
   610                           ;lab1.c: 116:             _delay((unsigned long)((50)*(8000000/4000.0)));
   611  0780  3082               	movlw	130
   612  0781  00F4               	movwf	??_semaforo+1
   613  0782  30DD               	movlw	221
   614  0783  00F3               	movwf	??_semaforo
   615  0784                     u157:
   616  0784  0BF3               	decfsz	??_semaforo,f
   617  0785  2F84               	goto	u157
   618  0786  0BF4               	decfsz	??_semaforo+1,f
   619  0787  2F84               	goto	u157
   620  0788  2F89               	nop2
   621  0789                     l688:
   622                           
   623                           ;lab1.c: 117:             PORTEbits.RE1 = 0;
   624  0789  1283               	bcf	3,5	;RP0=0, select bank0
   625  078A  1303               	bcf	3,6	;RP1=0, select bank0
   626  078B  1089               	bcf	9,1	;volatile
   627  078C                     l690:
   628                           
   629                           ;lab1.c: 118:             PORTEbits.RE2 = 1;
   630  078C  1509               	bsf	9,2	;volatile
   631  078D                     l692:
   632                           
   633                           ;lab1.c: 119:             carrera = 1;
   634  078D  01F2               	clrf	_carrera
   635  078E  0AF2               	incf	_carrera,f
   636  078F                     l71:
   637  078F  0008               	return
   638  0790                     __end_of_semaforo:
   639                           
   640                           	psect	text2
   641  074E                     __ptext2:	
   642 ;; *************** function _Setup *****************
   643 ;; Defined at:
   644 ;;		line 124 in file "lab1.c"
   645 ;; Parameters:    Size  Location     Type
   646 ;;		None
   647 ;; Auto vars:     Size  Location     Type
   648 ;;		None
   649 ;; Return value:  Size  Location     Type
   650 ;;                  1    wreg      void 
   651 ;; Registers used:
   652 ;;		status,2
   653 ;; Tracked objects:
   654 ;;		On entry : 0/0
   655 ;;		On exit  : 0/0
   656 ;;		Unchanged: 0/0
   657 ;; Data sizes:     COMMON   BANK0   BANK1   BANK3   BANK2
   658 ;;      Params:         0       0       0       0       0
   659 ;;      Locals:         0       0       0       0       0
   660 ;;      Temps:          0       0       0       0       0
   661 ;;      Totals:         0       0       0       0       0
   662 ;;Total ram usage:        0 bytes
   663 ;; Hardware stack levels used:    1
   664 ;; This function calls:
   665 ;;		Nothing
   666 ;; This function is called by:
   667 ;;		_main
   668 ;; This function uses a non-reentrant model
   669 ;;
   670                           
   671                           
   672                           ;psect for function _Setup
   673  074E                     _Setup:
   674  074E                     l666:	
   675                           ;incstack = 0
   676                           ; Regs used in _Setup: [status,2]
   677                           
   678                           
   679                           ;lab1.c: 125:     PORTB = 0;
   680  074E  1283               	bcf	3,5	;RP0=0, select bank0
   681  074F  1303               	bcf	3,6	;RP1=0, select bank0
   682  0750  0186               	clrf	6	;volatile
   683                           
   684                           ;lab1.c: 126:     ANSEL = 0;
   685  0751  1683               	bsf	3,5	;RP0=1, select bank3
   686  0752  1703               	bsf	3,6	;RP1=1, select bank3
   687  0753  0188               	clrf	8	;volatile
   688                           
   689                           ;lab1.c: 127:     ANSELH = 0;
   690  0754  0189               	clrf	9	;volatile
   691                           
   692                           ;lab1.c: 128:     TRISB = 0;
   693  0755  1683               	bsf	3,5	;RP0=1, select bank1
   694  0756  1303               	bcf	3,6	;RP1=0, select bank1
   695  0757  0186               	clrf	6	;volatile
   696  0758                     l668:
   697                           
   698                           ;lab1.c: 129:     TRISBbits.TRISB0 = 1;
   699  0758  1406               	bsf	6,0	;volatile
   700  0759                     l670:
   701                           
   702                           ;lab1.c: 130:     TRISBbits.TRISB1 = 1;
   703  0759  1486               	bsf	6,1	;volatile
   704  075A                     l672:
   705                           
   706                           ;lab1.c: 131:     TRISBbits.TRISB2 = 1;
   707  075A  1506               	bsf	6,2	;volatile
   708                           
   709                           ;lab1.c: 132:     TRISE = 0;
   710  075B  0189               	clrf	9	;volatile
   711                           
   712                           ;lab1.c: 133:     PORTE = 0;
   713  075C  1283               	bcf	3,5	;RP0=0, select bank0
   714  075D  1303               	bcf	3,6	;RP1=0, select bank0
   715  075E  0189               	clrf	9	;volatile
   716                           
   717                           ;lab1.c: 134:     TRISC = 0;
   718  075F  1683               	bsf	3,5	;RP0=1, select bank1
   719  0760  1303               	bcf	3,6	;RP1=0, select bank1
   720  0761  0187               	clrf	7	;volatile
   721                           
   722                           ;lab1.c: 135:     TRISD = 0;
   723  0762  0188               	clrf	8	;volatile
   724                           
   725                           ;lab1.c: 136:     PORTC = 0;
   726  0763  1283               	bcf	3,5	;RP0=0, select bank0
   727  0764  1303               	bcf	3,6	;RP1=0, select bank0
   728  0765  0187               	clrf	7	;volatile
   729                           
   730                           ;lab1.c: 137:     PORTD = 0;
   731  0766  0188               	clrf	8	;volatile
   732                           
   733                           ;lab1.c: 138:     carrera = 0;
   734  0767  01F2               	clrf	_carrera
   735                           
   736                           ;lab1.c: 139:     antirebote1 = 0;
   737  0768  01F1               	clrf	_antirebote1
   738  0769                     l74:
   739  0769  0008               	return
   740  076A                     __end_of_Setup:
   741  007E                     btemp	set	126	;btemp
   742  007E                     wtemp0	set	126
   743                           
   744                           	psect	config
   745                           
   746                           ;Config register CONFIG1 @ 0x2007
   747                           ;	Oscillator Selection bits
   748                           ;	FOSC = EXTRC_CLKOUT, RC oscillator: CLKOUT function on RA6/OSC2/CLKOUT pin, RC on RA7/
      +                          OSC1/CLKIN
   749                           ;	Watchdog Timer Enable bit
   750                           ;	WDTE = OFF, WDT disabled and can be enabled by SWDTEN bit of the WDTCON register
   751                           ;	Power-up Timer Enable bit
   752                           ;	PWRTE = OFF, PWRT disabled
   753                           ;	RE3/MCLR pin function select bit
   754                           ;	MCLRE = OFF, RE3/MCLR pin function is digital input, MCLR internally tied to VDD
   755                           ;	Code Protection bit
   756                           ;	CP = OFF, Program memory code protection is disabled
   757                           ;	Data Code Protection bit
   758                           ;	CPD = OFF, Data memory code protection is disabled
   759                           ;	Brown Out Reset Selection bits
   760                           ;	BOREN = OFF, BOR disabled
   761                           ;	Internal External Switchover bit
   762                           ;	IESO = OFF, Internal/External Switchover mode is disabled
   763                           ;	Fail-Safe Clock Monitor Enabled bit
   764                           ;	FCMEN = OFF, Fail-Safe Clock Monitor is disabled
   765                           ;	Low Voltage Programming Enable bit
   766                           ;	LVP = OFF, RB3 pin has digital I/O, HV on MCLR must be used for programming
   767                           ;	In-Circuit Debugger Mode bit
   768                           ;	DEBUG = 0x1, unprogrammed default
   769  2007                     	org	8199
   770  2007  20D7               	dw	8407
   771                           
   772                           ;Config register CONFIG2 @ 0x2008
   773                           ;	Brown-out Reset Selection bit
   774                           ;	BOR4V = BOR40V, Brown-out Reset set to 4.0V
   775                           ;	Flash Program Memory Self Write Enable bits
   776                           ;	WRT = OFF, Write protection off
   777  2008                     	org	8200
   778  2008  3FFF               	dw	16383

Data Sizes:
    Strings     0
    Constant    0
    Data        0
    BSS         3
    Persistent  0
    Stack       0

Auto Spaces:
    Space          Size  Autos    Used
    COMMON           14      3       6
    BANK0            80      0       0
    BANK1            80      0       0
    BANK3            96      0       0
    BANK2            96      0       0

Pointer List with Targets:

    None.

Critical Paths under _main in COMMON

    _main->_semaforo

Critical Paths under _main in BANK0

    None.

Critical Paths under _main in BANK1

    None.

Critical Paths under _main in BANK3

    None.

Critical Paths under _main in BANK2

    None.

Call Graph Tables:

 ---------------------------------------------------------------------------------
 (Depth) Function   	        Calls       Base Space   Used Autos Params    Refs
 ---------------------------------------------------------------------------------
 (0) _main                                                 1     1      0       0
                                              2 COMMON     1     1      0
                              _Setup
                           _semaforo
 ---------------------------------------------------------------------------------
 (1) _semaforo                                             2     2      0       0
                                              0 COMMON     2     2      0
 ---------------------------------------------------------------------------------
 (1) _Setup                                                0     0      0       0
 ---------------------------------------------------------------------------------
 Estimated maximum stack depth 1
 ---------------------------------------------------------------------------------

 Call Graph Graphs:

 _main (ROOT)
   _Setup
   _semaforo

 Address spaces:
Name               Size   Autos  Total    Cost      Usage
BITCOMMON            E      0       0       0        0.0%
EEDATA             100      0       0       0        0.0%
NULL                 0      0       0       0        0.0%
CODE                 0      0       0       0        0.0%
COMMON               E      3       6       1       42.9%
BITSFR0              0      0       0       1        0.0%
SFR0                 0      0       0       1        0.0%
BITSFR1              0      0       0       2        0.0%
SFR1                 0      0       0       2        0.0%
STACK                0      0       0       2        0.0%
ABS                  0      0       6       3        0.0%
BITBANK0            50      0       0       4        0.0%
BITSFR3              0      0       0       4        0.0%
SFR3                 0      0       0       4        0.0%
BANK0               50      0       0       5        0.0%
BITSFR2              0      0       0       5        0.0%
SFR2                 0      0       0       5        0.0%
BITBANK1            50      0       0       6        0.0%
BANK1               50      0       0       7        0.0%
BITBANK3            60      0       0       8        0.0%
BANK3               60      0       0       9        0.0%
BITBANK2            60      0       0      10        0.0%
BANK2               60      0       0      11        0.0%
DATA                 0      0       6      12        0.0%


Microchip Technology PIC Macro Assembler V2.31 build 20201012212115 
Symbol Table                                                                                   Thu Jan 21 19:31:55 2021

                     l50 07B1                       l53 07D6                       l71 078F  
                     l57 07F5                       l74 0769                       u10 076F  
                     u11 076E                       u20 079B                       u21 079A  
                     u30 07A9                       u31 07A8                       u40 07AF  
                     u41 07AE                       u50 07B5                       u51 07B4  
                     u60 07BC                       u61 07BB                       u70 07C0  
                     u71 07BF                       u80 07C5                       u81 07C4  
                     u90 07CE                       u91 07CD                      l700 079D  
                    l710 07B5                      l702 079F                      l720 07C5  
                    l712 07B7                      l704 07A4                      l730 07DB  
                    l722 07CE                      l714 07BC                      l706 07A9  
                    l740 07F1                      l732 07DF                      l724 07D2  
                    l716 07C0                      l708 07AF                      l670 0759  
                    l742 07F2                      l734 07E0                      l726 07D3  
                    l718 07C1                      l672 075A                      l680 0773  
                    l736 07E4                      l728 07D6                      l666 074E  
                    l690 078C                      l682 077C                      l674 076A  
                    l738 07ED                      l668 0758                      l692 078D  
                    l684 077F                      l676 076F                      l686 0780  
                    l678 0772                      l694 0790                      l688 0789  
                    l696 0795                      l698 079B                      u100 07DB  
                    u101 07DA                      u110 07DF                      u111 07DE  
                    u120 07E4                      u121 07E3                      u130 07ED  
                    u131 07EC                      u147 0777                      u157 0784  
                   _main 0790                     btemp 007E                     start 0000  
                  ?_main 0073                    _ANSEL 0188                    _PORTB 0006  
                  _PORTC 0007                    _PORTD 0008                    _PORTE 0009  
                  _TRISB 0086                    _TRISC 0087                    _TRISD 0088  
                  _TRISE 0089                    _Setup 074E                    status 0003  
                  wtemp0 007E          __initialization 07F9             __end_of_main 07F9  
                 ??_main 0075                   ?_Setup 0073                   _ANSELH 0189  
       __end_of_semaforo 0790  __end_of__initialization 07FC           __pcstackCOMMON 0073  
          __end_of_Setup 076A                  ??_Setup 0073               __pmaintext 0790  
              ?_semaforo 0073                  _carrera 0072                  __ptext1 076A  
                __ptext2 074E     end_of_initialization 07FC               ??_semaforo 0073  
              _PORTBbits 0006                _PORTCbits 0007                _PORTDbits 0008  
              _PORTEbits 0009                _TRISBbits 0086      start_initialization 07F9  
            __pbssCOMMON 0070                ___latbits 0002        __size_of_semaforo 0026  
         __size_of_Setup 001C              _antirebote1 0071              _antirebote2 0070  
          __size_of_main 0069                 _semaforo 076A  
