

Microchip MPLAB XC8 Assembler V2.31 build 20201012212115 
                                                                                               Thu Feb 11 18:17:53 2021

Microchip MPLAB XC8 C Compiler v2.31 (Free license) build 20201012212115 Og1 
     1                           	processor	16F887
     2                           	pagewidth 120
     3                           	opt	flic
     4                           	psect	cinit,global,class=CODE,merge=1,delta=2
     5                           	psect	bssCOMMON,global,class=COMMON,space=1,delta=1,noexec
     6                           	psect	cstackCOMMON,global,class=COMMON,space=1,delta=1,noexec
     7                           	psect	maintext,global,class=CODE,split=1,delta=2
     8                           	psect	text1,local,class=CODE,merge=1,delta=2
     9                           	psect	text2,local,class=CODE,merge=1,delta=2
    10                           	psect	text3,local,class=CODE,merge=1,delta=2
    11                           	psect	text4,local,class=CODE,merge=1,delta=2
    12                           	psect	intentry,global,class=CODE,delta=2
    13                           	psect	text5,local,class=CODE,merge=1,delta=2
    14                           	psect	text6,local,class=CODE,merge=1,delta=2
    15                           	psect	text7,local,class=CODE,merge=1,delta=2
    16                           	psect	config,global,abs,ovrld,class=CONFIG,space=4,delta=2,noexec
    17                           	dabs	1,0x7E,2
    18  0000                     
    19                           ; Version 2.20
    20                           ; Generated 12/02/2020 GMT
    21                           ; 
    22                           ; Copyright © 2020, Microchip Technology Inc. and its subsidiaries ("Microchip")
    23                           ; All rights reserved.
    24                           ; 
    25                           ; This software is developed by Microchip Technology Inc. and its subsidiaries ("Microch
      +                          ip").
    26                           ; 
    27                           ; Redistribution and use in source and binary forms, with or without modification, are
    28                           ; permitted provided that the following conditions are met:
    29                           ; 
    30                           ;     1. Redistributions of source code must retain the above copyright notice, this lis
      +                          t of
    31                           ;        conditions and the following disclaimer.
    32                           ; 
    33                           ;     2. Redistributions in binary form must reproduce the above copyright notice, this 
      +                          list
    34                           ;        of conditions and the following disclaimer in the documentation and/or other
    35                           ;        materials provided with the distribution.
    36                           ; 
    37                           ;     3. Microchip's name may not be used to endorse or promote products derived from th
      +                          is
    38                           ;        software without specific prior written permission.
    39                           ; 
    40                           ; THIS SOFTWARE IS PROVIDED BY MICROCHIP "AS IS" AND ANY EXPRESS OR IMPLIED WARRANTIES,
    41                           ; INCLUDING, BUT NOT LIMITED TO, THE IMPLIED WARRANTIES OF MERCHANTABILITY AND FITNESS F
      +                          OR
    42                           ; PURPOSE ARE DISCLAIMED.  IN NO EVENT SHALL MICROCHIP BE LIABLE FOR ANY DIRECT, INDIREC
      +                          T,
    43                           ; INCIDENTAL, SPECIAL, EXEMPLARY, OR CONSEQUENTIAL DAMAGES (INCLUDING BUT NOT LIMITED TO
    44                           ; PROCUREMENT OF SUBSTITUTE GOODS OR SERVICES; LOSS OF USE, DATA OR PROFITS; OR BUSINESS
    45                           ; INTERRUPTION) HOWSOEVER CAUSED AND ON ANY THEORY OF LIABILITY, WHETHER IN CONTRACT, ST
      +                          RICT
    46                           ; LIABILITY, OR TORT (INCLUDING NEGLIGENCE OR OTHERWISE) ARISING IN ANY WAY OUT OF THE U
      +                          SE OF
    47                           ; THIS SOFTWARE, EVEN IF ADVISED OF THE POSSIBILITY OF SUCH DAMAGE.
    48                           ; 
    49                           ; 
    50                           ; Code-generator required, PIC16F887 Definitions
    51                           ; 
    52                           ; SFR Addresses
    53  0000                     	;# 
    54  0001                     	;# 
    55  0002                     	;# 
    56  0003                     	;# 
    57  0004                     	;# 
    58  0005                     	;# 
    59  0006                     	;# 
    60  0007                     	;# 
    61  0008                     	;# 
    62  0009                     	;# 
    63  000A                     	;# 
    64  000B                     	;# 
    65  000C                     	;# 
    66  000D                     	;# 
    67  000E                     	;# 
    68  000E                     	;# 
    69  000F                     	;# 
    70  0010                     	;# 
    71  0011                     	;# 
    72  0012                     	;# 
    73  0013                     	;# 
    74  0014                     	;# 
    75  0015                     	;# 
    76  0015                     	;# 
    77  0016                     	;# 
    78  0017                     	;# 
    79  0018                     	;# 
    80  0019                     	;# 
    81  001A                     	;# 
    82  001B                     	;# 
    83  001B                     	;# 
    84  001C                     	;# 
    85  001D                     	;# 
    86  001E                     	;# 
    87  001F                     	;# 
    88  0081                     	;# 
    89  0085                     	;# 
    90  0086                     	;# 
    91  0087                     	;# 
    92  0088                     	;# 
    93  0089                     	;# 
    94  008C                     	;# 
    95  008D                     	;# 
    96  008E                     	;# 
    97  008F                     	;# 
    98  0090                     	;# 
    99  0091                     	;# 
   100  0092                     	;# 
   101  0093                     	;# 
   102  0093                     	;# 
   103  0093                     	;# 
   104  0094                     	;# 
   105  0095                     	;# 
   106  0096                     	;# 
   107  0097                     	;# 
   108  0098                     	;# 
   109  0099                     	;# 
   110  009A                     	;# 
   111  009B                     	;# 
   112  009C                     	;# 
   113  009D                     	;# 
   114  009E                     	;# 
   115  009F                     	;# 
   116  0105                     	;# 
   117  0107                     	;# 
   118  0108                     	;# 
   119  0109                     	;# 
   120  010C                     	;# 
   121  010C                     	;# 
   122  010D                     	;# 
   123  010E                     	;# 
   124  010F                     	;# 
   125  0185                     	;# 
   126  0187                     	;# 
   127  0188                     	;# 
   128  0189                     	;# 
   129  018C                     	;# 
   130  018D                     	;# 
   131  0000                     	;# 
   132  0001                     	;# 
   133  0002                     	;# 
   134  0003                     	;# 
   135  0004                     	;# 
   136  0005                     	;# 
   137  0006                     	;# 
   138  0007                     	;# 
   139  0008                     	;# 
   140  0009                     	;# 
   141  000A                     	;# 
   142  000B                     	;# 
   143  000C                     	;# 
   144  000D                     	;# 
   145  000E                     	;# 
   146  000E                     	;# 
   147  000F                     	;# 
   148  0010                     	;# 
   149  0011                     	;# 
   150  0012                     	;# 
   151  0013                     	;# 
   152  0014                     	;# 
   153  0015                     	;# 
   154  0015                     	;# 
   155  0016                     	;# 
   156  0017                     	;# 
   157  0018                     	;# 
   158  0019                     	;# 
   159  001A                     	;# 
   160  001B                     	;# 
   161  001B                     	;# 
   162  001C                     	;# 
   163  001D                     	;# 
   164  001E                     	;# 
   165  001F                     	;# 
   166  0081                     	;# 
   167  0085                     	;# 
   168  0086                     	;# 
   169  0087                     	;# 
   170  0088                     	;# 
   171  0089                     	;# 
   172  008C                     	;# 
   173  008D                     	;# 
   174  008E                     	;# 
   175  008F                     	;# 
   176  0090                     	;# 
   177  0091                     	;# 
   178  0092                     	;# 
   179  0093                     	;# 
   180  0093                     	;# 
   181  0093                     	;# 
   182  0094                     	;# 
   183  0095                     	;# 
   184  0096                     	;# 
   185  0097                     	;# 
   186  0098                     	;# 
   187  0099                     	;# 
   188  009A                     	;# 
   189  009B                     	;# 
   190  009C                     	;# 
   191  009D                     	;# 
   192  009E                     	;# 
   193  009F                     	;# 
   194  0105                     	;# 
   195  0107                     	;# 
   196  0108                     	;# 
   197  0109                     	;# 
   198  010C                     	;# 
   199  010C                     	;# 
   200  010D                     	;# 
   201  010E                     	;# 
   202  010F                     	;# 
   203  0185                     	;# 
   204  0187                     	;# 
   205  0188                     	;# 
   206  0189                     	;# 
   207  018C                     	;# 
   208  018D                     	;# 
   209  0000                     	;# 
   210  0001                     	;# 
   211  0002                     	;# 
   212  0003                     	;# 
   213  0004                     	;# 
   214  0005                     	;# 
   215  0006                     	;# 
   216  0007                     	;# 
   217  0008                     	;# 
   218  0009                     	;# 
   219  000A                     	;# 
   220  000B                     	;# 
   221  000C                     	;# 
   222  000D                     	;# 
   223  000E                     	;# 
   224  000E                     	;# 
   225  000F                     	;# 
   226  0010                     	;# 
   227  0011                     	;# 
   228  0012                     	;# 
   229  0013                     	;# 
   230  0014                     	;# 
   231  0015                     	;# 
   232  0015                     	;# 
   233  0016                     	;# 
   234  0017                     	;# 
   235  0018                     	;# 
   236  0019                     	;# 
   237  001A                     	;# 
   238  001B                     	;# 
   239  001B                     	;# 
   240  001C                     	;# 
   241  001D                     	;# 
   242  001E                     	;# 
   243  001F                     	;# 
   244  0081                     	;# 
   245  0085                     	;# 
   246  0086                     	;# 
   247  0087                     	;# 
   248  0088                     	;# 
   249  0089                     	;# 
   250  008C                     	;# 
   251  008D                     	;# 
   252  008E                     	;# 
   253  008F                     	;# 
   254  0090                     	;# 
   255  0091                     	;# 
   256  0092                     	;# 
   257  0093                     	;# 
   258  0093                     	;# 
   259  0093                     	;# 
   260  0094                     	;# 
   261  0095                     	;# 
   262  0096                     	;# 
   263  0097                     	;# 
   264  0098                     	;# 
   265  0099                     	;# 
   266  009A                     	;# 
   267  009B                     	;# 
   268  009C                     	;# 
   269  009D                     	;# 
   270  009E                     	;# 
   271  009F                     	;# 
   272  0105                     	;# 
   273  0107                     	;# 
   274  0108                     	;# 
   275  0109                     	;# 
   276  010C                     	;# 
   277  010C                     	;# 
   278  010D                     	;# 
   279  010E                     	;# 
   280  010F                     	;# 
   281  0185                     	;# 
   282  0187                     	;# 
   283  0188                     	;# 
   284  0189                     	;# 
   285  018C                     	;# 
   286  018D                     	;# 
   287  0000                     	;# 
   288  0001                     	;# 
   289  0002                     	;# 
   290  0003                     	;# 
   291  0004                     	;# 
   292  0005                     	;# 
   293  0006                     	;# 
   294  0007                     	;# 
   295  0008                     	;# 
   296  0009                     	;# 
   297  000A                     	;# 
   298  000B                     	;# 
   299  000C                     	;# 
   300  000D                     	;# 
   301  000E                     	;# 
   302  000E                     	;# 
   303  000F                     	;# 
   304  0010                     	;# 
   305  0011                     	;# 
   306  0012                     	;# 
   307  0013                     	;# 
   308  0014                     	;# 
   309  0015                     	;# 
   310  0015                     	;# 
   311  0016                     	;# 
   312  0017                     	;# 
   313  0018                     	;# 
   314  0019                     	;# 
   315  001A                     	;# 
   316  001B                     	;# 
   317  001B                     	;# 
   318  001C                     	;# 
   319  001D                     	;# 
   320  001E                     	;# 
   321  001F                     	;# 
   322  0081                     	;# 
   323  0085                     	;# 
   324  0086                     	;# 
   325  0087                     	;# 
   326  0088                     	;# 
   327  0089                     	;# 
   328  008C                     	;# 
   329  008D                     	;# 
   330  008E                     	;# 
   331  008F                     	;# 
   332  0090                     	;# 
   333  0091                     	;# 
   334  0092                     	;# 
   335  0093                     	;# 
   336  0093                     	;# 
   337  0093                     	;# 
   338  0094                     	;# 
   339  0095                     	;# 
   340  0096                     	;# 
   341  0097                     	;# 
   342  0098                     	;# 
   343  0099                     	;# 
   344  009A                     	;# 
   345  009B                     	;# 
   346  009C                     	;# 
   347  009D                     	;# 
   348  009E                     	;# 
   349  009F                     	;# 
   350  0105                     	;# 
   351  0107                     	;# 
   352  0108                     	;# 
   353  0109                     	;# 
   354  010C                     	;# 
   355  010C                     	;# 
   356  010D                     	;# 
   357  010E                     	;# 
   358  010F                     	;# 
   359  0185                     	;# 
   360  0187                     	;# 
   361  0188                     	;# 
   362  0189                     	;# 
   363  018C                     	;# 
   364  018D                     	;# 
   365  001F                     _ADCON0	set	31
   366  0013                     _SSPBUF	set	19
   367  0014                     _SSPCON	set	20
   368  000C                     _PIR1bits	set	12
   369  000B                     _INTCONbits	set	11
   370  001F                     _ADCON0bits	set	31
   371  001E                     _ADRESH	set	30
   372  0008                     _PORTD	set	8
   373  0066                     _ADIF	set	102
   374  0063                     _SSPIF	set	99
   375  0089                     _TRISEbits	set	137
   376  009F                     _ADCON1	set	159
   377  0094                     _SSPSTATbits	set	148
   378  0094                     _SSPSTAT	set	148
   379  0085                     _TRISAbits	set	133
   380  008C                     _PIE1bits	set	140
   381  0088                     _TRISD	set	136
   382  0087                     _TRISC	set	135
   383  0086                     _TRISB	set	134
   384  0085                     _TRISA	set	133
   385  043B                     _TRISC3	set	1083
   386  043D                     _TRISC5	set	1085
   387  0188                     _ANSELbits	set	392
   388  0189                     _ANSELH	set	393
   389  0188                     _ANSEL	set	392
   390                           
   391                           	psect	cinit
   392  000F                     start_initialization:	
   393                           ; #config settings
   394                           
   395  000F                     __initialization:
   396                           
   397                           ; Clear objects allocated to COMMON
   398  000F  01F9               	clrf	__pbssCOMMON& (0+127)
   399  0010                     end_of_initialization:	
   400                           ;End of C runtime variable initialization code
   401                           
   402  0010                     __end_of__initialization:
   403  0010  0183               	clrf	3
   404  0011  120A  118A  28D6   	ljmp	_main	;jump to C main() function
   405                           
   406                           	psect	bssCOMMON
   407  0079                     __pbssCOMMON:
   408  0079                     _ADC:
   409  0079                     	ds	1
   410                           
   411                           	psect	cstackCOMMON
   412  0070                     __pcstackCOMMON:
   413  0070                     ?_spiRead:
   414  0070                     ??_spiRead:	
   415                           ; 1 bytes @ 0x0
   416                           
   417  0070                     ?_spiWrite:	
   418                           ; 1 bytes @ 0x0
   419                           
   420  0070                     ??_spiWrite:	
   421                           ; 1 bytes @ 0x0
   422                           
   423  0070                     ?_Setup:	
   424                           ; 1 bytes @ 0x0
   425                           
   426  0070                     ?_initADC:	
   427                           ; 1 bytes @ 0x0
   428                           
   429  0070                     ?_isr:	
   430                           ; 1 bytes @ 0x0
   431                           
   432  0070                     ?_main:	
   433                           ; 1 bytes @ 0x0
   434                           
   435  0070                     ?_spiReceive:	
   436                           ; 1 bytes @ 0x0
   437                           
   438  0070                     ??_spiReceive:	
   439                           ; 1 bytes @ 0x0
   440                           
   441  0070                     spiWrite@variable:	
   442                           ; 1 bytes @ 0x0
   443                           
   444                           
   445                           ; 1 bytes @ 0x0
   446  0070                     	ds	1
   447  0071                     ??_isr:
   448                           
   449                           ; 1 bytes @ 0x1
   450  0071                     	ds	3
   451  0074                     ??_initADC:
   452  0074                     ?_initSPI:	
   453                           ; 1 bytes @ 0x4
   454                           
   455  0074                     initSPI@Data_sample:	
   456                           ; 1 bytes @ 0x4
   457                           
   458                           
   459                           ; 1 bytes @ 0x4
   460  0074                     	ds	1
   461  0075                     initSPI@clock_idle:
   462                           
   463                           ; 1 bytes @ 0x5
   464  0075                     	ds	1
   465  0076                     initSPI@edge:
   466  0076                     initADC@IRCF:	
   467                           ; 1 bytes @ 0x6
   468                           
   469                           
   470                           ; 1 bytes @ 0x6
   471  0076                     	ds	1
   472  0077                     ??_initSPI:
   473  0077                     initSPI@Type:	
   474                           ; 1 bytes @ 0x7
   475                           
   476                           
   477                           ; 1 bytes @ 0x7
   478  0077                     	ds	1
   479  0078                     ??_Setup:
   480                           
   481                           ; 1 bytes @ 0x8
   482  0078                     	ds	1
   483  0079                     ??_main:
   484                           
   485                           	psect	maintext
   486  00D6                     __pmaintext:	
   487                           ; 1 bytes @ 0x9
   488 ;;
   489 ;;Main: autosize = 0, tempsize = 0, incstack = 0, save=0
   490 ;;
   491 ;; *************** function _main *****************
   492 ;; Defined at:
   493 ;;		line 66 in file "C:/Users/danie/OneDrive/Desktop/DIGITAL2/proyecto/slave1.X/slave1.c"
   494 ;; Parameters:    Size  Location     Type
   495 ;;		None
   496 ;; Auto vars:     Size  Location     Type
   497 ;;		None
   498 ;; Return value:  Size  Location     Type
   499 ;;                  1    wreg      void 
   500 ;; Registers used:
   501 ;;		wreg, fsr0l, fsr0h, status,2, status,0, pclath, cstack
   502 ;; Tracked objects:
   503 ;;		On entry : B00/0
   504 ;;		On exit  : 0/0
   505 ;;		Unchanged: 0/0
   506 ;; Data sizes:     COMMON   BANK0   BANK1   BANK3   BANK2
   507 ;;      Params:         0       0       0       0       0
   508 ;;      Locals:         0       0       0       0       0
   509 ;;      Temps:          0       0       0       0       0
   510 ;;      Totals:         0       0       0       0       0
   511 ;;Total ram usage:        0 bytes
   512 ;; Hardware stack levels required when called:    5
   513 ;; This function calls:
   514 ;;		_Setup
   515 ;; This function is called by:
   516 ;;		Startup code after reset
   517 ;; This function uses a non-reentrant model
   518 ;;
   519                           
   520                           
   521                           ;psect for function _main
   522  00D6                     _main:
   523  00D6                     l823:	
   524                           ;incstack = 0
   525                           ; Regs used in _main: [wreg-fsr0h+status,2+status,0+pclath+cstack]
   526                           
   527  00D6  120A  118A  2096  120A  118A  	fcall	_Setup
   528  00DB                     l54:
   529  00DB                     l55:
   530  00DB  28DB               	goto	l54
   531  00DC  120A  118A  280C   	ljmp	start
   532  00DF                     __end_of_main:
   533                           
   534                           	psect	text1
   535  0096                     __ptext1:	
   536 ;; *************** function _Setup *****************
   537 ;; Defined at:
   538 ;;		line 74 in file "C:/Users/danie/OneDrive/Desktop/DIGITAL2/proyecto/slave1.X/slave1.c"
   539 ;; Parameters:    Size  Location     Type
   540 ;;		None
   541 ;; Auto vars:     Size  Location     Type
   542 ;;		None
   543 ;; Return value:  Size  Location     Type
   544 ;;                  1    wreg      void 
   545 ;; Registers used:
   546 ;;		wreg, fsr0l, fsr0h, status,2, status,0, pclath, cstack
   547 ;; Tracked objects:
   548 ;;		On entry : 0/0
   549 ;;		On exit  : 0/0
   550 ;;		Unchanged: 0/0
   551 ;; Data sizes:     COMMON   BANK0   BANK1   BANK3   BANK2
   552 ;;      Params:         0       0       0       0       0
   553 ;;      Locals:         0       0       0       0       0
   554 ;;      Temps:          1       0       0       0       0
   555 ;;      Totals:         1       0       0       0       0
   556 ;;Total ram usage:        1 bytes
   557 ;; Hardware stack levels used:    1
   558 ;; Hardware stack levels required when called:    4
   559 ;; This function calls:
   560 ;;		_initADC
   561 ;;		_initSPI
   562 ;; This function is called by:
   563 ;;		_main
   564 ;; This function uses a non-reentrant model
   565 ;;
   566                           
   567                           
   568                           ;psect for function _Setup
   569  0096                     _Setup:
   570  0096                     l807:	
   571                           ;incstack = 0
   572                           ; Regs used in _Setup: [wreg-fsr0h+status,2+status,0+pclath+cstack]
   573                           
   574  0096  1683               	bsf	3,5	;RP0=1, select bank3
   575  0097  1703               	bsf	3,6	;RP1=1, select bank3
   576  0098  0188               	clrf	8	;volatile
   577  0099  0189               	clrf	9	;volatile
   578  009A  1683               	bsf	3,5	;RP0=1, select bank1
   579  009B  1303               	bcf	3,6	;RP1=0, select bank1
   580  009C  0185               	clrf	5	;volatile
   581  009D  0186               	clrf	6	;volatile
   582  009E  0187               	clrf	7	;volatile
   583  009F  0188               	clrf	8	;volatile
   584  00A0  01F9               	clrf	_ADC
   585  00A1                     l809:
   586  00A1  178B               	bsf	11,7	;volatile
   587  00A2                     l811:
   588  00A2  170B               	bsf	11,6	;volatile
   589  00A3                     l813:
   590  00A3  1283               	bcf	3,5	;RP0=0, select bank0
   591  00A4  1303               	bcf	3,6	;RP1=0, select bank0
   592  00A5  118C               	bcf	12,3	;volatile
   593  00A6                     l815:
   594  00A6  1683               	bsf	3,5	;RP0=1, select bank1
   595  00A7  1303               	bcf	3,6	;RP1=0, select bank1
   596  00A8  158C               	bsf	12,3	;volatile
   597  00A9                     l817:
   598  00A9  1685               	bsf	5,5	;volatile
   599  00AA                     l819:
   600  00AA  3000               	movlw	0
   601  00AB  120A  118A  2014  120A  118A  	fcall	_initADC
   602  00B0                     l821:
   603  00B0  01F4               	clrf	initSPI@Data_sample
   604  00B1  3020               	movlw	32
   605  00B2  00F8               	movwf	??_Setup
   606  00B3  0878               	movf	??_Setup,w
   607  00B4  00F5               	movwf	initSPI@clock_idle
   608  00B5  01F6               	clrf	initSPI@edge
   609  00B6  3024               	movlw	36
   610  00B7  120A  118A  20BD  120A  118A  	fcall	_initSPI
   611  00BC                     l60:
   612  00BC  0008               	return
   613  00BD                     __end_of_Setup:
   614                           
   615                           	psect	text2
   616  00BD                     __ptext2:	
   617 ;; *************** function _initSPI *****************
   618 ;; Defined at:
   619 ;;		line 13 in file "C:/Users/danie/OneDrive/Desktop/DIGITAL2/proyecto/slave1.X/SPI.c"
   620 ;; Parameters:    Size  Location     Type
   621 ;;  Type            1    wreg     enum E1264
   622 ;;  Data_sample     1    4[COMMON] enum E1276
   623 ;;  clock_idle      1    5[COMMON] enum E1272
   624 ;;  edge            1    6[COMMON] enum E1280
   625 ;; Auto vars:     Size  Location     Type
   626 ;;  Type            1    7[COMMON] enum E1264
   627 ;; Return value:  Size  Location     Type
   628 ;;                  1    wreg      void 
   629 ;; Registers used:
   630 ;;		wreg, status,2, status,0
   631 ;; Tracked objects:
   632 ;;		On entry : 0/0
   633 ;;		On exit  : 0/0
   634 ;;		Unchanged: 0/0
   635 ;; Data sizes:     COMMON   BANK0   BANK1   BANK3   BANK2
   636 ;;      Params:         3       0       0       0       0
   637 ;;      Locals:         1       0       0       0       0
   638 ;;      Temps:          0       0       0       0       0
   639 ;;      Totals:         4       0       0       0       0
   640 ;;Total ram usage:        4 bytes
   641 ;; Hardware stack levels used:    1
   642 ;; Hardware stack levels required when called:    3
   643 ;; This function calls:
   644 ;;		Nothing
   645 ;; This function is called by:
   646 ;;		_Setup
   647 ;; This function uses a non-reentrant model
   648 ;;
   649                           
   650                           
   651                           ;psect for function _initSPI
   652  00BD                     _initSPI:
   653                           
   654                           ;incstack = 0
   655                           ; Regs used in _initSPI: [wreg+status,2+status,0]
   656                           ;initSPI@Type stored from wreg
   657  00BD  00F7               	movwf	initSPI@Type
   658  00BE                     l795:
   659                           
   660                           ;C:/Users/danie/OneDrive/Desktop/DIGITAL2/proyecto/slave1.X/SPI.c: 14:     TRISC5 = 0;
   661  00BE  1683               	bsf	3,5	;RP0=1, select bank1
   662  00BF  1303               	bcf	3,6	;RP1=0, select bank1
   663  00C0  1287               	bcf	7,5	;volatile
   664  00C1                     l797:
   665                           
   666                           ;C:/Users/danie/OneDrive/Desktop/DIGITAL2/proyecto/slave1.X/SPI.c: 16:     SSPCON = Type
      +                           | clock_idle;
   667  00C1  0877               	movf	initSPI@Type,w
   668  00C2  0475               	iorwf	initSPI@clock_idle,w
   669  00C3  1283               	bcf	3,5	;RP0=0, select bank0
   670  00C4  1303               	bcf	3,6	;RP1=0, select bank0
   671  00C5  0094               	movwf	20	;volatile
   672  00C6                     l799:
   673                           
   674                           ;C:/Users/danie/OneDrive/Desktop/DIGITAL2/proyecto/slave1.X/SPI.c: 18:     if(Type & 0b0
      +                          0000100){
   675  00C6  1D77               	btfss	initSPI@Type,2
   676  00C7  28C9               	goto	u51
   677  00C8  28CA               	goto	u50
   678  00C9                     u51:
   679  00C9  28CF               	goto	l803
   680  00CA                     u50:
   681  00CA                     l801:
   682                           
   683                           ;C:/Users/danie/OneDrive/Desktop/DIGITAL2/proyecto/slave1.X/SPI.c: 19:         SSPSTAT =
      +                           edge;
   684  00CA  0876               	movf	initSPI@edge,w
   685  00CB  1683               	bsf	3,5	;RP0=1, select bank1
   686  00CC  1303               	bcf	3,6	;RP1=0, select bank1
   687  00CD  0094               	movwf	20	;volatile
   688                           
   689                           ;C:/Users/danie/OneDrive/Desktop/DIGITAL2/proyecto/slave1.X/SPI.c: 21:     } else{
   690  00CE  28D4               	goto	l805
   691  00CF                     l803:
   692                           
   693                           ;C:/Users/danie/OneDrive/Desktop/DIGITAL2/proyecto/slave1.X/SPI.c: 22:         SSPSTAT =
      +                           Data_sample | edge;
   694  00CF  0874               	movf	initSPI@Data_sample,w
   695  00D0  0476               	iorwf	initSPI@edge,w
   696  00D1  1683               	bsf	3,5	;RP0=1, select bank1
   697  00D2  1303               	bcf	3,6	;RP1=0, select bank1
   698  00D3  0094               	movwf	20	;volatile
   699  00D4                     l805:
   700                           
   701                           ;C:/Users/danie/OneDrive/Desktop/DIGITAL2/proyecto/slave1.X/SPI.c: 24:     TRISC3 = 1;
   702  00D4  1587               	bsf	7,3	;volatile
   703  00D5                     l77:
   704  00D5  0008               	return
   705  00D6                     __end_of_initSPI:
   706                           
   707                           	psect	text3
   708  0014                     __ptext3:	
   709 ;; *************** function _initADC *****************
   710 ;; Defined at:
   711 ;;		line 4 in file "C:/Users/danie/OneDrive/Desktop/DIGITAL2/proyecto/slave1.X/ADC.c"
   712 ;; Parameters:    Size  Location     Type
   713 ;;  IRCF            1    wreg     unsigned char 
   714 ;; Auto vars:     Size  Location     Type
   715 ;;  IRCF            1    6[COMMON] unsigned char 
   716 ;; Return value:  Size  Location     Type
   717 ;;                  1    wreg      void 
   718 ;; Registers used:
   719 ;;		wreg, fsr0l, fsr0h, status,2, status,0
   720 ;; Tracked objects:
   721 ;;		On entry : 0/0
   722 ;;		On exit  : 0/0
   723 ;;		Unchanged: 0/0
   724 ;; Data sizes:     COMMON   BANK0   BANK1   BANK3   BANK2
   725 ;;      Params:         0       0       0       0       0
   726 ;;      Locals:         1       0       0       0       0
   727 ;;      Temps:          2       0       0       0       0
   728 ;;      Totals:         3       0       0       0       0
   729 ;;Total ram usage:        3 bytes
   730 ;; Hardware stack levels used:    1
   731 ;; Hardware stack levels required when called:    3
   732 ;; This function calls:
   733 ;;		Nothing
   734 ;; This function is called by:
   735 ;;		_Setup
   736 ;; This function uses a non-reentrant model
   737 ;;
   738                           
   739                           
   740                           ;psect for function _initADC
   741  0014                     _initADC:
   742                           
   743                           ;incstack = 0
   744                           ; Regs used in _initADC: [wreg-fsr0h+status,2+status,0]
   745                           ;initADC@IRCF stored from wreg
   746  0014  00F6               	movwf	initADC@IRCF
   747  0015                     l707:
   748                           
   749                           ;C:/Users/danie/OneDrive/Desktop/DIGITAL2/proyecto/slave1.X/ADC.c: 6:     ADCON0 = 0b100
      +                          00011;
   750  0015  3083               	movlw	131
   751  0016  1283               	bcf	3,5	;RP0=0, select bank0
   752  0017  1303               	bcf	3,6	;RP1=0, select bank0
   753  0018  009F               	movwf	31	;volatile
   754  0019                     l709:
   755                           
   756                           ;C:/Users/danie/OneDrive/Desktop/DIGITAL2/proyecto/slave1.X/ADC.c: 7:     ADCON1 = 0;
   757  0019  1683               	bsf	3,5	;RP0=1, select bank1
   758  001A  1303               	bcf	3,6	;RP1=0, select bank1
   759  001B  019F               	clrf	31	;volatile
   760  001C                     l711:
   761                           
   762                           ;C:/Users/danie/OneDrive/Desktop/DIGITAL2/proyecto/slave1.X/ADC.c: 8:     PIE1bits.ADIE 
      +                          = 1;
   763  001C  170C               	bsf	12,6	;volatile
   764                           
   765                           ;C:/Users/danie/OneDrive/Desktop/DIGITAL2/proyecto/slave1.X/ADC.c: 9:     switch(IRCF){
   766  001D  284B               	goto	l715
   767  001E                     l105:	
   768                           ;C:/Users/danie/OneDrive/Desktop/DIGITAL2/proyecto/slave1.X/ADC.c: 10:         case 0:
   769                           
   770                           
   771                           ;C:/Users/danie/OneDrive/Desktop/DIGITAL2/proyecto/slave1.X/ADC.c: 11:             TRISA
      +                          bits.TRISA0 = 1;
   772  001E  1405               	bsf	5,0	;volatile
   773                           
   774                           ;C:/Users/danie/OneDrive/Desktop/DIGITAL2/proyecto/slave1.X/ADC.c: 12:             ANSEL
      +                          bits.ANS0 = 1;
   775  001F  1683               	bsf	3,5	;RP0=1, select bank3
   776  0020  1703               	bsf	3,6	;RP1=1, select bank3
   777  0021  1408               	bsf	8,0	;volatile
   778                           
   779                           ;C:/Users/danie/OneDrive/Desktop/DIGITAL2/proyecto/slave1.X/ADC.c: 13:             break
      +                          ;
   780  0022  286D               	goto	l115
   781  0023                     l107:	
   782                           ;C:/Users/danie/OneDrive/Desktop/DIGITAL2/proyecto/slave1.X/ADC.c: 14:         case 1:
   783                           
   784                           
   785                           ;C:/Users/danie/OneDrive/Desktop/DIGITAL2/proyecto/slave1.X/ADC.c: 15:             TRISA
      +                          bits.TRISA1 = 1;
   786  0023  1485               	bsf	5,1	;volatile
   787                           
   788                           ;C:/Users/danie/OneDrive/Desktop/DIGITAL2/proyecto/slave1.X/ADC.c: 16:             ANSEL
      +                          bits.ANS1 = 1;
   789  0024  1683               	bsf	3,5	;RP0=1, select bank3
   790  0025  1703               	bsf	3,6	;RP1=1, select bank3
   791  0026  1488               	bsf	8,1	;volatile
   792                           
   793                           ;C:/Users/danie/OneDrive/Desktop/DIGITAL2/proyecto/slave1.X/ADC.c: 17:             break
      +                          ;
   794  0027  286D               	goto	l115
   795  0028                     l108:	
   796                           ;C:/Users/danie/OneDrive/Desktop/DIGITAL2/proyecto/slave1.X/ADC.c: 18:         case 2:
   797                           
   798                           
   799                           ;C:/Users/danie/OneDrive/Desktop/DIGITAL2/proyecto/slave1.X/ADC.c: 19:             TRISA
      +                          bits.TRISA2 = 1;
   800  0028  1505               	bsf	5,2	;volatile
   801                           
   802                           ;C:/Users/danie/OneDrive/Desktop/DIGITAL2/proyecto/slave1.X/ADC.c: 20:             ANSEL
      +                          bits.ANS2 = 1;
   803  0029  1683               	bsf	3,5	;RP0=1, select bank3
   804  002A  1703               	bsf	3,6	;RP1=1, select bank3
   805  002B  1508               	bsf	8,2	;volatile
   806                           
   807                           ;C:/Users/danie/OneDrive/Desktop/DIGITAL2/proyecto/slave1.X/ADC.c: 21:             break
      +                          ;
   808  002C  286D               	goto	l115
   809  002D                     l109:	
   810                           ;C:/Users/danie/OneDrive/Desktop/DIGITAL2/proyecto/slave1.X/ADC.c: 22:         case 3:
   811                           
   812                           
   813                           ;C:/Users/danie/OneDrive/Desktop/DIGITAL2/proyecto/slave1.X/ADC.c: 23:             TRISA
      +                          bits.TRISA3 = 1;
   814  002D  1585               	bsf	5,3	;volatile
   815                           
   816                           ;C:/Users/danie/OneDrive/Desktop/DIGITAL2/proyecto/slave1.X/ADC.c: 24:             ANSEL
      +                          bits.ANS3 = 1;
   817  002E  1683               	bsf	3,5	;RP0=1, select bank3
   818  002F  1703               	bsf	3,6	;RP1=1, select bank3
   819  0030  1588               	bsf	8,3	;volatile
   820                           
   821                           ;C:/Users/danie/OneDrive/Desktop/DIGITAL2/proyecto/slave1.X/ADC.c: 25:             break
      +                          ;
   822  0031  286D               	goto	l115
   823  0032                     l110:	
   824                           ;C:/Users/danie/OneDrive/Desktop/DIGITAL2/proyecto/slave1.X/ADC.c: 26:         case 4:
   825                           
   826                           
   827                           ;C:/Users/danie/OneDrive/Desktop/DIGITAL2/proyecto/slave1.X/ADC.c: 27:             TRISA
      +                          bits.TRISA5 = 1;
   828  0032  1685               	bsf	5,5	;volatile
   829                           
   830                           ;C:/Users/danie/OneDrive/Desktop/DIGITAL2/proyecto/slave1.X/ADC.c: 28:             ANSEL
      +                          bits.ANS4 = 1;
   831  0033  1683               	bsf	3,5	;RP0=1, select bank3
   832  0034  1703               	bsf	3,6	;RP1=1, select bank3
   833  0035  1608               	bsf	8,4	;volatile
   834                           
   835                           ;C:/Users/danie/OneDrive/Desktop/DIGITAL2/proyecto/slave1.X/ADC.c: 29:             break
      +                          ;
   836  0036  286D               	goto	l115
   837  0037                     l111:	
   838                           ;C:/Users/danie/OneDrive/Desktop/DIGITAL2/proyecto/slave1.X/ADC.c: 30:         case 5:
   839                           
   840                           
   841                           ;C:/Users/danie/OneDrive/Desktop/DIGITAL2/proyecto/slave1.X/ADC.c: 31:             TRISE
      +                          bits.TRISE0 = 1;
   842  0037  1409               	bsf	9,0	;volatile
   843                           
   844                           ;C:/Users/danie/OneDrive/Desktop/DIGITAL2/proyecto/slave1.X/ADC.c: 32:             ANSEL
      +                          bits.ANS5 = 1;
   845  0038  1683               	bsf	3,5	;RP0=1, select bank3
   846  0039  1703               	bsf	3,6	;RP1=1, select bank3
   847  003A  1688               	bsf	8,5	;volatile
   848                           
   849                           ;C:/Users/danie/OneDrive/Desktop/DIGITAL2/proyecto/slave1.X/ADC.c: 33:             break
      +                          ;
   850  003B  286D               	goto	l115
   851  003C                     l112:	
   852                           ;C:/Users/danie/OneDrive/Desktop/DIGITAL2/proyecto/slave1.X/ADC.c: 34:         case 6:
   853                           
   854                           
   855                           ;C:/Users/danie/OneDrive/Desktop/DIGITAL2/proyecto/slave1.X/ADC.c: 35:             TRISE
      +                          bits.TRISE1 = 1;
   856  003C  1489               	bsf	9,1	;volatile
   857                           
   858                           ;C:/Users/danie/OneDrive/Desktop/DIGITAL2/proyecto/slave1.X/ADC.c: 36:             ANSEL
      +                          bits.ANS6 = 1;
   859  003D  1683               	bsf	3,5	;RP0=1, select bank3
   860  003E  1703               	bsf	3,6	;RP1=1, select bank3
   861  003F  1708               	bsf	8,6	;volatile
   862                           
   863                           ;C:/Users/danie/OneDrive/Desktop/DIGITAL2/proyecto/slave1.X/ADC.c: 37:             break
      +                          ;
   864  0040  286D               	goto	l115
   865  0041                     l113:	
   866                           ;C:/Users/danie/OneDrive/Desktop/DIGITAL2/proyecto/slave1.X/ADC.c: 38:         case 7:
   867                           
   868                           
   869                           ;C:/Users/danie/OneDrive/Desktop/DIGITAL2/proyecto/slave1.X/ADC.c: 39:             TRISE
      +                          bits.TRISE2 = 1;
   870  0041  1509               	bsf	9,2	;volatile
   871                           
   872                           ;C:/Users/danie/OneDrive/Desktop/DIGITAL2/proyecto/slave1.X/ADC.c: 40:             ANSEL
      +                          bits.ANS7 = 1;
   873  0042  1683               	bsf	3,5	;RP0=1, select bank3
   874  0043  1703               	bsf	3,6	;RP1=1, select bank3
   875  0044  1788               	bsf	8,7	;volatile
   876                           
   877                           ;C:/Users/danie/OneDrive/Desktop/DIGITAL2/proyecto/slave1.X/ADC.c: 41:             break
      +                          ;
   878  0045  286D               	goto	l115
   879  0046                     l114:	
   880                           ;C:/Users/danie/OneDrive/Desktop/DIGITAL2/proyecto/slave1.X/ADC.c: 42:         default:
   881                           
   882                           
   883                           ;C:/Users/danie/OneDrive/Desktop/DIGITAL2/proyecto/slave1.X/ADC.c: 43:             TRISA
      +                          bits.TRISA0 = 1;
   884  0046  1405               	bsf	5,0	;volatile
   885                           
   886                           ;C:/Users/danie/OneDrive/Desktop/DIGITAL2/proyecto/slave1.X/ADC.c: 44:             ANSEL
      +                          bits.ANS0 = 1;
   887  0047  1683               	bsf	3,5	;RP0=1, select bank3
   888  0048  1703               	bsf	3,6	;RP1=1, select bank3
   889  0049  1408               	bsf	8,0	;volatile
   890                           
   891                           ;C:/Users/danie/OneDrive/Desktop/DIGITAL2/proyecto/slave1.X/ADC.c: 45:             break
      +                          ;
   892  004A  286D               	goto	l115
   893  004B                     l715:
   894  004B  0876               	movf	initADC@IRCF,w
   895  004C  00F4               	movwf	??_initADC
   896  004D  01F5               	clrf	??_initADC+1
   897                           
   898                           ; Switch on 2 bytes has been partitioned into a top level switch of size 1, and 1 sub-sw
      +                          itches
   899                           ; Switch size 1, requested type "simple"
   900                           ; Number of cases is 1, Range of values is 0 to 0
   901                           ; switch strategies available:
   902                           ; Name         Instructions Cycles
   903                           ; simple_byte            4     3 (average)
   904                           ; direct_byte           11     8 (fixed)
   905                           ; jumptable            260     6 (fixed)
   906                           ;	Chosen strategy is simple_byte
   907  004E  0875               	movf	??_initADC+1,w
   908  004F  3A00               	xorlw	0	; case 0
   909  0050  1903               	skipnz
   910  0051  2853               	goto	l845
   911  0052  2846               	goto	l114
   912  0053                     l845:
   913                           
   914                           ; Switch size 1, requested type "simple"
   915                           ; Number of cases is 8, Range of values is 0 to 7
   916                           ; switch strategies available:
   917                           ; Name         Instructions Cycles
   918                           ; simple_byte           25    13 (average)
   919                           ; direct_byte           32     8 (fixed)
   920                           ; jumptable            260     6 (fixed)
   921                           ;	Chosen strategy is simple_byte
   922  0053  0874               	movf	??_initADC,w
   923  0054  3A00               	xorlw	0	; case 0
   924  0055  1903               	skipnz
   925  0056  281E               	goto	l105
   926  0057  3A01               	xorlw	1	; case 1
   927  0058  1903               	skipnz
   928  0059  2823               	goto	l107
   929  005A  3A03               	xorlw	3	; case 2
   930  005B  1903               	skipnz
   931  005C  2828               	goto	l108
   932  005D  3A01               	xorlw	1	; case 3
   933  005E  1903               	skipnz
   934  005F  282D               	goto	l109
   935  0060  3A07               	xorlw	7	; case 4
   936  0061  1903               	skipnz
   937  0062  2832               	goto	l110
   938  0063  3A01               	xorlw	1	; case 5
   939  0064  1903               	skipnz
   940  0065  2837               	goto	l111
   941  0066  3A03               	xorlw	3	; case 6
   942  0067  1903               	skipnz
   943  0068  283C               	goto	l112
   944  0069  3A01               	xorlw	1	; case 7
   945  006A  1903               	skipnz
   946  006B  2841               	goto	l113
   947  006C  2846               	goto	l114
   948  006D                     l115:
   949  006D  0008               	return
   950  006E                     __end_of_initADC:
   951                           
   952                           	psect	text4
   953  006E                     __ptext4:	
   954 ;; *************** function _isr *****************
   955 ;; Defined at:
   956 ;;		line 51 in file "C:/Users/danie/OneDrive/Desktop/DIGITAL2/proyecto/slave1.X/slave1.c"
   957 ;; Parameters:    Size  Location     Type
   958 ;;		None
   959 ;; Auto vars:     Size  Location     Type
   960 ;;		None
   961 ;; Return value:  Size  Location     Type
   962 ;;                  1    wreg      void 
   963 ;; Registers used:
   964 ;;		wreg, status,2, status,0, pclath, cstack
   965 ;; Tracked objects:
   966 ;;		On entry : 0/0
   967 ;;		On exit  : 0/0
   968 ;;		Unchanged: 0/0
   969 ;; Data sizes:     COMMON   BANK0   BANK1   BANK3   BANK2
   970 ;;      Params:         0       0       0       0       0
   971 ;;      Locals:         0       0       0       0       0
   972 ;;      Temps:          3       0       0       0       0
   973 ;;      Totals:         3       0       0       0       0
   974 ;;Total ram usage:        3 bytes
   975 ;; Hardware stack levels used:    1
   976 ;; Hardware stack levels required when called:    2
   977 ;; This function calls:
   978 ;;		_spiRead
   979 ;;		_spiWrite
   980 ;; This function is called by:
   981 ;;		Interrupt level 1
   982 ;; This function uses a non-reentrant model
   983 ;;
   984                           
   985                           
   986                           ;psect for function _isr
   987  006E                     _isr:
   988  006E                     i1l759:
   989                           
   990                           ;C:/Users/danie/OneDrive/Desktop/DIGITAL2/proyecto/slave1.X/slave1.c: 52:     PIE1bits.S
      +                          SPIE = 1;
   991  006E  1283               	bcf	3,5	;RP0=0, select bank0
   992  006F  1303               	bcf	3,6	;RP1=0, select bank0
   993  0070  1D8C               	btfss	12,3	;volatile
   994  0071  2873               	goto	u3_21
   995  0072  2874               	goto	u3_20
   996  0073                     u3_21:
   997  0073  2885               	goto	i1l765
   998  0074                     u3_20:
   999  0074                     i1l761:
  1000                           
  1001                           ;C:/Users/danie/OneDrive/Desktop/DIGITAL2/proyecto/slave1.X/slave1.c: 53:     TRISAbits.
      +                          TRISA5 = 1;
  1002  0074  120A  118A  20DF  120A  118A  	fcall	_spiRead
  1003  0079  1283               	bcf	3,5	;RP0=0, select bank0
  1004  007A  1303               	bcf	3,6	;RP1=0, select bank0
  1005  007B  0088               	movwf	8	;volatile
  1006                           
  1007                           ;C:/Users/danie/OneDrive/Desktop/DIGITAL2/proyecto/slave1.X/slave1.c: 54: 
  1008  007C  0879               	movf	_ADC,w
  1009  007D  120A  118A  20EF  120A  118A  	fcall	_spiWrite
  1010  0082                     i1l763:
  1011                           
  1012                           ;C:/Users/danie/OneDrive/Desktop/DIGITAL2/proyecto/slave1.X/slave1.c: 55: 
  1013  0082  1283               	bcf	3,5	;RP0=0, select bank0
  1014  0083  1303               	bcf	3,6	;RP1=0, select bank0
  1015  0084  118C               	bcf	12,3	;volatile
  1016  0085                     i1l765:
  1017                           
  1018                           ;C:/Users/danie/OneDrive/Desktop/DIGITAL2/proyecto/slave1.X/slave1.c: 58: 
  1019  0085  1F0C               	btfss	12,6	;volatile
  1020  0086  2888               	goto	u4_21
  1021  0087  2889               	goto	u4_20
  1022  0088                     u4_21:
  1023  0088  288F               	goto	i1l49
  1024  0089                     u4_20:
  1025  0089                     i1l767:
  1026                           
  1027                           ;C:/Users/danie/OneDrive/Desktop/DIGITAL2/proyecto/slave1.X/slave1.c: 59: }
  1028  0089  081E               	movf	30,w	;volatile
  1029  008A  00F1               	movwf	??_isr
  1030  008B  0871               	movf	??_isr,w
  1031  008C  00F9               	movwf	_ADC
  1032  008D                     i1l769:
  1033  008D  130C               	bcf	12,6	;volatile
  1034  008E                     i1l771:
  1035  008E  149F               	bsf	31,1	;volatile
  1036  008F                     i1l49:
  1037  008F  0873               	movf	??_isr+2,w
  1038  0090  008A               	movwf	10
  1039  0091  0E72               	swapf	??_isr+1,w
  1040  0092  0083               	movwf	3
  1041  0093  0EFE               	swapf	btemp,f
  1042  0094  0E7E               	swapf	btemp,w
  1043  0095  0009               	retfie
  1044  0096                     __end_of_isr:
  1045                           
  1046                           	psect	intentry
  1047  0004                     __pintentry:	
  1048                           ;incstack = 0
  1049                           ; Regs used in _isr: [wreg+status,2+status,0+pclath+cstack]
  1050                           
  1051  0004                     interrupt_function:
  1052  007E                     saved_w	set	btemp
  1053  0004  00FE               	movwf	btemp
  1054  0005  0E03               	swapf	3,w
  1055  0006  00F2               	movwf	??_isr+1
  1056  0007  080A               	movf	10,w
  1057  0008  00F3               	movwf	??_isr+2
  1058  0009  120A  118A  286E   	ljmp	_isr
  1059                           
  1060                           	psect	text5
  1061  00EF                     __ptext5:	
  1062 ;; *************** function _spiWrite *****************
  1063 ;; Defined at:
  1064 ;;		line 31 in file "C:/Users/danie/OneDrive/Desktop/DIGITAL2/proyecto/slave1.X/SPI.c"
  1065 ;; Parameters:    Size  Location     Type
  1066 ;;  variable        1    wreg     unsigned char 
  1067 ;; Auto vars:     Size  Location     Type
  1068 ;;  variable        1    0[COMMON] unsigned char 
  1069 ;; Return value:  Size  Location     Type
  1070 ;;                  1    wreg      void 
  1071 ;; Registers used:
  1072 ;;		wreg
  1073 ;; Tracked objects:
  1074 ;;		On entry : 0/0
  1075 ;;		On exit  : 0/0
  1076 ;;		Unchanged: 0/0
  1077 ;; Data sizes:     COMMON   BANK0   BANK1   BANK3   BANK2
  1078 ;;      Params:         0       0       0       0       0
  1079 ;;      Locals:         1       0       0       0       0
  1080 ;;      Temps:          0       0       0       0       0
  1081 ;;      Totals:         1       0       0       0       0
  1082 ;;Total ram usage:        1 bytes
  1083 ;; Hardware stack levels used:    1
  1084 ;; This function calls:
  1085 ;;		Nothing
  1086 ;; This function is called by:
  1087 ;;		_isr
  1088 ;; This function uses a non-reentrant model
  1089 ;;
  1090                           
  1091                           
  1092                           ;psect for function _spiWrite
  1093  00EF                     _spiWrite:
  1094                           
  1095                           ;incstack = 0
  1096                           ; Regs used in _spiWrite: [wreg]
  1097                           ;spiWrite@variable stored from wreg
  1098  00EF  00F0               	movwf	spiWrite@variable
  1099  00F0                     i1l741:
  1100                           
  1101                           ;C:/Users/danie/OneDrive/Desktop/DIGITAL2/proyecto/slave1.X/SPI.c: 32:     SSPBUF = vari
      +                          able;
  1102  00F0  0870               	movf	spiWrite@variable,w
  1103  00F1  1283               	bcf	3,5	;RP0=0, select bank0
  1104  00F2  1303               	bcf	3,6	;RP1=0, select bank0
  1105  00F3  0093               	movwf	19	;volatile
  1106  00F4                     i1l86:
  1107  00F4  0008               	return
  1108  00F5                     __end_of_spiWrite:
  1109                           
  1110                           	psect	text6
  1111  00DF                     __ptext6:	
  1112 ;; *************** function _spiRead *****************
  1113 ;; Defined at:
  1114 ;;		line 35 in file "C:/Users/danie/OneDrive/Desktop/DIGITAL2/proyecto/slave1.X/SPI.c"
  1115 ;; Parameters:    Size  Location     Type
  1116 ;;		None
  1117 ;; Auto vars:     Size  Location     Type
  1118 ;;		None
  1119 ;; Return value:  Size  Location     Type
  1120 ;;                  1    wreg      unsigned char 
  1121 ;; Registers used:
  1122 ;;		wreg, status,2, status,0, pclath, cstack
  1123 ;; Tracked objects:
  1124 ;;		On entry : 0/0
  1125 ;;		On exit  : 0/0
  1126 ;;		Unchanged: 0/0
  1127 ;; Data sizes:     COMMON   BANK0   BANK1   BANK3   BANK2
  1128 ;;      Params:         0       0       0       0       0
  1129 ;;      Locals:         0       0       0       0       0
  1130 ;;      Temps:          0       0       0       0       0
  1131 ;;      Totals:         0       0       0       0       0
  1132 ;;Total ram usage:        0 bytes
  1133 ;; Hardware stack levels used:    1
  1134 ;; Hardware stack levels required when called:    1
  1135 ;; This function calls:
  1136 ;;		_spiReceive
  1137 ;; This function is called by:
  1138 ;;		_isr
  1139 ;; This function uses a non-reentrant model
  1140 ;;
  1141                           
  1142                           
  1143                           ;psect for function _spiRead
  1144  00DF                     _spiRead:
  1145  00DF                     i1l735:	
  1146                           ;incstack = 0
  1147                           ; Regs used in _spiRead: [wreg+status,2+status,0+pclath+cstack]
  1148                           
  1149                           
  1150                           ;C:/Users/danie/OneDrive/Desktop/DIGITAL2/proyecto/slave1.X/SPI.c: 36:     spiReceive();
  1151  00DF  120A  118A  20E8  120A  118A  	fcall	_spiReceive
  1152  00E4                     i1l737:
  1153                           
  1154                           ;C:/Users/danie/OneDrive/Desktop/DIGITAL2/proyecto/slave1.X/SPI.c: 37:     return(SSPBUF
      +                          );
  1155  00E4  1283               	bcf	3,5	;RP0=0, select bank0
  1156  00E5  1303               	bcf	3,6	;RP1=0, select bank0
  1157  00E6  0813               	movf	19,w	;volatile
  1158  00E7                     i1l89:
  1159  00E7  0008               	return
  1160  00E8                     __end_of_spiRead:
  1161                           
  1162                           	psect	text7
  1163  00E8                     __ptext7:	
  1164 ;; *************** function _spiReceive *****************
  1165 ;; Defined at:
  1166 ;;		line 27 in file "C:/Users/danie/OneDrive/Desktop/DIGITAL2/proyecto/slave1.X/SPI.c"
  1167 ;; Parameters:    Size  Location     Type
  1168 ;;		None
  1169 ;; Auto vars:     Size  Location     Type
  1170 ;;		None
  1171 ;; Return value:  Size  Location     Type
  1172 ;;                  1    wreg      void 
  1173 ;; Registers used:
  1174 ;;		None
  1175 ;; Tracked objects:
  1176 ;;		On entry : 0/0
  1177 ;;		On exit  : 0/0
  1178 ;;		Unchanged: 0/0
  1179 ;; Data sizes:     COMMON   BANK0   BANK1   BANK3   BANK2
  1180 ;;      Params:         0       0       0       0       0
  1181 ;;      Locals:         0       0       0       0       0
  1182 ;;      Temps:          0       0       0       0       0
  1183 ;;      Totals:         0       0       0       0       0
  1184 ;;Total ram usage:        0 bytes
  1185 ;; Hardware stack levels used:    1
  1186 ;; This function calls:
  1187 ;;		Nothing
  1188 ;; This function is called by:
  1189 ;;		_spiRead
  1190 ;; This function uses a non-reentrant model
  1191 ;;
  1192                           
  1193                           
  1194                           ;psect for function _spiReceive
  1195  00E8                     _spiReceive:
  1196  00E8                     i1l733:	
  1197                           ;incstack = 0
  1198                           ; Regs used in _spiReceive: []
  1199                           
  1200  00E8                     i1l80:	
  1201                           ;C:/Users/danie/OneDrive/Desktop/DIGITAL2/proyecto/slave1.X/SPI.c: 28:     while (!SSPST
      +                          ATbits.BF);
  1202                           
  1203  00E8  1683               	bsf	3,5	;RP0=1, select bank1
  1204  00E9  1303               	bcf	3,6	;RP1=0, select bank1
  1205  00EA  1C14               	btfss	20,0	;volatile
  1206  00EB  28ED               	goto	u2_21
  1207  00EC  28EE               	goto	u2_20
  1208  00ED                     u2_21:
  1209  00ED  28E8               	goto	i1l80
  1210  00EE                     u2_20:
  1211  00EE                     i1l83:
  1212  00EE  0008               	return
  1213  00EF                     __end_of_spiReceive:
  1214  007E                     btemp	set	126	;btemp
  1215  007E                     wtemp0	set	126
  1216                           
  1217                           	psect	config
  1218                           
  1219                           ;Config register CONFIG1 @ 0x2007
  1220                           ;	Oscillator Selection bits
  1221                           ;	FOSC = INTRC_NOCLKOUT, INTOSCIO oscillator: I/O function on RA6/OSC2/CLKOUT pin, I/O f
      +                          unction on RA7/OSC1/CLKIN
  1222                           ;	Watchdog Timer Enable bit
  1223                           ;	WDTE = OFF, WDT disabled and can be enabled by SWDTEN bit of the WDTCON register
  1224                           ;	Power-up Timer Enable bit
  1225                           ;	PWRTE = OFF, PWRT disabled
  1226                           ;	RE3/MCLR pin function select bit
  1227                           ;	MCLRE = OFF, RE3/MCLR pin function is digital input, MCLR internally tied to VDD
  1228                           ;	Code Protection bit
  1229                           ;	CP = OFF, Program memory code protection is disabled
  1230                           ;	Data Code Protection bit
  1231                           ;	CPD = OFF, Data memory code protection is disabled
  1232                           ;	Brown Out Reset Selection bits
  1233                           ;	BOREN = OFF, BOR disabled
  1234                           ;	Internal External Switchover bit
  1235                           ;	IESO = OFF, Internal/External Switchover mode is disabled
  1236                           ;	Fail-Safe Clock Monitor Enabled bit
  1237                           ;	FCMEN = OFF, Fail-Safe Clock Monitor is disabled
  1238                           ;	Low Voltage Programming Enable bit
  1239                           ;	LVP = OFF, RB3 pin has digital I/O, HV on MCLR must be used for programming
  1240                           ;	In-Circuit Debugger Mode bit
  1241                           ;	DEBUG = 0x1, unprogrammed default
  1242  2007                     	org	8199
  1243  2007  20D4               	dw	8404
  1244                           
  1245                           ;Config register CONFIG2 @ 0x2008
  1246                           ;	Brown-out Reset Selection bit
  1247                           ;	BOR4V = BOR40V, Brown-out Reset set to 4.0V
  1248                           ;	Flash Program Memory Self Write Enable bits
  1249                           ;	WRT = OFF, Write protection off
  1250  2008                     	org	8200
  1251  2008  3FFF               	dw	16383

Data Sizes:
    Strings     0
    Constant    0
    Data        0
    BSS         1
    Persistent  0
    Stack       0

Auto Spaces:
    Space          Size  Autos    Used
    COMMON           14      9      10
    BANK0            80      0       0
    BANK1            80      0       0
    BANK3            96      0       0
    BANK2            96      0       0

Pointer List with Targets:

    None.

Critical Paths under _main in COMMON

    _main->_Setup
    _Setup->_initSPI

Critical Paths under _isr in COMMON

    _isr->_spiWrite

Critical Paths under _main in BANK0

    None.

Critical Paths under _isr in BANK0

    None.

Critical Paths under _main in BANK1

    None.

Critical Paths under _isr in BANK1

    None.

Critical Paths under _main in BANK3

    None.

Critical Paths under _isr in BANK3

    None.

Critical Paths under _main in BANK2

    None.

Critical Paths under _isr in BANK2

    None.

Call Graph Tables:

 ---------------------------------------------------------------------------------
 (Depth) Function   	        Calls       Base Space   Used Autos Params    Refs
 ---------------------------------------------------------------------------------
 (0) _main                                                 0     0      0     375
                              _Setup
 ---------------------------------------------------------------------------------
 (1) _Setup                                                1     1      0     375
                                              8 COMMON     1     1      0
                            _initADC
                            _initSPI
 ---------------------------------------------------------------------------------
 (2) _initSPI                                              4     1      3     360
                                              4 COMMON     4     1      3
 ---------------------------------------------------------------------------------
 (2) _initADC                                              3     3      0      15
                                              4 COMMON     3     3      0
 ---------------------------------------------------------------------------------
 Estimated maximum stack depth 2
 ---------------------------------------------------------------------------------
 (Depth) Function   	        Calls       Base Space   Used Autos Params    Refs
 ---------------------------------------------------------------------------------
 (3) _isr                                                  3     3      0      15
                                              1 COMMON     3     3      0
                            _spiRead
                           _spiWrite
 ---------------------------------------------------------------------------------
 (4) _spiWrite                                             1     1      0      15
                                              0 COMMON     1     1      0
 ---------------------------------------------------------------------------------
 (4) _spiRead                                              0     0      0       0
                         _spiReceive
 ---------------------------------------------------------------------------------
 (5) _spiReceive                                           0     0      0       0
 ---------------------------------------------------------------------------------
 Estimated maximum stack depth 5
 ---------------------------------------------------------------------------------

 Call Graph Graphs:

 _main (ROOT)
   _Setup
     _initADC
     _initSPI

 _isr (ROOT)
   _spiRead
     _spiReceive
   _spiWrite

 Address spaces:
Name               Size   Autos  Total    Cost      Usage
BITCOMMON            E      0       0       0        0.0%
EEDATA             100      0       0       0        0.0%
NULL                 0      0       0       0        0.0%
CODE                 0      0       0       0        0.0%
COMMON               E      9       A       1       71.4%
BITSFR0              0      0       0       1        0.0%
SFR0                 0      0       0       1        0.0%
BITSFR1              0      0       0       2        0.0%
SFR1                 0      0       0       2        0.0%
STACK                0      0       0       2        0.0%
ABS                  0      0       A       3        0.0%
BITBANK0            50      0       0       4        0.0%
BITSFR3              0      0       0       4        0.0%
SFR3                 0      0       0       4        0.0%
BANK0               50      0       0       5        0.0%
BITSFR2              0      0       0       5        0.0%
SFR2                 0      0       0       5        0.0%
BITBANK1            50      0       0       6        0.0%
BANK1               50      0       0       7        0.0%
BITBANK3            60      0       0       8        0.0%
BANK3               60      0       0       9        0.0%
BITBANK2            60      0       0      10        0.0%
BANK2               60      0       0      11        0.0%
DATA                 0      0       A      12        0.0%


Microchip Technology PIC Macro Assembler V2.31 build 20201012212115 
Symbol Table                                                                                   Thu Feb 11 18:17:53 2021

            _SSPSTATbits 0094                       l60 00BC                       l54 00DB  
                     l55 00DB                       l77 00D5                       u50 00CA  
                     u51 00C9                      l110 0032                      l111 0037  
                    l112 003C                      l113 0041                      l105 001E  
                    l114 0046                      l107 0023                      l115 006D  
                    l108 0028                      l109 002D                      _ADC 0079  
                    l711 001C                      l801 00CA                      l715 004B  
                    l707 0015                      l803 00CF                      l811 00A2  
                    l709 0019                      l805 00D4                      l821 00B0  
                    l813 00A3                      l815 00A6                      l807 0096  
                    l823 00D6                      l817 00A9                      l809 00A1  
                    l819 00AA                      l845 0053                      l795 00BE  
                    l797 00C1                      l799 00C6                      _isr 006E  
                   _ADIF 0066                     ?_isr 0070                     i1l80 00E8  
                   i1l49 008F                     i1l83 00EE                     i1l86 00F4  
                   i1l89 00E7                     u2_20 00EE                     u2_21 00ED  
                   u3_20 0074                     u3_21 0073                     u4_20 0089  
                   u4_21 0088                     _main 00D6                     btemp 007E  
                   start 000C                    ??_isr 0071              initADC@IRCF 0076  
                  ?_main 0070                    _ANSEL 0188                    i1l733 00E8  
                  i1l741 00F0                    i1l735 00DF                    i1l737 00E4  
                  i1l761 0074                    i1l771 008E                    i1l763 0082  
                  i1l765 0085                    i1l767 0089                    i1l759 006E  
                  i1l769 008D                    _PORTD 0008                    _TRISA 0085  
                  _TRISB 0086                    _TRISC 0087                    _TRISD 0088  
                  _SSPIF 0063                    _Setup 0096          __end_of_initADC 006E  
        __end_of_initSPI 00D6                    pclath 000A          __end_of_spiRead 00E8  
                  status 0003                    wtemp0 007E          __initialization 000F  
           __end_of_main 00DF              initSPI@Type 0077              initSPI@edge 0076  
                 ??_main 0079                   ?_Setup 0070                   _ADCON0 001F  
                 _ADCON1 009F                   _ADRESH 001E                   _ANSELH 0189  
                 _TRISC3 043B                   _TRISC5 043D                   _SSPCON 0014  
                 _SSPBUF 0013                ??_initADC 0074                ??_initSPI 0077  
                 saved_w 007E         __end_of_spiWrite 00F5                ??_spiRead 0070  
     initSPI@Data_sample 0074  __end_of__initialization 0010           __pcstackCOMMON 0070  
          __end_of_Setup 00BD                  ??_Setup 0078         spiWrite@variable 0070  
             __pmaintext 00D6               __pintentry 0004                  _SSPSTAT 0094  
              ?_spiWrite 0070                _ANSELbits 0188                  __ptext1 0096  
                __ptext2 00BD                  __ptext3 0014                  __ptext4 006E  
                __ptext5 00EF                  __ptext6 00DF                  __ptext7 00E8  
                _initADC 0014                  _initSPI 00BD             __size_of_isr 0028  
                _spiRead 00DF     end_of_initialization 0010               ??_spiWrite 0070  
             _spiReceive 00E8                _TRISAbits 0085                _TRISEbits 0089  
    start_initialization 000F              __end_of_isr 0096              ?_spiReceive 0070  
            __pbssCOMMON 0079                ___latbits 0002        __size_of_spiWrite 0006  
               ?_initADC 0070                 ?_initSPI 0074                 ?_spiRead 0070  
         __size_of_Setup 0027      __size_of_spiReceive 0007        interrupt_function 0004  
               _PIE1bits 008C                 _PIR1bits 000C               _ADCON0bits 001F  
       __size_of_initADC 005A         __size_of_initSPI 0019         __size_of_spiRead 0009  
          __size_of_main 0009             ??_spiReceive 0070                 _spiWrite 00EF  
             _INTCONbits 000B                 intlevel1 0000       __end_of_spiReceive 00EF  
      initSPI@clock_idle 0075  
