

Microchip MPLAB XC8 Assembler V2.31 build 20201012212115 
                                                                                               Thu Feb 25 09:20:47 2021

Microchip MPLAB XC8 C Compiler v2.31 (Free license) build 20201012212115 Og1 
     1                           	processor	16F887
     2                           	pagewidth 120
     3                           	opt	flic
     4                           	psect	cinit,global,class=CODE,merge=1,delta=2
     5                           	psect	cstackCOMMON,global,class=COMMON,space=1,delta=1,noexec
     6                           	psect	cstackBANK0,global,class=BANK0,space=1,delta=1,noexec
     7                           	psect	maintext,global,class=CODE,split=1,delta=2
     8                           	psect	text1,local,class=CODE,merge=1,delta=2
     9                           	psect	text2,local,class=CODE,merge=1,delta=2
    10                           	psect	text3,local,class=CODE,merge=1,delta=2,group=1
    11                           	psect	text4,local,class=CODE,merge=1,delta=2
    12                           	psect	text5,local,class=CODE,merge=1,delta=2
    13                           	psect	text6,local,class=CODE,merge=1,delta=2
    14                           	psect	text7,local,class=CODE,merge=1,delta=2
    15                           	psect	text8,local,class=CODE,merge=1,delta=2
    16                           	psect	config,global,abs,ovrld,class=CONFIG,space=4,delta=2,noexec
    17                           	dabs	1,0x7E,2
    18  0000                     
    19                           ; Version 2.20
    20                           ; Generated 12/02/2020 GMT
    21                           ; 
    22                           ; Copyright © 2020, Microchip Technology Inc. and its subsidiaries ("Microchip")
    23                           ; All rights reserved.
    24                           ; 
    25                           ; This software is developed by Microchip Technology Inc. and its subsidiaries ("Microch
      +                          ip").
    26                           ; 
    27                           ; Redistribution and use in source and binary forms, with or without modification, are
    28                           ; permitted provided that the following conditions are met:
    29                           ; 
    30                           ;     1. Redistributions of source code must retain the above copyright notice, this lis
      +                          t of
    31                           ;        conditions and the following disclaimer.
    32                           ; 
    33                           ;     2. Redistributions in binary form must reproduce the above copyright notice, this 
      +                          list
    34                           ;        of conditions and the following disclaimer in the documentation and/or other
    35                           ;        materials provided with the distribution.
    36                           ; 
    37                           ;     3. Microchip's name may not be used to endorse or promote products derived from th
      +                          is
    38                           ;        software without specific prior written permission.
    39                           ; 
    40                           ; THIS SOFTWARE IS PROVIDED BY MICROCHIP "AS IS" AND ANY EXPRESS OR IMPLIED WARRANTIES,
    41                           ; INCLUDING, BUT NOT LIMITED TO, THE IMPLIED WARRANTIES OF MERCHANTABILITY AND FITNESS F
      +                          OR
    42                           ; PURPOSE ARE DISCLAIMED.  IN NO EVENT SHALL MICROCHIP BE LIABLE FOR ANY DIRECT, INDIREC
      +                          T,
    43                           ; INCIDENTAL, SPECIAL, EXEMPLARY, OR CONSEQUENTIAL DAMAGES (INCLUDING BUT NOT LIMITED TO
    44                           ; PROCUREMENT OF SUBSTITUTE GOODS OR SERVICES; LOSS OF USE, DATA OR PROFITS; OR BUSINESS
    45                           ; INTERRUPTION) HOWSOEVER CAUSED AND ON ANY THEORY OF LIABILITY, WHETHER IN CONTRACT, ST
      +                          RICT
    46                           ; LIABILITY, OR TORT (INCLUDING NEGLIGENCE OR OTHERWISE) ARISING IN ANY WAY OUT OF THE U
      +                          SE OF
    47                           ; THIS SOFTWARE, EVEN IF ADVISED OF THE POSSIBILITY OF SUCH DAMAGE.
    48                           ; 
    49                           ; 
    50                           ; Code-generator required, PIC16F887 Definitions
    51                           ; 
    52                           ; SFR Addresses
    53  0000                     	;# 
    54  0001                     	;# 
    55  0002                     	;# 
    56  0003                     	;# 
    57  0004                     	;# 
    58  0005                     	;# 
    59  0006                     	;# 
    60  0007                     	;# 
    61  0008                     	;# 
    62  0009                     	;# 
    63  000A                     	;# 
    64  000B                     	;# 
    65  000C                     	;# 
    66  000D                     	;# 
    67  000E                     	;# 
    68  000E                     	;# 
    69  000F                     	;# 
    70  0010                     	;# 
    71  0011                     	;# 
    72  0012                     	;# 
    73  0013                     	;# 
    74  0014                     	;# 
    75  0015                     	;# 
    76  0015                     	;# 
    77  0016                     	;# 
    78  0017                     	;# 
    79  0018                     	;# 
    80  0019                     	;# 
    81  001A                     	;# 
    82  001B                     	;# 
    83  001B                     	;# 
    84  001C                     	;# 
    85  001D                     	;# 
    86  001E                     	;# 
    87  001F                     	;# 
    88  0081                     	;# 
    89  0085                     	;# 
    90  0086                     	;# 
    91  0087                     	;# 
    92  0088                     	;# 
    93  0089                     	;# 
    94  008C                     	;# 
    95  008D                     	;# 
    96  008E                     	;# 
    97  008F                     	;# 
    98  0090                     	;# 
    99  0091                     	;# 
   100  0092                     	;# 
   101  0093                     	;# 
   102  0093                     	;# 
   103  0093                     	;# 
   104  0094                     	;# 
   105  0095                     	;# 
   106  0096                     	;# 
   107  0097                     	;# 
   108  0098                     	;# 
   109  0099                     	;# 
   110  009A                     	;# 
   111  009B                     	;# 
   112  009C                     	;# 
   113  009D                     	;# 
   114  009E                     	;# 
   115  009F                     	;# 
   116  0105                     	;# 
   117  0107                     	;# 
   118  0108                     	;# 
   119  0109                     	;# 
   120  010C                     	;# 
   121  010C                     	;# 
   122  010D                     	;# 
   123  010E                     	;# 
   124  010F                     	;# 
   125  0185                     	;# 
   126  0187                     	;# 
   127  0188                     	;# 
   128  0189                     	;# 
   129  018C                     	;# 
   130  018D                     	;# 
   131  0000                     	;# 
   132  0001                     	;# 
   133  0002                     	;# 
   134  0003                     	;# 
   135  0004                     	;# 
   136  0005                     	;# 
   137  0006                     	;# 
   138  0007                     	;# 
   139  0008                     	;# 
   140  0009                     	;# 
   141  000A                     	;# 
   142  000B                     	;# 
   143  000C                     	;# 
   144  000D                     	;# 
   145  000E                     	;# 
   146  000E                     	;# 
   147  000F                     	;# 
   148  0010                     	;# 
   149  0011                     	;# 
   150  0012                     	;# 
   151  0013                     	;# 
   152  0014                     	;# 
   153  0015                     	;# 
   154  0015                     	;# 
   155  0016                     	;# 
   156  0017                     	;# 
   157  0018                     	;# 
   158  0019                     	;# 
   159  001A                     	;# 
   160  001B                     	;# 
   161  001B                     	;# 
   162  001C                     	;# 
   163  001D                     	;# 
   164  001E                     	;# 
   165  001F                     	;# 
   166  0081                     	;# 
   167  0085                     	;# 
   168  0086                     	;# 
   169  0087                     	;# 
   170  0088                     	;# 
   171  0089                     	;# 
   172  008C                     	;# 
   173  008D                     	;# 
   174  008E                     	;# 
   175  008F                     	;# 
   176  0090                     	;# 
   177  0091                     	;# 
   178  0092                     	;# 
   179  0093                     	;# 
   180  0093                     	;# 
   181  0093                     	;# 
   182  0094                     	;# 
   183  0095                     	;# 
   184  0096                     	;# 
   185  0097                     	;# 
   186  0098                     	;# 
   187  0099                     	;# 
   188  009A                     	;# 
   189  009B                     	;# 
   190  009C                     	;# 
   191  009D                     	;# 
   192  009E                     	;# 
   193  009F                     	;# 
   194  0105                     	;# 
   195  0107                     	;# 
   196  0108                     	;# 
   197  0109                     	;# 
   198  010C                     	;# 
   199  010C                     	;# 
   200  010D                     	;# 
   201  010E                     	;# 
   202  010F                     	;# 
   203  0185                     	;# 
   204  0187                     	;# 
   205  0188                     	;# 
   206  0189                     	;# 
   207  018C                     	;# 
   208  018D                     	;# 
   209  0000                     	;# 
   210  0001                     	;# 
   211  0002                     	;# 
   212  0003                     	;# 
   213  0004                     	;# 
   214  0005                     	;# 
   215  0006                     	;# 
   216  0007                     	;# 
   217  0008                     	;# 
   218  0009                     	;# 
   219  000A                     	;# 
   220  000B                     	;# 
   221  000C                     	;# 
   222  000D                     	;# 
   223  000E                     	;# 
   224  000E                     	;# 
   225  000F                     	;# 
   226  0010                     	;# 
   227  0011                     	;# 
   228  0012                     	;# 
   229  0013                     	;# 
   230  0014                     	;# 
   231  0015                     	;# 
   232  0015                     	;# 
   233  0016                     	;# 
   234  0017                     	;# 
   235  0018                     	;# 
   236  0019                     	;# 
   237  001A                     	;# 
   238  001B                     	;# 
   239  001B                     	;# 
   240  001C                     	;# 
   241  001D                     	;# 
   242  001E                     	;# 
   243  001F                     	;# 
   244  0081                     	;# 
   245  0085                     	;# 
   246  0086                     	;# 
   247  0087                     	;# 
   248  0088                     	;# 
   249  0089                     	;# 
   250  008C                     	;# 
   251  008D                     	;# 
   252  008E                     	;# 
   253  008F                     	;# 
   254  0090                     	;# 
   255  0091                     	;# 
   256  0092                     	;# 
   257  0093                     	;# 
   258  0093                     	;# 
   259  0093                     	;# 
   260  0094                     	;# 
   261  0095                     	;# 
   262  0096                     	;# 
   263  0097                     	;# 
   264  0098                     	;# 
   265  0099                     	;# 
   266  009A                     	;# 
   267  009B                     	;# 
   268  009C                     	;# 
   269  009D                     	;# 
   270  009E                     	;# 
   271  009F                     	;# 
   272  0105                     	;# 
   273  0107                     	;# 
   274  0108                     	;# 
   275  0109                     	;# 
   276  010C                     	;# 
   277  010C                     	;# 
   278  010D                     	;# 
   279  010E                     	;# 
   280  010F                     	;# 
   281  0185                     	;# 
   282  0187                     	;# 
   283  0188                     	;# 
   284  0189                     	;# 
   285  018C                     	;# 
   286  018D                     	;# 
   287  0000                     	;# 
   288  0001                     	;# 
   289  0002                     	;# 
   290  0003                     	;# 
   291  0004                     	;# 
   292  0005                     	;# 
   293  0006                     	;# 
   294  0007                     	;# 
   295  0008                     	;# 
   296  0009                     	;# 
   297  000A                     	;# 
   298  000B                     	;# 
   299  000C                     	;# 
   300  000D                     	;# 
   301  000E                     	;# 
   302  000E                     	;# 
   303  000F                     	;# 
   304  0010                     	;# 
   305  0011                     	;# 
   306  0012                     	;# 
   307  0013                     	;# 
   308  0014                     	;# 
   309  0015                     	;# 
   310  0015                     	;# 
   311  0016                     	;# 
   312  0017                     	;# 
   313  0018                     	;# 
   314  0019                     	;# 
   315  001A                     	;# 
   316  001B                     	;# 
   317  001B                     	;# 
   318  001C                     	;# 
   319  001D                     	;# 
   320  001E                     	;# 
   321  001F                     	;# 
   322  0081                     	;# 
   323  0085                     	;# 
   324  0086                     	;# 
   325  0087                     	;# 
   326  0088                     	;# 
   327  0089                     	;# 
   328  008C                     	;# 
   329  008D                     	;# 
   330  008E                     	;# 
   331  008F                     	;# 
   332  0090                     	;# 
   333  0091                     	;# 
   334  0092                     	;# 
   335  0093                     	;# 
   336  0093                     	;# 
   337  0093                     	;# 
   338  0094                     	;# 
   339  0095                     	;# 
   340  0096                     	;# 
   341  0097                     	;# 
   342  0098                     	;# 
   343  0099                     	;# 
   344  009A                     	;# 
   345  009B                     	;# 
   346  009C                     	;# 
   347  009D                     	;# 
   348  009E                     	;# 
   349  009F                     	;# 
   350  0105                     	;# 
   351  0107                     	;# 
   352  0108                     	;# 
   353  0109                     	;# 
   354  010C                     	;# 
   355  010C                     	;# 
   356  010D                     	;# 
   357  010E                     	;# 
   358  010F                     	;# 
   359  0185                     	;# 
   360  0187                     	;# 
   361  0188                     	;# 
   362  0189                     	;# 
   363  018C                     	;# 
   364  018D                     	;# 
   365  000B                     _INTCONbits	set	11
   366  0018                     _RCSTAbits	set	24
   367  0013                     _SSPBUF	set	19
   368  0014                     _SSPCON	set	20
   369  0008                     _PORTD	set	8
   370  0006                     _PORTB	set	6
   371  0063                     _SSPIF	set	99
   372  005E                     _PEIE	set	94
   373  005F                     _GIE	set	95
   374  008C                     _PIE1bits	set	140
   375  009A                     _SPBRGH	set	154
   376  0098                     _TXSTAbits	set	152
   377  0099                     _SPBRG	set	153
   378  0091                     _SSPCON2bits	set	145
   379  0087                     _TRISCbits	set	135
   380  0094                     _SSPSTAT	set	148
   381  0093                     _SSPADD	set	147
   382  0091                     _SSPCON2	set	145
   383  0463                     _SSPIE	set	1123
   384  043C                     _TRISC4	set	1084
   385  043B                     _TRISC3	set	1083
   386  0187                     _BAUDCTLbits	set	391
   387  0189                     _ANSELH	set	393
   388  0188                     _ANSEL	set	392
   389                           
   390                           	psect	cinit
   391  07FC                     start_initialization:	
   392                           ; #config settings
   393                           
   394  07FC                     __initialization:
   395  07FC                     end_of_initialization:	
   396                           ;End of C runtime variable initialization code
   397                           
   398  07FC                     __end_of__initialization:
   399  07FC  0183               	clrf	3
   400  07FD  120A  118A  2F8F   	ljmp	_main	;jump to C main() function
   401                           
   402                           	psect	cstackCOMMON
   403  0070                     __pcstackCOMMON:
   404  0070                     ?_setup:
   405  0070                     ?_I2C_Master_Start:	
   406                           ; 1 bytes @ 0x0
   407                           
   408  0070                     ??_I2C_Master_Start:	
   409                           ; 1 bytes @ 0x0
   410                           
   411  0070                     ?_I2C_Master_Write:	
   412                           ; 1 bytes @ 0x0
   413                           
   414  0070                     ?_I2C_Master_Stop:	
   415                           ; 1 bytes @ 0x0
   416                           
   417  0070                     ??_I2C_Master_Stop:	
   418                           ; 1 bytes @ 0x0
   419                           
   420  0070                     ?_main:	
   421                           ; 1 bytes @ 0x0
   422                           
   423  0070                     ?_I2C_Master_Wait:	
   424                           ; 1 bytes @ 0x0
   425                           
   426  0070                     ??_I2C_Master_Wait:	
   427                           ; 1 bytes @ 0x0
   428                           
   429  0070                     ?_I2C_Master_Read:	
   430                           ; 1 bytes @ 0x0
   431                           
   432  0070                     ?___lldiv:	
   433                           ; 2 bytes @ 0x0
   434                           
   435  0070                     I2C_Master_Write@d:	
   436                           ; 4 bytes @ 0x0
   437                           
   438  0070                     I2C_Master_Read@a:	
   439                           ; 2 bytes @ 0x0
   440                           
   441  0070                     ___lldiv@divisor:	
   442                           ; 2 bytes @ 0x0
   443                           
   444                           
   445                           ; 4 bytes @ 0x0
   446  0070                     	ds	2
   447  0072                     ??_I2C_Master_Write:
   448  0072                     ??_I2C_Master_Read:	
   449                           ; 1 bytes @ 0x2
   450                           
   451                           
   452                           ; 1 bytes @ 0x2
   453  0072                     	ds	2
   454  0074                     I2C_Master_Read@temp:
   455  0074                     ___lldiv@dividend:	
   456                           ; 2 bytes @ 0x4
   457                           
   458                           
   459                           ; 4 bytes @ 0x4
   460  0074                     	ds	4
   461  0078                     ??___lldiv:
   462                           
   463                           ; 1 bytes @ 0x8
   464  0078                     	ds	1
   465  0079                     ___lldiv@quotient:
   466                           
   467                           ; 4 bytes @ 0x9
   468  0079                     	ds	4
   469  007D                     ___lldiv@counter:
   470                           
   471                           ; 1 bytes @ 0xD
   472  007D                     	ds	1
   473  007E                     ??_setup:
   474                           
   475                           	psect	cstackBANK0
   476  0020                     __pcstackBANK0:	
   477                           ; 1 bytes @ 0xE
   478                           
   479  0020                     ?_I2C_Master_Init:
   480  0020                     I2C_Master_Init@c:	
   481                           ; 1 bytes @ 0x0
   482                           
   483                           
   484                           ; 4 bytes @ 0x0
   485  0020                     	ds	4
   486  0024                     ??_I2C_Master_Init:
   487                           
   488                           ; 1 bytes @ 0x4
   489  0024                     	ds	4
   490  0028                     ??_main:
   491                           
   492                           ; 1 bytes @ 0x8
   493  0028                     	ds	3
   494                           
   495                           	psect	maintext
   496  078F                     __pmaintext:	
   497 ;;
   498 ;;Main: autosize = 0, tempsize = 3, incstack = 0, save=0
   499 ;;
   500 ;; *************** function _main *****************
   501 ;; Defined at:
   502 ;;		line 46 in file "C:/Users/danie/OneDrive/Desktop/DIGITAL2/proyecto/proyecto2.X/proyecto2.c"
   503 ;; Parameters:    Size  Location     Type
   504 ;;		None
   505 ;; Auto vars:     Size  Location     Type
   506 ;;		None
   507 ;; Return value:  Size  Location     Type
   508 ;;                  1    wreg      void 
   509 ;; Registers used:
   510 ;;		wreg, status,2, status,0, pclath, cstack
   511 ;; Tracked objects:
   512 ;;		On entry : B00/0
   513 ;;		On exit  : 0/0
   514 ;;		Unchanged: 0/0
   515 ;; Data sizes:     COMMON   BANK0   BANK1   BANK3   BANK2
   516 ;;      Params:         0       0       0       0       0
   517 ;;      Locals:         0       0       0       0       0
   518 ;;      Temps:          0       3       0       0       0
   519 ;;      Totals:         0       3       0       0       0
   520 ;;Total ram usage:        3 bytes
   521 ;; Hardware stack levels required when called:    3
   522 ;; This function calls:
   523 ;;		_I2C_Master_Read
   524 ;;		_I2C_Master_Start
   525 ;;		_I2C_Master_Stop
   526 ;;		_I2C_Master_Write
   527 ;;		_setup
   528 ;; This function is called by:
   529 ;;		Startup code after reset
   530 ;; This function uses a non-reentrant model
   531 ;;
   532                           
   533                           
   534                           ;psect for function _main
   535  078F                     _main:
   536  078F                     l893:	
   537                           ;incstack = 0
   538                           ; Regs used in _main: [wreg+status,2+status,0+pclath+cstack]
   539                           
   540                           
   541                           ;C:/Users/danie/OneDrive/Desktop/DIGITAL2/proyecto/proyecto2.X/proyecto2.c: 47:     setu
      +                          p();
   542  078F  120A  118A  26AF  120A  118A  	fcall	_setup
   543  0794                     l27:	
   544                           ;C:/Users/danie/OneDrive/Desktop/DIGITAL2/proyecto/proyecto2.X/proyecto2.c: 48:     whil
      +                          e(1){
   545                           
   546                           
   547                           ;C:/Users/danie/OneDrive/Desktop/DIGITAL2/proyecto/proyecto2.X/proyecto2.c: 49:         
      +                          I2C_Master_Start();
   548  0794  120A  118A  2686  120A  118A  	fcall	_I2C_Master_Start
   549                           
   550                           ;C:/Users/danie/OneDrive/Desktop/DIGITAL2/proyecto/proyecto2.X/proyecto2.c: 50:         
      +                          I2C_Master_Write(0x50);
   551  0799  3050               	movlw	80
   552  079A  00F0               	movwf	I2C_Master_Write@d
   553  079B  3000               	movlw	0
   554  079C  00F1               	movwf	I2C_Master_Write@d+1
   555  079D  120A  118A  2698  120A  118A  	fcall	_I2C_Master_Write
   556                           
   557                           ;C:/Users/danie/OneDrive/Desktop/DIGITAL2/proyecto/proyecto2.X/proyecto2.c: 51:         
      +                          I2C_Master_Write(PORTB);
   558  07A2  1283               	bcf	3,5	;RP0=0, select bank0
   559  07A3  1303               	bcf	3,6	;RP1=0, select bank0
   560  07A4  0806               	movf	6,w	;volatile
   561  07A5  00A8               	movwf	??_main
   562  07A6  01A9               	clrf	??_main+1
   563  07A7  0828               	movf	??_main,w
   564  07A8  00F0               	movwf	I2C_Master_Write@d
   565  07A9  0829               	movf	??_main+1,w
   566  07AA  00F1               	movwf	I2C_Master_Write@d+1
   567  07AB  120A  118A  2698  120A  118A  	fcall	_I2C_Master_Write
   568                           
   569                           ;C:/Users/danie/OneDrive/Desktop/DIGITAL2/proyecto/proyecto2.X/proyecto2.c: 52:         
      +                          I2C_Master_Stop();
   570  07B0  120A  118A  268F  120A  118A  	fcall	_I2C_Master_Stop
   571  07B5                     l895:
   572                           
   573                           ;C:/Users/danie/OneDrive/Desktop/DIGITAL2/proyecto/proyecto2.X/proyecto2.c: 53:         
      +                          _delay((unsigned long)((200)*(8000000/4000.0)));
   574  07B5  3003               	movlw	3
   575  07B6  1283               	bcf	3,5	;RP0=0, select bank0
   576  07B7  1303               	bcf	3,6	;RP1=0, select bank0
   577  07B8  00AA               	movwf	??_main+2
   578  07B9  3008               	movlw	8
   579  07BA  00A9               	movwf	??_main+1
   580  07BB  3076               	movlw	118
   581  07BC  00A8               	movwf	??_main
   582  07BD                     u217:
   583  07BD  0BA8               	decfsz	??_main,f
   584  07BE  2FBD               	goto	u217
   585  07BF  0BA9               	decfsz	??_main+1,f
   586  07C0  2FBD               	goto	u217
   587  07C1  0BAA               	decfsz	??_main+2,f
   588  07C2  2FBD               	goto	u217
   589  07C3  0000               	nop
   590  07C4                     l897:
   591                           
   592                           ;C:/Users/danie/OneDrive/Desktop/DIGITAL2/proyecto/proyecto2.X/proyecto2.c: 55:         
      +                          I2C_Master_Start();
   593  07C4  120A  118A  2686  120A  118A  	fcall	_I2C_Master_Start
   594  07C9                     l899:
   595                           
   596                           ;C:/Users/danie/OneDrive/Desktop/DIGITAL2/proyecto/proyecto2.X/proyecto2.c: 56:         
      +                          I2C_Master_Write(0x51);
   597  07C9  3051               	movlw	81
   598  07CA  00F0               	movwf	I2C_Master_Write@d
   599  07CB  3000               	movlw	0
   600  07CC  00F1               	movwf	I2C_Master_Write@d+1
   601  07CD  120A  118A  2698  120A  118A  	fcall	_I2C_Master_Write
   602  07D2                     l901:
   603                           
   604                           ;C:/Users/danie/OneDrive/Desktop/DIGITAL2/proyecto/proyecto2.X/proyecto2.c: 57:         
      +                          PORTD = I2C_Master_Read(0);
   605  07D2  3000               	movlw	0
   606  07D3  00F0               	movwf	I2C_Master_Read@a
   607  07D4  00F1               	movwf	I2C_Master_Read@a+1
   608  07D5  120A  118A  26C3  120A  118A  	fcall	_I2C_Master_Read
   609  07DA  0870               	movf	?_I2C_Master_Read,w
   610  07DB  1283               	bcf	3,5	;RP0=0, select bank0
   611  07DC  1303               	bcf	3,6	;RP1=0, select bank0
   612  07DD  0088               	movwf	8	;volatile
   613  07DE                     l903:
   614                           
   615                           ;C:/Users/danie/OneDrive/Desktop/DIGITAL2/proyecto/proyecto2.X/proyecto2.c: 58:         
      +                          I2C_Master_Stop();
   616  07DE  120A  118A  268F  120A  118A  	fcall	_I2C_Master_Stop
   617  07E3                     l905:
   618                           
   619                           ;C:/Users/danie/OneDrive/Desktop/DIGITAL2/proyecto/proyecto2.X/proyecto2.c: 59:         
      +                          _delay((unsigned long)((200)*(8000000/4000.0)));
   620  07E3  3003               	movlw	3
   621  07E4  1283               	bcf	3,5	;RP0=0, select bank0
   622  07E5  1303               	bcf	3,6	;RP1=0, select bank0
   623  07E6  00AA               	movwf	??_main+2
   624  07E7  3008               	movlw	8
   625  07E8  00A9               	movwf	??_main+1
   626  07E9  3076               	movlw	118
   627  07EA  00A8               	movwf	??_main
   628  07EB                     u227:
   629  07EB  0BA8               	decfsz	??_main,f
   630  07EC  2FEB               	goto	u227
   631  07ED  0BA9               	decfsz	??_main+1,f
   632  07EE  2FEB               	goto	u227
   633  07EF  0BAA               	decfsz	??_main+2,f
   634  07F0  2FEB               	goto	u227
   635  07F1  0000               	nop
   636  07F2                     l907:
   637                           
   638                           ;C:/Users/danie/OneDrive/Desktop/DIGITAL2/proyecto/proyecto2.X/proyecto2.c: 60:         
      +                          PORTB++;
   639  07F2  3001               	movlw	1
   640  07F3  1283               	bcf	3,5	;RP0=0, select bank0
   641  07F4  1303               	bcf	3,6	;RP1=0, select bank0
   642  07F5  00A8               	movwf	??_main
   643  07F6  0828               	movf	??_main,w
   644  07F7  0786               	addwf	6,f	;volatile
   645  07F8  2F94               	goto	l27
   646  07F9  120A  118A  2800   	ljmp	start
   647  07FC                     __end_of_main:
   648                           
   649                           	psect	text1
   650  06AF                     __ptext1:	
   651 ;; *************** function _setup *****************
   652 ;; Defined at:
   653 ;;		line 67 in file "C:/Users/danie/OneDrive/Desktop/DIGITAL2/proyecto/proyecto2.X/proyecto2.c"
   654 ;; Parameters:    Size  Location     Type
   655 ;;		None
   656 ;; Auto vars:     Size  Location     Type
   657 ;;		None
   658 ;; Return value:  Size  Location     Type
   659 ;;                  1    wreg      void 
   660 ;; Registers used:
   661 ;;		wreg, status,2, status,0, pclath, cstack
   662 ;; Tracked objects:
   663 ;;		On entry : 0/0
   664 ;;		On exit  : 0/0
   665 ;;		Unchanged: 0/0
   666 ;; Data sizes:     COMMON   BANK0   BANK1   BANK3   BANK2
   667 ;;      Params:         0       0       0       0       0
   668 ;;      Locals:         0       0       0       0       0
   669 ;;      Temps:          0       0       0       0       0
   670 ;;      Totals:         0       0       0       0       0
   671 ;;Total ram usage:        0 bytes
   672 ;; Hardware stack levels used:    1
   673 ;; Hardware stack levels required when called:    2
   674 ;; This function calls:
   675 ;;		_I2C_Master_Init
   676 ;; This function is called by:
   677 ;;		_main
   678 ;; This function uses a non-reentrant model
   679 ;;
   680                           
   681                           
   682                           ;psect for function _setup
   683  06AF                     _setup:
   684  06AF                     l869:	
   685                           ;incstack = 0
   686                           ; Regs used in _setup: [wreg+status,2+status,0+pclath+cstack]
   687                           
   688                           
   689                           ;C:/Users/danie/OneDrive/Desktop/DIGITAL2/proyecto/proyecto2.X/proyecto2.c: 68:     ANSE
      +                          L = 0;
   690  06AF  1683               	bsf	3,5	;RP0=1, select bank3
   691  06B0  1703               	bsf	3,6	;RP1=1, select bank3
   692  06B1  0188               	clrf	8	;volatile
   693                           
   694                           ;C:/Users/danie/OneDrive/Desktop/DIGITAL2/proyecto/proyecto2.X/proyecto2.c: 69:     ANSE
      +                          LH = 0;
   695  06B2  0189               	clrf	9	;volatile
   696  06B3                     l871:
   697                           
   698                           ;C:/Users/danie/OneDrive/Desktop/DIGITAL2/proyecto/proyecto2.X/proyecto2.c: 71:     I2C_
      +                          Master_Init(100000);
   699  06B3  3000               	movlw	0
   700  06B4  1283               	bcf	3,5	;RP0=0, select bank0
   701  06B5  1303               	bcf	3,6	;RP1=0, select bank0
   702  06B6  00A3               	movwf	I2C_Master_Init@c+3
   703  06B7  3001               	movlw	1
   704  06B8  00A2               	movwf	I2C_Master_Init@c+2
   705  06B9  3086               	movlw	134
   706  06BA  00A1               	movwf	I2C_Master_Init@c+1
   707  06BB  30A0               	movlw	160
   708  06BC  00A0               	movwf	I2C_Master_Init@c
   709  06BD  120A  118A  26F1  120A  118A  	fcall	_I2C_Master_Init
   710  06C2                     l33:
   711  06C2  0008               	return
   712  06C3                     __end_of_setup:
   713                           
   714                           	psect	text2
   715  06F1                     __ptext2:	
   716 ;; *************** function _I2C_Master_Init *****************
   717 ;; Defined at:
   718 ;;		line 16 in file "C:/Users/danie/OneDrive/Desktop/DIGITAL2/proyecto/proyecto2.X/I2C.c"
   719 ;; Parameters:    Size  Location     Type
   720 ;;  c               4    0[BANK0 ] const unsigned long 
   721 ;; Auto vars:     Size  Location     Type
   722 ;;		None
   723 ;; Return value:  Size  Location     Type
   724 ;;                  1    wreg      void 
   725 ;; Registers used:
   726 ;;		wreg, status,2, status,0, pclath, cstack
   727 ;; Tracked objects:
   728 ;;		On entry : 0/0
   729 ;;		On exit  : 0/0
   730 ;;		Unchanged: 0/0
   731 ;; Data sizes:     COMMON   BANK0   BANK1   BANK3   BANK2
   732 ;;      Params:         0       4       0       0       0
   733 ;;      Locals:         0       0       0       0       0
   734 ;;      Temps:          0       4       0       0       0
   735 ;;      Totals:         0       8       0       0       0
   736 ;;Total ram usage:        8 bytes
   737 ;; Hardware stack levels used:    1
   738 ;; Hardware stack levels required when called:    1
   739 ;; This function calls:
   740 ;;		___lldiv
   741 ;; This function is called by:
   742 ;;		_setup
   743 ;; This function uses a non-reentrant model
   744 ;;
   745                           
   746                           
   747                           ;psect for function _I2C_Master_Init
   748  06F1                     _I2C_Master_Init:
   749  06F1                     l857:	
   750                           ;incstack = 0
   751                           ; Regs used in _I2C_Master_Init: [wreg+status,2+status,0+pclath+cstack]
   752                           
   753                           
   754                           ;C:/Users/danie/OneDrive/Desktop/DIGITAL2/proyecto/proyecto2.X/I2C.c: 16: void I2C_Maste
      +                          r_Init(const unsigned long c);C:/Users/danie/OneDrive/Desktop/DIGITAL2/proyecto/proyecto
      +                          2.X/I2C.c: 17: {;C:/Users/danie/OneDrive/Desktop/DIGITAL2/proyecto/proyecto2.X/I2C.c: 18
      +                          :     SSPCON = 0b00101000;
   755  06F1  3028               	movlw	40
   756  06F2  1283               	bcf	3,5	;RP0=0, select bank0
   757  06F3  1303               	bcf	3,6	;RP1=0, select bank0
   758  06F4  0094               	movwf	20	;volatile
   759  06F5                     l859:
   760                           
   761                           ;C:/Users/danie/OneDrive/Desktop/DIGITAL2/proyecto/proyecto2.X/I2C.c: 19:     SSPCON2 = 
      +                          0;
   762  06F5  1683               	bsf	3,5	;RP0=1, select bank1
   763  06F6  1303               	bcf	3,6	;RP1=0, select bank1
   764  06F7  0191               	clrf	17	;volatile
   765  06F8                     l861:
   766                           
   767                           ;C:/Users/danie/OneDrive/Desktop/DIGITAL2/proyecto/proyecto2.X/I2C.c: 20:     SSPADD = (
      +                          8000000/(4*c))-1;
   768  06F8  1283               	bcf	3,5	;RP0=0, select bank0
   769  06F9  1303               	bcf	3,6	;RP1=0, select bank0
   770  06FA  0820               	movf	I2C_Master_Init@c,w
   771  06FB  00A4               	movwf	??_I2C_Master_Init
   772  06FC  0821               	movf	I2C_Master_Init@c+1,w
   773  06FD  00A5               	movwf	??_I2C_Master_Init+1
   774  06FE  0822               	movf	I2C_Master_Init@c+2,w
   775  06FF  00A6               	movwf	??_I2C_Master_Init+2
   776  0700  0823               	movf	I2C_Master_Init@c+3,w
   777  0701  00A7               	movwf	??_I2C_Master_Init+3
   778  0702  3002               	movlw	2
   779  0703                     u195:
   780  0703  1003               	clrc
   781  0704  0DA4               	rlf	??_I2C_Master_Init,f
   782  0705  0DA5               	rlf	??_I2C_Master_Init+1,f
   783  0706  0DA6               	rlf	??_I2C_Master_Init+2,f
   784  0707  0DA7               	rlf	??_I2C_Master_Init+3,f
   785  0708                     u190:
   786  0708  3EFF               	addlw	-1
   787  0709  1D03               	skipz
   788  070A  2F03               	goto	u195
   789  070B  0827               	movf	??_I2C_Master_Init+3,w
   790  070C  00F3               	movwf	___lldiv@divisor+3
   791  070D  0826               	movf	??_I2C_Master_Init+2,w
   792  070E  00F2               	movwf	___lldiv@divisor+2
   793  070F  0825               	movf	??_I2C_Master_Init+1,w
   794  0710  00F1               	movwf	___lldiv@divisor+1
   795  0711  0824               	movf	??_I2C_Master_Init,w
   796  0712  00F0               	movwf	___lldiv@divisor
   797  0713  3000               	movlw	0
   798  0714  00F7               	movwf	___lldiv@dividend+3
   799  0715  307A               	movlw	122
   800  0716  00F6               	movwf	___lldiv@dividend+2
   801  0717  3012               	movlw	18
   802  0718  00F5               	movwf	___lldiv@dividend+1
   803  0719  3000               	movlw	0
   804  071A  00F4               	movwf	___lldiv@dividend
   805  071B  120A  118A  2729  120A  118A  	fcall	___lldiv
   806  0720  0870               	movf	?___lldiv,w
   807  0721  3EFF               	addlw	255
   808  0722  1683               	bsf	3,5	;RP0=1, select bank1
   809  0723  1303               	bcf	3,6	;RP1=0, select bank1
   810  0724  0093               	movwf	19	;volatile
   811  0725                     l863:
   812                           
   813                           ;C:/Users/danie/OneDrive/Desktop/DIGITAL2/proyecto/proyecto2.X/I2C.c: 21:     SSPSTAT = 
      +                          0;
   814  0725  0194               	clrf	20	;volatile
   815  0726                     l865:
   816                           
   817                           ;C:/Users/danie/OneDrive/Desktop/DIGITAL2/proyecto/proyecto2.X/I2C.c: 22:     TRISCbits.
      +                          TRISC3 = 1;
   818  0726  1587               	bsf	7,3	;volatile
   819  0727                     l867:
   820                           
   821                           ;C:/Users/danie/OneDrive/Desktop/DIGITAL2/proyecto/proyecto2.X/I2C.c: 23:     TRISCbits.
      +                          TRISC4 = 1;
   822  0727  1607               	bsf	7,4	;volatile
   823  0728                     l62:
   824  0728  0008               	return
   825  0729                     __end_of_I2C_Master_Init:
   826                           
   827                           	psect	text3
   828  0729                     __ptext3:	
   829 ;; *************** function ___lldiv *****************
   830 ;; Defined at:
   831 ;;		line 5 in file "C:\Program Files\Microchip\xc8\v2.31\pic\sources\c90\common\__lldiv.c"
   832 ;; Parameters:    Size  Location     Type
   833 ;;  divisor         4    0[COMMON] unsigned long 
   834 ;;  dividend        4    4[COMMON] unsigned long 
   835 ;; Auto vars:     Size  Location     Type
   836 ;;  quotient        4    9[COMMON] unsigned long 
   837 ;;  counter         1   13[COMMON] unsigned char 
   838 ;; Return value:  Size  Location     Type
   839 ;;                  4    0[COMMON] unsigned long 
   840 ;; Registers used:
   841 ;;		wreg, status,2, status,0
   842 ;; Tracked objects:
   843 ;;		On entry : 0/0
   844 ;;		On exit  : 0/0
   845 ;;		Unchanged: 0/0
   846 ;; Data sizes:     COMMON   BANK0   BANK1   BANK3   BANK2
   847 ;;      Params:         8       0       0       0       0
   848 ;;      Locals:         5       0       0       0       0
   849 ;;      Temps:          1       0       0       0       0
   850 ;;      Totals:        14       0       0       0       0
   851 ;;Total ram usage:       14 bytes
   852 ;; Hardware stack levels used:    1
   853 ;; This function calls:
   854 ;;		Nothing
   855 ;; This function is called by:
   856 ;;		_I2C_Master_Init
   857 ;; This function uses a non-reentrant model
   858 ;;
   859                           
   860                           
   861                           ;psect for function ___lldiv
   862  0729                     ___lldiv:
   863  0729                     l833:	
   864                           ;incstack = 0
   865                           ; Regs used in ___lldiv: [wreg+status,2+status,0]
   866                           
   867  0729  3000               	movlw	0
   868  072A  00FC               	movwf	___lldiv@quotient+3
   869  072B  3000               	movlw	0
   870  072C  00FB               	movwf	___lldiv@quotient+2
   871  072D  3000               	movlw	0
   872  072E  00FA               	movwf	___lldiv@quotient+1
   873  072F  3000               	movlw	0
   874  0730  00F9               	movwf	___lldiv@quotient
   875  0731  0873               	movf	___lldiv@divisor+3,w
   876  0732  0472               	iorwf	___lldiv@divisor+2,w
   877  0733  0471               	iorwf	___lldiv@divisor+1,w
   878  0734  0470               	iorwf	___lldiv@divisor,w
   879  0735  1903               	skipnz
   880  0736  2F38               	goto	u121
   881  0737  2F39               	goto	u120
   882  0738                     u121:
   883  0738  2F86               	goto	l853
   884  0739                     u120:
   885  0739                     l835:
   886  0739  01FD               	clrf	___lldiv@counter
   887  073A  0AFD               	incf	___lldiv@counter,f
   888  073B  2F49               	goto	l839
   889  073C                     l837:
   890  073C  3001               	movlw	1
   891  073D  00F8               	movwf	??___lldiv
   892  073E                     u135:
   893  073E  1003               	clrc
   894  073F  0DF0               	rlf	___lldiv@divisor,f
   895  0740  0DF1               	rlf	___lldiv@divisor+1,f
   896  0741  0DF2               	rlf	___lldiv@divisor+2,f
   897  0742  0DF3               	rlf	___lldiv@divisor+3,f
   898  0743  0BF8               	decfsz	??___lldiv,f
   899  0744  2F3E               	goto	u135
   900  0745  3001               	movlw	1
   901  0746  00F8               	movwf	??___lldiv
   902  0747  0878               	movf	??___lldiv,w
   903  0748  07FD               	addwf	___lldiv@counter,f
   904  0749                     l839:
   905  0749  1FF3               	btfss	___lldiv@divisor+3,7
   906  074A  2F4C               	goto	u141
   907  074B  2F4D               	goto	u140
   908  074C                     u141:
   909  074C  2F3C               	goto	l837
   910  074D                     u140:
   911  074D                     l841:
   912  074D  3001               	movlw	1
   913  074E  00F8               	movwf	??___lldiv
   914  074F                     u155:
   915  074F  1003               	clrc
   916  0750  0DF9               	rlf	___lldiv@quotient,f
   917  0751  0DFA               	rlf	___lldiv@quotient+1,f
   918  0752  0DFB               	rlf	___lldiv@quotient+2,f
   919  0753  0DFC               	rlf	___lldiv@quotient+3,f
   920  0754  0BF8               	decfsz	??___lldiv,f
   921  0755  2F4F               	goto	u155
   922  0756                     l843:
   923  0756  0873               	movf	___lldiv@divisor+3,w
   924  0757  0277               	subwf	___lldiv@dividend+3,w
   925  0758  1D03               	skipz
   926  0759  2F64               	goto	u165
   927  075A  0872               	movf	___lldiv@divisor+2,w
   928  075B  0276               	subwf	___lldiv@dividend+2,w
   929  075C  1D03               	skipz
   930  075D  2F64               	goto	u165
   931  075E  0871               	movf	___lldiv@divisor+1,w
   932  075F  0275               	subwf	___lldiv@dividend+1,w
   933  0760  1D03               	skipz
   934  0761  2F64               	goto	u165
   935  0762  0870               	movf	___lldiv@divisor,w
   936  0763  0274               	subwf	___lldiv@dividend,w
   937  0764                     u165:
   938  0764  1C03               	skipc
   939  0765  2F67               	goto	u161
   940  0766  2F68               	goto	u160
   941  0767                     u161:
   942  0767  2F77               	goto	l849
   943  0768                     u160:
   944  0768                     l845:
   945  0768  0870               	movf	___lldiv@divisor,w
   946  0769  02F4               	subwf	___lldiv@dividend,f
   947  076A  0871               	movf	___lldiv@divisor+1,w
   948  076B  1C03               	skipc
   949  076C  0F71               	incfsz	___lldiv@divisor+1,w
   950  076D  02F5               	subwf	___lldiv@dividend+1,f
   951  076E  0872               	movf	___lldiv@divisor+2,w
   952  076F  1C03               	skipc
   953  0770  0F72               	incfsz	___lldiv@divisor+2,w
   954  0771  02F6               	subwf	___lldiv@dividend+2,f
   955  0772  0873               	movf	___lldiv@divisor+3,w
   956  0773  1C03               	skipc
   957  0774  0F73               	incfsz	___lldiv@divisor+3,w
   958  0775  02F7               	subwf	___lldiv@dividend+3,f
   959  0776                     l847:
   960  0776  1479               	bsf	___lldiv@quotient,0
   961  0777                     l849:
   962  0777  3001               	movlw	1
   963  0778                     u175:
   964  0778  1003               	clrc
   965  0779  0CF3               	rrf	___lldiv@divisor+3,f
   966  077A  0CF2               	rrf	___lldiv@divisor+2,f
   967  077B  0CF1               	rrf	___lldiv@divisor+1,f
   968  077C  0CF0               	rrf	___lldiv@divisor,f
   969  077D  3EFF               	addlw	-1
   970  077E  1D03               	skipz
   971  077F  2F78               	goto	u175
   972  0780                     l851:
   973  0780  3001               	movlw	1
   974  0781  02FD               	subwf	___lldiv@counter,f
   975  0782  1D03               	btfss	3,2
   976  0783  2F85               	goto	u181
   977  0784  2F86               	goto	u180
   978  0785                     u181:
   979  0785  2F4D               	goto	l841
   980  0786                     u180:
   981  0786                     l853:
   982  0786  087C               	movf	___lldiv@quotient+3,w
   983  0787  00F3               	movwf	?___lldiv+3
   984  0788  087B               	movf	___lldiv@quotient+2,w
   985  0789  00F2               	movwf	?___lldiv+2
   986  078A  087A               	movf	___lldiv@quotient+1,w
   987  078B  00F1               	movwf	?___lldiv+1
   988  078C  0879               	movf	___lldiv@quotient,w
   989  078D  00F0               	movwf	?___lldiv
   990  078E                     l229:
   991  078E  0008               	return
   992  078F                     __end_of___lldiv:
   993                           
   994                           	psect	text4
   995  0698                     __ptext4:	
   996 ;; *************** function _I2C_Master_Write *****************
   997 ;; Defined at:
   998 ;;		line 65 in file "C:/Users/danie/OneDrive/Desktop/DIGITAL2/proyecto/proyecto2.X/I2C.c"
   999 ;; Parameters:    Size  Location     Type
  1000 ;;  d               2    0[COMMON] unsigned int 
  1001 ;; Auto vars:     Size  Location     Type
  1002 ;;		None
  1003 ;; Return value:  Size  Location     Type
  1004 ;;                  1    wreg      void 
  1005 ;; Registers used:
  1006 ;;		wreg, status,2, status,0, pclath, cstack
  1007 ;; Tracked objects:
  1008 ;;		On entry : 0/0
  1009 ;;		On exit  : 0/0
  1010 ;;		Unchanged: 0/0
  1011 ;; Data sizes:     COMMON   BANK0   BANK1   BANK3   BANK2
  1012 ;;      Params:         2       0       0       0       0
  1013 ;;      Locals:         0       0       0       0       0
  1014 ;;      Temps:          0       0       0       0       0
  1015 ;;      Totals:         2       0       0       0       0
  1016 ;;Total ram usage:        2 bytes
  1017 ;; Hardware stack levels used:    1
  1018 ;; Hardware stack levels required when called:    1
  1019 ;; This function calls:
  1020 ;;		_I2C_Master_Wait
  1021 ;; This function is called by:
  1022 ;;		_main
  1023 ;; This function uses a non-reentrant model
  1024 ;;
  1025                           
  1026                           
  1027                           ;psect for function _I2C_Master_Write
  1028  0698                     _I2C_Master_Write:
  1029  0698                     l873:	
  1030                           ;incstack = 0
  1031                           ; Regs used in _I2C_Master_Write: [wreg+status,2+status,0+pclath+cstack]
  1032                           
  1033                           
  1034                           ;C:/Users/danie/OneDrive/Desktop/DIGITAL2/proyecto/proyecto2.X/I2C.c: 65: void I2C_Maste
      +                          r_Write(unsigned d);C:/Users/danie/OneDrive/Desktop/DIGITAL2/proyecto/proyecto2.X/I2C.c:
      +                           66: {;C:/Users/danie/OneDrive/Desktop/DIGITAL2/proyecto/proyecto2.X/I2C.c: 67:     I2C_
      +                          Master_Wait();
  1035  0698  120A  118A  26A2  120A  118A  	fcall	_I2C_Master_Wait
  1036  069D                     l875:
  1037                           
  1038                           ;C:/Users/danie/OneDrive/Desktop/DIGITAL2/proyecto/proyecto2.X/I2C.c: 68:     SSPBUF = d
      +                          ;
  1039  069D  0870               	movf	I2C_Master_Write@d,w
  1040  069E  1283               	bcf	3,5	;RP0=0, select bank0
  1041  069F  1303               	bcf	3,6	;RP1=0, select bank0
  1042  06A0  0093               	movwf	19	;volatile
  1043  06A1                     l80:
  1044  06A1  0008               	return
  1045  06A2                     __end_of_I2C_Master_Write:
  1046                           
  1047                           	psect	text5
  1048  068F                     __ptext5:	
  1049 ;; *************** function _I2C_Master_Stop *****************
  1050 ;; Defined at:
  1051 ;;		line 55 in file "C:/Users/danie/OneDrive/Desktop/DIGITAL2/proyecto/proyecto2.X/I2C.c"
  1052 ;; Parameters:    Size  Location     Type
  1053 ;;		None
  1054 ;; Auto vars:     Size  Location     Type
  1055 ;;		None
  1056 ;; Return value:  Size  Location     Type
  1057 ;;                  1    wreg      void 
  1058 ;; Registers used:
  1059 ;;		wreg, status,2, status,0, pclath, cstack
  1060 ;; Tracked objects:
  1061 ;;		On entry : 0/0
  1062 ;;		On exit  : 0/0
  1063 ;;		Unchanged: 0/0
  1064 ;; Data sizes:     COMMON   BANK0   BANK1   BANK3   BANK2
  1065 ;;      Params:         0       0       0       0       0
  1066 ;;      Locals:         0       0       0       0       0
  1067 ;;      Temps:          0       0       0       0       0
  1068 ;;      Totals:         0       0       0       0       0
  1069 ;;Total ram usage:        0 bytes
  1070 ;; Hardware stack levels used:    1
  1071 ;; Hardware stack levels required when called:    1
  1072 ;; This function calls:
  1073 ;;		_I2C_Master_Wait
  1074 ;; This function is called by:
  1075 ;;		_main
  1076 ;; This function uses a non-reentrant model
  1077 ;;
  1078                           
  1079                           
  1080                           ;psect for function _I2C_Master_Stop
  1081  068F                     _I2C_Master_Stop:
  1082  068F                     l751:	
  1083                           ;incstack = 0
  1084                           ; Regs used in _I2C_Master_Stop: [wreg+status,2+status,0+pclath+cstack]
  1085                           
  1086                           
  1087                           ;C:/Users/danie/OneDrive/Desktop/DIGITAL2/proyecto/proyecto2.X/I2C.c: 57:     I2C_Master
      +                          _Wait();
  1088  068F  120A  118A  26A2  120A  118A  	fcall	_I2C_Master_Wait
  1089  0694                     l753:
  1090                           
  1091                           ;C:/Users/danie/OneDrive/Desktop/DIGITAL2/proyecto/proyecto2.X/I2C.c: 58:     SSPCON2bit
      +                          s.PEN = 1;
  1092  0694  1683               	bsf	3,5	;RP0=1, select bank1
  1093  0695  1303               	bcf	3,6	;RP1=0, select bank1
  1094  0696  1511               	bsf	17,2	;volatile
  1095  0697                     l77:
  1096  0697  0008               	return
  1097  0698                     __end_of_I2C_Master_Stop:
  1098                           
  1099                           	psect	text6
  1100  0686                     __ptext6:	
  1101 ;; *************** function _I2C_Master_Start *****************
  1102 ;; Defined at:
  1103 ;;		line 39 in file "C:/Users/danie/OneDrive/Desktop/DIGITAL2/proyecto/proyecto2.X/I2C.c"
  1104 ;; Parameters:    Size  Location     Type
  1105 ;;		None
  1106 ;; Auto vars:     Size  Location     Type
  1107 ;;		None
  1108 ;; Return value:  Size  Location     Type
  1109 ;;                  1    wreg      void 
  1110 ;; Registers used:
  1111 ;;		wreg, status,2, status,0, pclath, cstack
  1112 ;; Tracked objects:
  1113 ;;		On entry : 0/0
  1114 ;;		On exit  : 0/0
  1115 ;;		Unchanged: 0/0
  1116 ;; Data sizes:     COMMON   BANK0   BANK1   BANK3   BANK2
  1117 ;;      Params:         0       0       0       0       0
  1118 ;;      Locals:         0       0       0       0       0
  1119 ;;      Temps:          0       0       0       0       0
  1120 ;;      Totals:         0       0       0       0       0
  1121 ;;Total ram usage:        0 bytes
  1122 ;; Hardware stack levels used:    1
  1123 ;; Hardware stack levels required when called:    1
  1124 ;; This function calls:
  1125 ;;		_I2C_Master_Wait
  1126 ;; This function is called by:
  1127 ;;		_main
  1128 ;; This function uses a non-reentrant model
  1129 ;;
  1130                           
  1131                           
  1132                           ;psect for function _I2C_Master_Start
  1133  0686                     _I2C_Master_Start:
  1134  0686                     l743:	
  1135                           ;incstack = 0
  1136                           ; Regs used in _I2C_Master_Start: [wreg+status,2+status,0+pclath+cstack]
  1137                           
  1138                           
  1139                           ;C:/Users/danie/OneDrive/Desktop/DIGITAL2/proyecto/proyecto2.X/I2C.c: 41:     I2C_Master
      +                          _Wait();
  1140  0686  120A  118A  26A2  120A  118A  	fcall	_I2C_Master_Wait
  1141  068B                     l745:
  1142                           
  1143                           ;C:/Users/danie/OneDrive/Desktop/DIGITAL2/proyecto/proyecto2.X/I2C.c: 42:     SSPCON2bit
      +                          s.SEN = 1;
  1144  068B  1683               	bsf	3,5	;RP0=1, select bank1
  1145  068C  1303               	bcf	3,6	;RP1=0, select bank1
  1146  068D  1411               	bsf	17,0	;volatile
  1147  068E                     l71:
  1148  068E  0008               	return
  1149  068F                     __end_of_I2C_Master_Start:
  1150                           
  1151                           	psect	text7
  1152  06C3                     __ptext7:	
  1153 ;; *************** function _I2C_Master_Read *****************
  1154 ;; Defined at:
  1155 ;;		line 74 in file "C:/Users/danie/OneDrive/Desktop/DIGITAL2/proyecto/proyecto2.X/I2C.c"
  1156 ;; Parameters:    Size  Location     Type
  1157 ;;  a               2    0[COMMON] unsigned short 
  1158 ;; Auto vars:     Size  Location     Type
  1159 ;;  temp            2    4[COMMON] unsigned short 
  1160 ;; Return value:  Size  Location     Type
  1161 ;;                  2    0[COMMON] unsigned short 
  1162 ;; Registers used:
  1163 ;;		wreg, status,2, status,0, pclath, cstack
  1164 ;; Tracked objects:
  1165 ;;		On entry : 0/0
  1166 ;;		On exit  : 0/0
  1167 ;;		Unchanged: 0/0
  1168 ;; Data sizes:     COMMON   BANK0   BANK1   BANK3   BANK2
  1169 ;;      Params:         2       0       0       0       0
  1170 ;;      Locals:         2       0       0       0       0
  1171 ;;      Temps:          2       0       0       0       0
  1172 ;;      Totals:         6       0       0       0       0
  1173 ;;Total ram usage:        6 bytes
  1174 ;; Hardware stack levels used:    1
  1175 ;; Hardware stack levels required when called:    1
  1176 ;; This function calls:
  1177 ;;		_I2C_Master_Wait
  1178 ;; This function is called by:
  1179 ;;		_main
  1180 ;; This function uses a non-reentrant model
  1181 ;;
  1182                           
  1183                           
  1184                           ;psect for function _I2C_Master_Read
  1185  06C3                     _I2C_Master_Read:
  1186  06C3                     l877:	
  1187                           ;incstack = 0
  1188                           ; Regs used in _I2C_Master_Read: [wreg+status,2+status,0+pclath+cstack]
  1189                           
  1190                           
  1191                           ;C:/Users/danie/OneDrive/Desktop/DIGITAL2/proyecto/proyecto2.X/I2C.c: 74: unsigned short
      +                           I2C_Master_Read(unsigned short a);C:/Users/danie/OneDrive/Desktop/DIGITAL2/proyecto/pro
      +                          yecto2.X/I2C.c: 75: {;C:/Users/danie/OneDrive/Desktop/DIGITAL2/proyecto/proyecto2.X/I2C.
      +                          c: 76:     unsigned short temp;;C:/Users/danie/OneDrive/Desktop/DIGITAL2/proyecto/proyec
      +                          to2.X/I2C.c: 77:     I2C_Master_Wait();
  1192  06C3  120A  118A  26A2  120A  118A  	fcall	_I2C_Master_Wait
  1193  06C8                     l879:
  1194                           
  1195                           ;C:/Users/danie/OneDrive/Desktop/DIGITAL2/proyecto/proyecto2.X/I2C.c: 78:     SSPCON2bit
      +                          s.RCEN = 1;
  1196  06C8  1683               	bsf	3,5	;RP0=1, select bank1
  1197  06C9  1303               	bcf	3,6	;RP1=0, select bank1
  1198  06CA  1591               	bsf	17,3	;volatile
  1199                           
  1200                           ;C:/Users/danie/OneDrive/Desktop/DIGITAL2/proyecto/proyecto2.X/I2C.c: 79:     I2C_Master
      +                          _Wait();
  1201  06CB  120A  118A  26A2  120A  118A  	fcall	_I2C_Master_Wait
  1202  06D0                     l881:
  1203                           
  1204                           ;C:/Users/danie/OneDrive/Desktop/DIGITAL2/proyecto/proyecto2.X/I2C.c: 80:     temp = SSP
      +                          BUF;
  1205  06D0  1283               	bcf	3,5	;RP0=0, select bank0
  1206  06D1  1303               	bcf	3,6	;RP1=0, select bank0
  1207  06D2  0813               	movf	19,w	;volatile
  1208  06D3  00F2               	movwf	??_I2C_Master_Read
  1209  06D4  01F3               	clrf	??_I2C_Master_Read+1
  1210  06D5  0872               	movf	??_I2C_Master_Read,w
  1211  06D6  00F4               	movwf	I2C_Master_Read@temp
  1212  06D7  0873               	movf	??_I2C_Master_Read+1,w
  1213  06D8  00F5               	movwf	I2C_Master_Read@temp+1
  1214  06D9                     l883:
  1215                           
  1216                           ;C:/Users/danie/OneDrive/Desktop/DIGITAL2/proyecto/proyecto2.X/I2C.c: 81:     I2C_Master
      +                          _Wait();
  1217  06D9  120A  118A  26A2  120A  118A  	fcall	_I2C_Master_Wait
  1218  06DE                     l885:
  1219                           
  1220                           ;C:/Users/danie/OneDrive/Desktop/DIGITAL2/proyecto/proyecto2.X/I2C.c: 82:     if(a == 1)
      +                          {
  1221  06DE  0370               	decf	I2C_Master_Read@a,w
  1222  06DF  0471               	iorwf	I2C_Master_Read@a+1,w
  1223  06E0  1D03               	btfss	3,2
  1224  06E1  2EE3               	goto	u201
  1225  06E2  2EE4               	goto	u200
  1226  06E3                     u201:
  1227  06E3  2EE8               	goto	l83
  1228  06E4                     u200:
  1229  06E4                     l887:
  1230                           
  1231                           ;C:/Users/danie/OneDrive/Desktop/DIGITAL2/proyecto/proyecto2.X/I2C.c: 83:         SSPCON
      +                          2bits.ACKDT = 0;
  1232  06E4  1683               	bsf	3,5	;RP0=1, select bank1
  1233  06E5  1303               	bcf	3,6	;RP1=0, select bank1
  1234  06E6  1291               	bcf	17,5	;volatile
  1235                           
  1236                           ;C:/Users/danie/OneDrive/Desktop/DIGITAL2/proyecto/proyecto2.X/I2C.c: 84:     }else{
  1237  06E7  2EEB               	goto	l84
  1238  06E8                     l83:
  1239                           
  1240                           ;C:/Users/danie/OneDrive/Desktop/DIGITAL2/proyecto/proyecto2.X/I2C.c: 85:         SSPCON
      +                          2bits.ACKDT = 1;
  1241  06E8  1683               	bsf	3,5	;RP0=1, select bank1
  1242  06E9  1303               	bcf	3,6	;RP1=0, select bank1
  1243  06EA  1691               	bsf	17,5	;volatile
  1244  06EB                     l84:	
  1245                           ;C:/Users/danie/OneDrive/Desktop/DIGITAL2/proyecto/proyecto2.X/I2C.c: 86:     }
  1246                           
  1247                           
  1248                           ;C:/Users/danie/OneDrive/Desktop/DIGITAL2/proyecto/proyecto2.X/I2C.c: 87:     SSPCON2bit
      +                          s.ACKEN = 1;
  1249  06EB  1611               	bsf	17,4	;volatile
  1250  06EC                     l889:
  1251                           
  1252                           ;C:/Users/danie/OneDrive/Desktop/DIGITAL2/proyecto/proyecto2.X/I2C.c: 88:     return tem
      +                          p;
  1253  06EC  0875               	movf	I2C_Master_Read@temp+1,w
  1254  06ED  00F1               	movwf	?_I2C_Master_Read+1
  1255  06EE  0874               	movf	I2C_Master_Read@temp,w
  1256  06EF  00F0               	movwf	?_I2C_Master_Read
  1257  06F0                     l85:
  1258  06F0  0008               	return
  1259  06F1                     __end_of_I2C_Master_Read:
  1260                           
  1261                           	psect	text8
  1262  06A2                     __ptext8:	
  1263 ;; *************** function _I2C_Master_Wait *****************
  1264 ;; Defined at:
  1265 ;;		line 32 in file "C:/Users/danie/OneDrive/Desktop/DIGITAL2/proyecto/proyecto2.X/I2C.c"
  1266 ;; Parameters:    Size  Location     Type
  1267 ;;		None
  1268 ;; Auto vars:     Size  Location     Type
  1269 ;;		None
  1270 ;; Return value:  Size  Location     Type
  1271 ;;                  1    wreg      void 
  1272 ;; Registers used:
  1273 ;;		wreg, status,2
  1274 ;; Tracked objects:
  1275 ;;		On entry : 0/0
  1276 ;;		On exit  : 0/0
  1277 ;;		Unchanged: 0/0
  1278 ;; Data sizes:     COMMON   BANK0   BANK1   BANK3   BANK2
  1279 ;;      Params:         0       0       0       0       0
  1280 ;;      Locals:         0       0       0       0       0
  1281 ;;      Temps:          0       0       0       0       0
  1282 ;;      Totals:         0       0       0       0       0
  1283 ;;Total ram usage:        0 bytes
  1284 ;; Hardware stack levels used:    1
  1285 ;; This function calls:
  1286 ;;		Nothing
  1287 ;; This function is called by:
  1288 ;;		_I2C_Master_Start
  1289 ;;		_I2C_Master_Stop
  1290 ;;		_I2C_Master_Write
  1291 ;;		_I2C_Master_Read
  1292 ;;		_I2C_Master_RepeatedStart
  1293 ;; This function uses a non-reentrant model
  1294 ;;
  1295                           
  1296                           
  1297                           ;psect for function _I2C_Master_Wait
  1298  06A2                     _I2C_Master_Wait:
  1299  06A2                     l735:	
  1300                           ;incstack = 0
  1301                           ; Regs used in _I2C_Master_Wait: [wreg+status,2]
  1302                           
  1303  06A2                     l65:	
  1304                           ;C:/Users/danie/OneDrive/Desktop/DIGITAL2/proyecto/proyecto2.X/I2C.c: 34:     while ((SS
      +                          PSTAT & 0x04) || (SSPCON2 & 0x1F));
  1305                           
  1306  06A2  1683               	bsf	3,5	;RP0=1, select bank1
  1307  06A3  1303               	bcf	3,6	;RP1=0, select bank1
  1308  06A4  1914               	btfsc	20,2	;volatile
  1309  06A5  2EA7               	goto	u91
  1310  06A6  2EA8               	goto	u90
  1311  06A7                     u91:
  1312  06A7  2EA2               	goto	l65
  1313  06A8                     u90:
  1314  06A8                     l737:
  1315  06A8  0811               	movf	17,w	;volatile
  1316  06A9  391F               	andlw	31
  1317  06AA  1D03               	btfss	3,2
  1318  06AB  2EAD               	goto	u101
  1319  06AC  2EAE               	goto	u100
  1320  06AD                     u101:
  1321  06AD  2EA2               	goto	l65
  1322  06AE                     u100:
  1323  06AE                     l68:
  1324  06AE  0008               	return
  1325  06AF                     __end_of_I2C_Master_Wait:
  1326  007E                     btemp	set	126	;btemp
  1327  007E                     wtemp0	set	126
  1328                           
  1329                           	psect	config
  1330                           
  1331                           ;Config register CONFIG1 @ 0x2007
  1332                           ;	Oscillator Selection bits
  1333                           ;	FOSC = EXTRC_NOCLKOUT, RCIO oscillator: I/O function on RA6/OSC2/CLKOUT pin, RC on RA7
      +                          /OSC1/CLKIN
  1334                           ;	Watchdog Timer Enable bit
  1335                           ;	WDTE = OFF, WDT disabled and can be enabled by SWDTEN bit of the WDTCON register
  1336                           ;	Power-up Timer Enable bit
  1337                           ;	PWRTE = OFF, PWRT disabled
  1338                           ;	RE3/MCLR pin function select bit
  1339                           ;	MCLRE = OFF, RE3/MCLR pin function is digital input, MCLR internally tied to VDD
  1340                           ;	Code Protection bit
  1341                           ;	CP = OFF, Program memory code protection is disabled
  1342                           ;	Data Code Protection bit
  1343                           ;	CPD = OFF, Data memory code protection is disabled
  1344                           ;	Brown Out Reset Selection bits
  1345                           ;	BOREN = OFF, BOR disabled
  1346                           ;	Internal External Switchover bit
  1347                           ;	IESO = OFF, Internal/External Switchover mode is disabled
  1348                           ;	Fail-Safe Clock Monitor Enabled bit
  1349                           ;	FCMEN = OFF, Fail-Safe Clock Monitor is disabled
  1350                           ;	Low Voltage Programming Enable bit
  1351                           ;	LVP = OFF, RB3 pin has digital I/O, HV on MCLR must be used for programming
  1352                           ;	In-Circuit Debugger Mode bit
  1353                           ;	DEBUG = 0x1, unprogrammed default
  1354  2007                     	org	8199
  1355  2007  20D6               	dw	8406
  1356                           
  1357                           ;Config register CONFIG2 @ 0x2008
  1358                           ;	Brown-out Reset Selection bit
  1359                           ;	BOR4V = BOR40V, Brown-out Reset set to 4.0V
  1360                           ;	Flash Program Memory Self Write Enable bits
  1361                           ;	WRT = OFF, Write protection off
  1362  2008                     	org	8200
  1363  2008  3FFF               	dw	16383

Data Sizes:
    Strings     0
    Constant    0
    Data        0
    BSS         0
    Persistent  0
    Stack       0

Auto Spaces:
    Space          Size  Autos    Used
    COMMON           14     14      14
    BANK0            80     11      11
    BANK1            80      0       0
    BANK3            96      0       0
    BANK2            96      0       0

Pointer List with Targets:

    None.

Critical Paths under _main in COMMON

    _I2C_Master_Init->___lldiv

Critical Paths under _main in BANK0

    _setup->_I2C_Master_Init

Critical Paths under _main in BANK1

    None.

Critical Paths under _main in BANK3

    None.

Critical Paths under _main in BANK2

    None.

Call Graph Tables:

 ---------------------------------------------------------------------------------
 (Depth) Function   	        Calls       Base Space   Used Autos Params    Refs
 ---------------------------------------------------------------------------------
 (0) _main                                                 3     3      0     783
                                              8 BANK0      3     3      0
                    _I2C_Master_Read
                   _I2C_Master_Start
                    _I2C_Master_Stop
                   _I2C_Master_Write
                              _setup
 ---------------------------------------------------------------------------------
 (1) _setup                                                0     0      0     412
                    _I2C_Master_Init
 ---------------------------------------------------------------------------------
 (2) _I2C_Master_Init                                      8     4      4     412
                                              0 BANK0      8     4      4
                            ___lldiv
 ---------------------------------------------------------------------------------
 (3) ___lldiv                                             14     6      8     314
                                              0 COMMON    14     6      8
 ---------------------------------------------------------------------------------
 (1) _I2C_Master_Write                                     2     0      2     250
                                              0 COMMON     2     0      2
                    _I2C_Master_Wait
 ---------------------------------------------------------------------------------
 (1) _I2C_Master_Stop                                      0     0      0       0
                    _I2C_Master_Wait
 ---------------------------------------------------------------------------------
 (1) _I2C_Master_Start                                     0     0      0       0
                    _I2C_Master_Wait
 ---------------------------------------------------------------------------------
 (1) _I2C_Master_Read                                      6     4      2     121
                                              0 COMMON     6     4      2
                    _I2C_Master_Wait
 ---------------------------------------------------------------------------------
 (2) _I2C_Master_Wait                                      0     0      0       0
 ---------------------------------------------------------------------------------
 Estimated maximum stack depth 3
 ---------------------------------------------------------------------------------

 Call Graph Graphs:

 _main (ROOT)
   _I2C_Master_Read
     _I2C_Master_Wait
   _I2C_Master_Start
     _I2C_Master_Wait
   _I2C_Master_Stop
     _I2C_Master_Wait
   _I2C_Master_Write
     _I2C_Master_Wait
   _setup
     _I2C_Master_Init
       ___lldiv

 Address spaces:
Name               Size   Autos  Total    Cost      Usage
BITCOMMON            E      0       0       0        0.0%
EEDATA             100      0       0       0        0.0%
NULL                 0      0       0       0        0.0%
CODE                 0      0       0       0        0.0%
COMMON               E      E       E       1      100.0%
BITSFR0              0      0       0       1        0.0%
SFR0                 0      0       0       1        0.0%
BITSFR1              0      0       0       2        0.0%
SFR1                 0      0       0       2        0.0%
STACK                0      0       0       2        0.0%
ABS                  0      0       0       3        0.0%
BITBANK0            50      0       0       4        0.0%
BITSFR3              0      0       0       4        0.0%
SFR3                 0      0       0       4        0.0%
BANK0               50      B       B       5       13.8%
BITSFR2              0      0       0       5        0.0%
SFR2                 0      0       0       5        0.0%
BITBANK1            50      0       0       6        0.0%
BANK1               50      0       0       7        0.0%
BITBANK3            60      0       0       8        0.0%
BANK3               60      0       0       9        0.0%
BITBANK2            60      0       0      10        0.0%
BANK2               60      0       0      11        0.0%
DATA                 0      0       0      12        0.0%


Microchip Technology PIC Macro Assembler V2.31 build 20201012212115 
Symbol Table                                                                                   Thu Feb 25 09:20:47 2021

                       l33 06C2                         l27 0794                         l62 0728  
                       l71 068E                         l80 06A1                         l65 06A2  
                       l83 06E8                         l68 06AE                         l84 06EB  
                       l85 06F0                         l77 0697                         u90 06A8  
                       u91 06A7                        l229 078E                        l901 07D2  
                      l735 06A2                        l743 0686                        l751 068F  
                      l903 07DE                        l737 06A8                        l745 068B  
                      l753 0694                        l841 074D                        l833 0729  
                      l905 07E3                        l851 0780                        l843 0756  
                      l835 0739                        l907 07F2                        l845 0768  
                      l837 073C                        l853 0786                        l861 06F8  
                      l847 0776                        l839 0749                        l863 0725  
                      l871 06B3                        l881 06D0                        l873 0698  
                      l849 0777                        l865 0726                        l857 06F1  
                      l883 06D9                        l875 069D                        l867 0727  
                      l859 06F5                        l885 06DE                        l877 06C3  
                      l869 06AF                        l893 078F                        l887 06E4  
                      l879 06C8                        l895 07B5                        l889 06EC  
                      l897 07C4                        l899 07C9                        _GIE 005F  
                      u100 06AE                        u101 06AD                        u200 06E4  
                      u120 0739                        u201 06E3                        u121 0738  
                      u140 074D                        u141 074C                        u135 073E  
                      u160 0768                        u161 0767                        u217 07BD  
                      u155 074F                        u227 07EB                        u180 0786  
                      u181 0785                        u165 0764                        u190 0708  
                      u175 0778                        u195 0703                       _PEIE 005E  
                     _main 078F                       btemp 007E                       start 0000  
         ?_I2C_Master_Init 0020           ?_I2C_Master_Read 0070           ?_I2C_Master_Wait 0070  
         ?_I2C_Master_Stop 0070                      ?_main 0070                      _ANSEL 0188  
          __end_of___lldiv 078F                      _SPBRG 0099                      _PORTB 0006  
                    _PORTD 0008                      _SSPIE 0463                      _SSPIF 0063  
                    _setup 06AF                      status 0003                      wtemp0 007E  
          __initialization 07FC               __end_of_main 07FC                     ??_main 0028  
        ?_I2C_Master_Start 0070          ?_I2C_Master_Write 0070         ??_I2C_Master_Start 0070  
       ??_I2C_Master_Write 0072                     ?_setup 0070                     _ANSELH 0189  
                   _SPBRGH 009A                     _SSPADD 0093                     _TRISC3 043B  
                   _TRISC4 043C                     _SSPCON 0014                     _SSPBUF 0013  
                ??___lldiv 0078    __end_of__initialization 07FC             __pcstackCOMMON 0070  
            __end_of_setup 06C3                    ??_setup 007E                 __pmaintext 078F  
                  _SSPCON2 0091                    _SSPSTAT 0094                    ___lldiv 0729  
                  __ptext1 06AF                    __ptext2 06F1                    __ptext3 0729  
                  __ptext4 0698                    __ptext5 068F                    __ptext6 0686  
                  __ptext7 06C3                    __ptext8 06A2   __size_of_I2C_Master_Init 0038  
 __size_of_I2C_Master_Read 002E   __size_of_I2C_Master_Wait 000D   __size_of_I2C_Master_Stop 0009  
     end_of_initialization 07FC  __size_of_I2C_Master_Start 0009  __size_of_I2C_Master_Write 000A  
          ___lldiv@divisor 0070            ___lldiv@counter 007D                  _RCSTAbits 0018  
         I2C_Master_Init@c 0020           I2C_Master_Read@a 0070                  _TRISCbits 0087  
                _TXSTAbits 0098                _BAUDCTLbits 0187        start_initialization 07FC  
        ??_I2C_Master_Init 0024          ??_I2C_Master_Read 0072          ??_I2C_Master_Wait 0070  
        ??_I2C_Master_Stop 0070                  ___latbits 0002              __pcstackBANK0 0020  
         _I2C_Master_Start 0686           _I2C_Master_Write 0698                   ?___lldiv 0070  
           __size_of_setup 0014                   _PIE1bits 008C        I2C_Master_Read@temp 0074  
         __size_of___lldiv 0066            _I2C_Master_Init 06F1            _I2C_Master_Read 06C3  
          _I2C_Master_Wait 06A2            _I2C_Master_Stop 068F              __size_of_main 006D  
 __end_of_I2C_Master_Start 068F   __end_of_I2C_Master_Write 06A2                 _INTCONbits 000B  
         ___lldiv@dividend 0074    __end_of_I2C_Master_Init 0729    __end_of_I2C_Master_Read 06F1  
  __end_of_I2C_Master_Wait 06AF    __end_of_I2C_Master_Stop 0698           ___lldiv@quotient 0079  
        I2C_Master_Write@d 0070                _SSPCON2bits 0091  
