

Microchip MPLAB XC8 Assembler V2.31 build 20201012212115 
                                                                                               Fri Feb 12 10:36:55 2021

Microchip MPLAB XC8 C Compiler v2.31 (Free license) build 20201012212115 Og1 
     1                           	processor	16F887
     2                           	pagewidth 120
     3                           	opt	flic
     4                           	psect	cinit,global,class=CODE,merge=1,delta=2
     5                           	psect	bssCOMMON,global,class=COMMON,space=1,delta=1,noexec
     6                           	psect	cstackCOMMON,global,class=COMMON,space=1,delta=1,noexec
     7                           	psect	maintext,global,class=CODE,split=1,delta=2
     8                           	psect	text1,local,class=CODE,merge=1,delta=2
     9                           	psect	text2,local,class=CODE,merge=1,delta=2
    10                           	psect	text3,local,class=CODE,merge=1,delta=2
    11                           	psect	text4,local,class=CODE,merge=1,delta=2
    12                           	psect	intentry,global,class=CODE,delta=2
    13                           	psect	text5,local,class=CODE,merge=1,delta=2
    14                           	psect	text6,local,class=CODE,merge=1,delta=2
    15                           	psect	text7,local,class=CODE,merge=1,delta=2
    16                           	psect	config,global,abs,ovrld,class=CONFIG,space=4,delta=2,noexec
    17                           	dabs	1,0x7E,2
    18  0000                     
    19                           ; Version 2.20
    20                           ; Generated 12/02/2020 GMT
    21                           ; 
    22                           ; Copyright © 2020, Microchip Technology Inc. and its subsidiaries ("Microchip")
    23                           ; All rights reserved.
    24                           ; 
    25                           ; This software is developed by Microchip Technology Inc. and its subsidiaries ("Microch
      +                          ip").
    26                           ; 
    27                           ; Redistribution and use in source and binary forms, with or without modification, are
    28                           ; permitted provided that the following conditions are met:
    29                           ; 
    30                           ;     1. Redistributions of source code must retain the above copyright notice, this lis
      +                          t of
    31                           ;        conditions and the following disclaimer.
    32                           ; 
    33                           ;     2. Redistributions in binary form must reproduce the above copyright notice, this 
      +                          list
    34                           ;        of conditions and the following disclaimer in the documentation and/or other
    35                           ;        materials provided with the distribution.
    36                           ; 
    37                           ;     3. Microchip's name may not be used to endorse or promote products derived from th
      +                          is
    38                           ;        software without specific prior written permission.
    39                           ; 
    40                           ; THIS SOFTWARE IS PROVIDED BY MICROCHIP "AS IS" AND ANY EXPRESS OR IMPLIED WARRANTIES,
    41                           ; INCLUDING, BUT NOT LIMITED TO, THE IMPLIED WARRANTIES OF MERCHANTABILITY AND FITNESS F
      +                          OR
    42                           ; PURPOSE ARE DISCLAIMED.  IN NO EVENT SHALL MICROCHIP BE LIABLE FOR ANY DIRECT, INDIREC
      +                          T,
    43                           ; INCIDENTAL, SPECIAL, EXEMPLARY, OR CONSEQUENTIAL DAMAGES (INCLUDING BUT NOT LIMITED TO
    44                           ; PROCUREMENT OF SUBSTITUTE GOODS OR SERVICES; LOSS OF USE, DATA OR PROFITS; OR BUSINESS
    45                           ; INTERRUPTION) HOWSOEVER CAUSED AND ON ANY THEORY OF LIABILITY, WHETHER IN CONTRACT, ST
      +                          RICT
    46                           ; LIABILITY, OR TORT (INCLUDING NEGLIGENCE OR OTHERWISE) ARISING IN ANY WAY OUT OF THE U
      +                          SE OF
    47                           ; THIS SOFTWARE, EVEN IF ADVISED OF THE POSSIBILITY OF SUCH DAMAGE.
    48                           ; 
    49                           ; 
    50                           ; Code-generator required, PIC16F887 Definitions
    51                           ; 
    52                           ; SFR Addresses
    53  0000                     	;# 
    54  0001                     	;# 
    55  0002                     	;# 
    56  0003                     	;# 
    57  0004                     	;# 
    58  0005                     	;# 
    59  0006                     	;# 
    60  0007                     	;# 
    61  0008                     	;# 
    62  0009                     	;# 
    63  000A                     	;# 
    64  000B                     	;# 
    65  000C                     	;# 
    66  000D                     	;# 
    67  000E                     	;# 
    68  000E                     	;# 
    69  000F                     	;# 
    70  0010                     	;# 
    71  0011                     	;# 
    72  0012                     	;# 
    73  0013                     	;# 
    74  0014                     	;# 
    75  0015                     	;# 
    76  0015                     	;# 
    77  0016                     	;# 
    78  0017                     	;# 
    79  0018                     	;# 
    80  0019                     	;# 
    81  001A                     	;# 
    82  001B                     	;# 
    83  001B                     	;# 
    84  001C                     	;# 
    85  001D                     	;# 
    86  001E                     	;# 
    87  001F                     	;# 
    88  0081                     	;# 
    89  0085                     	;# 
    90  0086                     	;# 
    91  0087                     	;# 
    92  0088                     	;# 
    93  0089                     	;# 
    94  008C                     	;# 
    95  008D                     	;# 
    96  008E                     	;# 
    97  008F                     	;# 
    98  0090                     	;# 
    99  0091                     	;# 
   100  0092                     	;# 
   101  0093                     	;# 
   102  0093                     	;# 
   103  0093                     	;# 
   104  0094                     	;# 
   105  0095                     	;# 
   106  0096                     	;# 
   107  0097                     	;# 
   108  0098                     	;# 
   109  0099                     	;# 
   110  009A                     	;# 
   111  009B                     	;# 
   112  009C                     	;# 
   113  009D                     	;# 
   114  009E                     	;# 
   115  009F                     	;# 
   116  0105                     	;# 
   117  0107                     	;# 
   118  0108                     	;# 
   119  0109                     	;# 
   120  010C                     	;# 
   121  010C                     	;# 
   122  010D                     	;# 
   123  010E                     	;# 
   124  010F                     	;# 
   125  0185                     	;# 
   126  0187                     	;# 
   127  0188                     	;# 
   128  0189                     	;# 
   129  018C                     	;# 
   130  018D                     	;# 
   131  0000                     	;# 
   132  0001                     	;# 
   133  0002                     	;# 
   134  0003                     	;# 
   135  0004                     	;# 
   136  0005                     	;# 
   137  0006                     	;# 
   138  0007                     	;# 
   139  0008                     	;# 
   140  0009                     	;# 
   141  000A                     	;# 
   142  000B                     	;# 
   143  000C                     	;# 
   144  000D                     	;# 
   145  000E                     	;# 
   146  000E                     	;# 
   147  000F                     	;# 
   148  0010                     	;# 
   149  0011                     	;# 
   150  0012                     	;# 
   151  0013                     	;# 
   152  0014                     	;# 
   153  0015                     	;# 
   154  0015                     	;# 
   155  0016                     	;# 
   156  0017                     	;# 
   157  0018                     	;# 
   158  0019                     	;# 
   159  001A                     	;# 
   160  001B                     	;# 
   161  001B                     	;# 
   162  001C                     	;# 
   163  001D                     	;# 
   164  001E                     	;# 
   165  001F                     	;# 
   166  0081                     	;# 
   167  0085                     	;# 
   168  0086                     	;# 
   169  0087                     	;# 
   170  0088                     	;# 
   171  0089                     	;# 
   172  008C                     	;# 
   173  008D                     	;# 
   174  008E                     	;# 
   175  008F                     	;# 
   176  0090                     	;# 
   177  0091                     	;# 
   178  0092                     	;# 
   179  0093                     	;# 
   180  0093                     	;# 
   181  0093                     	;# 
   182  0094                     	;# 
   183  0095                     	;# 
   184  0096                     	;# 
   185  0097                     	;# 
   186  0098                     	;# 
   187  0099                     	;# 
   188  009A                     	;# 
   189  009B                     	;# 
   190  009C                     	;# 
   191  009D                     	;# 
   192  009E                     	;# 
   193  009F                     	;# 
   194  0105                     	;# 
   195  0107                     	;# 
   196  0108                     	;# 
   197  0109                     	;# 
   198  010C                     	;# 
   199  010C                     	;# 
   200  010D                     	;# 
   201  010E                     	;# 
   202  010F                     	;# 
   203  0185                     	;# 
   204  0187                     	;# 
   205  0188                     	;# 
   206  0189                     	;# 
   207  018C                     	;# 
   208  018D                     	;# 
   209  0000                     	;# 
   210  0001                     	;# 
   211  0002                     	;# 
   212  0003                     	;# 
   213  0004                     	;# 
   214  0005                     	;# 
   215  0006                     	;# 
   216  0007                     	;# 
   217  0008                     	;# 
   218  0009                     	;# 
   219  000A                     	;# 
   220  000B                     	;# 
   221  000C                     	;# 
   222  000D                     	;# 
   223  000E                     	;# 
   224  000E                     	;# 
   225  000F                     	;# 
   226  0010                     	;# 
   227  0011                     	;# 
   228  0012                     	;# 
   229  0013                     	;# 
   230  0014                     	;# 
   231  0015                     	;# 
   232  0015                     	;# 
   233  0016                     	;# 
   234  0017                     	;# 
   235  0018                     	;# 
   236  0019                     	;# 
   237  001A                     	;# 
   238  001B                     	;# 
   239  001B                     	;# 
   240  001C                     	;# 
   241  001D                     	;# 
   242  001E                     	;# 
   243  001F                     	;# 
   244  0081                     	;# 
   245  0085                     	;# 
   246  0086                     	;# 
   247  0087                     	;# 
   248  0088                     	;# 
   249  0089                     	;# 
   250  008C                     	;# 
   251  008D                     	;# 
   252  008E                     	;# 
   253  008F                     	;# 
   254  0090                     	;# 
   255  0091                     	;# 
   256  0092                     	;# 
   257  0093                     	;# 
   258  0093                     	;# 
   259  0093                     	;# 
   260  0094                     	;# 
   261  0095                     	;# 
   262  0096                     	;# 
   263  0097                     	;# 
   264  0098                     	;# 
   265  0099                     	;# 
   266  009A                     	;# 
   267  009B                     	;# 
   268  009C                     	;# 
   269  009D                     	;# 
   270  009E                     	;# 
   271  009F                     	;# 
   272  0105                     	;# 
   273  0107                     	;# 
   274  0108                     	;# 
   275  0109                     	;# 
   276  010C                     	;# 
   277  010C                     	;# 
   278  010D                     	;# 
   279  010E                     	;# 
   280  010F                     	;# 
   281  0185                     	;# 
   282  0187                     	;# 
   283  0188                     	;# 
   284  0189                     	;# 
   285  018C                     	;# 
   286  018D                     	;# 
   287  0000                     	;# 
   288  0001                     	;# 
   289  0002                     	;# 
   290  0003                     	;# 
   291  0004                     	;# 
   292  0005                     	;# 
   293  0006                     	;# 
   294  0007                     	;# 
   295  0008                     	;# 
   296  0009                     	;# 
   297  000A                     	;# 
   298  000B                     	;# 
   299  000C                     	;# 
   300  000D                     	;# 
   301  000E                     	;# 
   302  000E                     	;# 
   303  000F                     	;# 
   304  0010                     	;# 
   305  0011                     	;# 
   306  0012                     	;# 
   307  0013                     	;# 
   308  0014                     	;# 
   309  0015                     	;# 
   310  0015                     	;# 
   311  0016                     	;# 
   312  0017                     	;# 
   313  0018                     	;# 
   314  0019                     	;# 
   315  001A                     	;# 
   316  001B                     	;# 
   317  001B                     	;# 
   318  001C                     	;# 
   319  001D                     	;# 
   320  001E                     	;# 
   321  001F                     	;# 
   322  0081                     	;# 
   323  0085                     	;# 
   324  0086                     	;# 
   325  0087                     	;# 
   326  0088                     	;# 
   327  0089                     	;# 
   328  008C                     	;# 
   329  008D                     	;# 
   330  008E                     	;# 
   331  008F                     	;# 
   332  0090                     	;# 
   333  0091                     	;# 
   334  0092                     	;# 
   335  0093                     	;# 
   336  0093                     	;# 
   337  0093                     	;# 
   338  0094                     	;# 
   339  0095                     	;# 
   340  0096                     	;# 
   341  0097                     	;# 
   342  0098                     	;# 
   343  0099                     	;# 
   344  009A                     	;# 
   345  009B                     	;# 
   346  009C                     	;# 
   347  009D                     	;# 
   348  009E                     	;# 
   349  009F                     	;# 
   350  0105                     	;# 
   351  0107                     	;# 
   352  0108                     	;# 
   353  0109                     	;# 
   354  010C                     	;# 
   355  010C                     	;# 
   356  010D                     	;# 
   357  010E                     	;# 
   358  010F                     	;# 
   359  0185                     	;# 
   360  0187                     	;# 
   361  0188                     	;# 
   362  0189                     	;# 
   363  018C                     	;# 
   364  018D                     	;# 
   365  000C                     _PIR1bits	set	12
   366  000B                     _INTCONbits	set	11
   367  0006                     _PORTB	set	6
   368  001F                     _ADCON0bits	set	31
   369  001E                     _ADRESH	set	30
   370  0008                     _PORTD	set	8
   371  0013                     _SSPBUF	set	19
   372  0014                     _SSPCON	set	20
   373  001F                     _ADCON0	set	31
   374  0041                     _RD1	set	65
   375  0040                     _RD0	set	64
   376  0042                     _RD2	set	66
   377  0066                     _ADIF	set	102
   378  0063                     _SSPIF	set	99
   379  0088                     _TRISD	set	136
   380  0087                     _TRISC	set	135
   381  0086                     _TRISB	set	134
   382  0094                     _SSPSTATbits	set	148
   383  0094                     _SSPSTAT	set	148
   384  0089                     _TRISEbits	set	137
   385  0085                     _TRISAbits	set	133
   386  008C                     _PIE1bits	set	140
   387  009F                     _ADCON1	set	159
   388  043B                     _TRISC3	set	1083
   389  043D                     _TRISC5	set	1085
   390  0189                     _ANSELH	set	393
   391  0188                     _ANSEL	set	392
   392  0188                     _ANSELbits	set	392
   393                           
   394                           	psect	cinit
   395  000F                     start_initialization:	
   396                           ; #config settings
   397                           
   398  000F                     __initialization:
   399                           
   400                           ; Clear objects allocated to COMMON
   401  000F  01F8               	clrf	__pbssCOMMON& (0+127)
   402  0010  01F9               	clrf	(__pbssCOMMON+1)& (0+127)
   403  0011                     end_of_initialization:	
   404                           ;End of C runtime variable initialization code
   405                           
   406  0011                     __end_of__initialization:
   407  0011  0183               	clrf	3
   408  0012  120A  118A  28BD   	ljmp	_main	;jump to C main() function
   409                           
   410                           	psect	bssCOMMON
   411  0078                     __pbssCOMMON:
   412  0078                     _TEMP:
   413  0078                     	ds	1
   414  0079                     _ADC:
   415  0079                     	ds	1
   416                           
   417                           	psect	cstackCOMMON
   418  0070                     __pcstackCOMMON:
   419  0070                     ?_Setup:
   420  0070                     ?_initADC:	
   421                           ; 1 bytes @ 0x0
   422                           
   423  0070                     ?_spiReceiveWait:	
   424                           ; 1 bytes @ 0x0
   425                           
   426  0070                     ??_spiReceiveWait:	
   427                           ; 1 bytes @ 0x0
   428                           
   429  0070                     ?_spiWrite:	
   430                           ; 1 bytes @ 0x0
   431                           
   432  0070                     ??_spiWrite:	
   433                           ; 1 bytes @ 0x0
   434                           
   435  0070                     ?_spiRead:	
   436                           ; 1 bytes @ 0x0
   437                           
   438  0070                     ??_spiRead:	
   439                           ; 1 bytes @ 0x0
   440                           
   441  0070                     ?_isr:	
   442                           ; 1 bytes @ 0x0
   443                           
   444  0070                     ?_main:	
   445                           ; 1 bytes @ 0x0
   446                           
   447  0070                     spiWrite@variable:	
   448                           ; 1 bytes @ 0x0
   449                           
   450                           
   451                           ; 1 bytes @ 0x0
   452  0070                     	ds	1
   453  0071                     ??_isr:
   454                           
   455                           ; 1 bytes @ 0x1
   456  0071                     	ds	3
   457  0074                     ??_initADC:
   458  0074                     ?_spiInit:	
   459                           ; 1 bytes @ 0x4
   460                           
   461  0074                     spiInit@sDataSample:	
   462                           ; 1 bytes @ 0x4
   463                           
   464                           
   465                           ; 1 bytes @ 0x4
   466  0074                     	ds	1
   467  0075                     spiInit@sClockIdle:
   468                           
   469                           ; 1 bytes @ 0x5
   470  0075                     	ds	1
   471  0076                     initADC@IRCF:
   472  0076                     spiInit@sTransmitEdge:	
   473                           ; 1 bytes @ 0x6
   474                           
   475                           
   476                           ; 1 bytes @ 0x6
   477  0076                     	ds	1
   478  0077                     ??_spiInit:
   479  0077                     spiInit@sType:	
   480                           ; 1 bytes @ 0x7
   481                           
   482                           
   483                           ; 1 bytes @ 0x7
   484  0077                     	ds	1
   485  0078                     ??_Setup:
   486  0078                     ??_main:	
   487                           ; 1 bytes @ 0x8
   488                           
   489                           
   490                           	psect	maintext
   491  00BD                     __pmaintext:	
   492                           ; 1 bytes @ 0x8
   493 ;;
   494 ;;Main: autosize = 0, tempsize = 0, incstack = 0, save=0
   495 ;;
   496 ;; *************** function _main *****************
   497 ;; Defined at:
   498 ;;		line 67 in file "C:/Users/danie/OneDrive/Desktop/DIGITAL2/proyecto/slave3.X/slave3.c"
   499 ;; Parameters:    Size  Location     Type
   500 ;;		None
   501 ;; Auto vars:     Size  Location     Type
   502 ;;		None
   503 ;; Return value:  Size  Location     Type
   504 ;;                  1    wreg      void 
   505 ;; Registers used:
   506 ;;		wreg, fsr0l, fsr0h, status,2, status,0, pclath, cstack
   507 ;; Tracked objects:
   508 ;;		On entry : B00/0
   509 ;;		On exit  : 0/0
   510 ;;		Unchanged: 0/0
   511 ;; Data sizes:     COMMON   BANK0   BANK1   BANK3   BANK2
   512 ;;      Params:         0       0       0       0       0
   513 ;;      Locals:         0       0       0       0       0
   514 ;;      Temps:          0       0       0       0       0
   515 ;;      Totals:         0       0       0       0       0
   516 ;;Total ram usage:        0 bytes
   517 ;; Hardware stack levels required when called:    5
   518 ;; This function calls:
   519 ;;		_Setup
   520 ;; This function is called by:
   521 ;;		Startup code after reset
   522 ;; This function uses a non-reentrant model
   523 ;;
   524                           
   525                           
   526                           ;psect for function _main
   527  00BD                     _main:
   528  00BD                     l849:	
   529                           ;incstack = 0
   530                           ; Regs used in _main: [wreg-fsr0h+status,2+status,0+pclath+cstack]
   531                           
   532                           
   533                           ;C:/Users/danie/OneDrive/Desktop/DIGITAL2/proyecto/slave3.X/slave3.c: 68:     PIR1bits.S
      +                          SPIF = 0;
   534  00BD  120A  118A  2099  120A  118A  	fcall	_Setup
   535  00C2                     l851:
   536                           
   537                           ;C:/Users/danie/OneDrive/Desktop/DIGITAL2/proyecto/slave3.X/slave3.c: 70:     TRISAbits.
      +                          TRISA5 = 1;
   538  00C2  0879               	movf	_ADC,w
   539  00C3  1283               	bcf	3,5	;RP0=0, select bank0
   540  00C4  1303               	bcf	3,6	;RP1=0, select bank0
   541  00C5  0086               	movwf	6	;volatile
   542  00C6                     l853:
   543                           
   544                           ;C:/Users/danie/OneDrive/Desktop/DIGITAL2/proyecto/slave3.X/slave3.c: 74:     spiInit(SP
      +                          I_SLAVE_SS_EN, SPI_DATA_SAMPLE_MIDDLE, SPI_CLOCK_IDLE_LOW, SPI_IDLE_2_ACTIVE);
   545  00C6  3013               	movlw	19
   546  00C7  0279               	subwf	_ADC,w
   547  00C8  1C03               	skipc
   548  00C9  28CB               	goto	u81
   549  00CA  28CC               	goto	u80
   550  00CB                     u81:
   551  00CB  28CF               	goto	l859
   552  00CC                     u80:
   553  00CC                     l855:
   554                           
   555                           ;C:/Users/danie/OneDrive/Desktop/DIGITAL2/proyecto/slave3.X/slave3.c: 75: 
   556  00CC  0188               	clrf	8	;volatile
   557  00CD                     l857:
   558                           
   559                           ;C:/Users/danie/OneDrive/Desktop/DIGITAL2/proyecto/slave3.X/slave3.c: 76: }
   560  00CD  1508               	bsf	8,2	;volatile
   561  00CE  28C2               	goto	l851
   562  00CF                     l859:
   563  00CF  300F               	movlw	15
   564  00D0  0279               	subwf	_ADC,w
   565  00D1  1803               	skipnc
   566  00D2  28D4               	goto	u91
   567  00D3  28D5               	goto	u90
   568  00D4                     u91:
   569  00D4  28D8               	goto	l865
   570  00D5                     u90:
   571  00D5                     l861:
   572  00D5  0188               	clrf	8	;volatile
   573  00D6                     l863:
   574  00D6  1408               	bsf	8,0	;volatile
   575  00D7  28C2               	goto	l851
   576  00D8                     l865:
   577  00D8  0188               	clrf	8	;volatile
   578  00D9                     l867:
   579  00D9  1488               	bsf	8,1	;volatile
   580  00DA  28C2               	goto	l851
   581  00DB  120A  118A  280C   	ljmp	start
   582  00DE                     __end_of_main:
   583                           
   584                           	psect	text1
   585  0099                     __ptext1:	
   586 ;; *************** function _Setup *****************
   587 ;; Defined at:
   588 ;;		line 91 in file "C:/Users/danie/OneDrive/Desktop/DIGITAL2/proyecto/slave3.X/slave3.c"
   589 ;; Parameters:    Size  Location     Type
   590 ;;		None
   591 ;; Auto vars:     Size  Location     Type
   592 ;;		None
   593 ;; Return value:  Size  Location     Type
   594 ;;                  1    wreg      void 
   595 ;; Registers used:
   596 ;;		wreg, fsr0l, fsr0h, status,2, status,0, pclath, cstack
   597 ;; Tracked objects:
   598 ;;		On entry : 0/0
   599 ;;		On exit  : 0/0
   600 ;;		Unchanged: 0/0
   601 ;; Data sizes:     COMMON   BANK0   BANK1   BANK3   BANK2
   602 ;;      Params:         0       0       0       0       0
   603 ;;      Locals:         0       0       0       0       0
   604 ;;      Temps:          0       0       0       0       0
   605 ;;      Totals:         0       0       0       0       0
   606 ;;Total ram usage:        0 bytes
   607 ;; Hardware stack levels used:    1
   608 ;; Hardware stack levels required when called:    4
   609 ;; This function calls:
   610 ;;		_initADC
   611 ;;		_spiInit
   612 ;; This function is called by:
   613 ;;		_main
   614 ;; This function uses a non-reentrant model
   615 ;;
   616                           
   617                           
   618                           ;psect for function _Setup
   619  0099                     _Setup:
   620  0099                     l833:	
   621                           ;incstack = 0
   622                           ; Regs used in _Setup: [wreg-fsr0h+status,2+status,0+pclath+cstack]
   623                           
   624  0099  1683               	bsf	3,5	;RP0=1, select bank3
   625  009A  1703               	bsf	3,6	;RP1=1, select bank3
   626  009B  0188               	clrf	8	;volatile
   627  009C  0189               	clrf	9	;volatile
   628  009D  1683               	bsf	3,5	;RP0=1, select bank1
   629  009E  1303               	bcf	3,6	;RP1=0, select bank1
   630  009F  0186               	clrf	6	;volatile
   631  00A0  0187               	clrf	7	;volatile
   632  00A1  0188               	clrf	8	;volatile
   633  00A2  01F9               	clrf	_ADC
   634  00A3  01F8               	clrf	_TEMP
   635  00A4                     l835:
   636  00A4  178B               	bsf	11,7	;volatile
   637  00A5                     l837:
   638  00A5  170B               	bsf	11,6	;volatile
   639  00A6                     l839:
   640  00A6  1283               	bcf	3,5	;RP0=0, select bank0
   641  00A7  1303               	bcf	3,6	;RP1=0, select bank0
   642  00A8  118C               	bcf	12,3	;volatile
   643  00A9                     l841:
   644  00A9  1683               	bsf	3,5	;RP0=1, select bank1
   645  00AA  1303               	bcf	3,6	;RP1=0, select bank1
   646  00AB  158C               	bsf	12,3	;volatile
   647  00AC                     l843:
   648  00AC  1685               	bsf	5,5	;volatile
   649  00AD                     l845:
   650  00AD  3000               	movlw	0
   651  00AE  120A  118A  2015  120A  118A  	fcall	_initADC
   652  00B3                     l847:
   653  00B3  01F4               	clrf	spiInit@sDataSample
   654  00B4  01F5               	clrf	spiInit@sClockIdle
   655  00B5  01F6               	clrf	spiInit@sTransmitEdge
   656  00B6  3024               	movlw	36
   657  00B7  120A  118A  20DE  120A  118A  	fcall	_spiInit
   658  00BC                     l127:
   659  00BC  0008               	return
   660  00BD                     __end_of_Setup:
   661                           
   662                           	psect	text2
   663  00DE                     __ptext2:	
   664 ;; *************** function _spiInit *****************
   665 ;; Defined at:
   666 ;;		line 10 in file "C:/Users/danie/OneDrive/Desktop/DIGITAL2/proyecto/slave3.X/SPI.c"
   667 ;; Parameters:    Size  Location     Type
   668 ;;  sType           1    wreg     enum E1264
   669 ;;  sDataSample     1    4[COMMON] enum E1276
   670 ;;  sClockIdle      1    5[COMMON] enum E1272
   671 ;;  sTransmitEdg    1    6[COMMON] enum E1280
   672 ;; Auto vars:     Size  Location     Type
   673 ;;  sType           1    7[COMMON] enum E1264
   674 ;; Return value:  Size  Location     Type
   675 ;;                  1    wreg      void 
   676 ;; Registers used:
   677 ;;		wreg, status,2, status,0
   678 ;; Tracked objects:
   679 ;;		On entry : 0/0
   680 ;;		On exit  : 0/0
   681 ;;		Unchanged: 0/0
   682 ;; Data sizes:     COMMON   BANK0   BANK1   BANK3   BANK2
   683 ;;      Params:         3       0       0       0       0
   684 ;;      Locals:         1       0       0       0       0
   685 ;;      Temps:          0       0       0       0       0
   686 ;;      Totals:         4       0       0       0       0
   687 ;;Total ram usage:        4 bytes
   688 ;; Hardware stack levels used:    1
   689 ;; Hardware stack levels required when called:    3
   690 ;; This function calls:
   691 ;;		Nothing
   692 ;; This function is called by:
   693 ;;		_Setup
   694 ;; This function uses a non-reentrant model
   695 ;;
   696                           
   697                           
   698                           ;psect for function _spiInit
   699  00DE                     _spiInit:
   700                           
   701                           ;incstack = 0
   702                           ; Regs used in _spiInit: [wreg+status,2+status,0]
   703                           ;spiInit@sType stored from wreg
   704  00DE  00F7               	movwf	spiInit@sType
   705  00DF                     l823:
   706                           
   707                           ;C:/Users/danie/OneDrive/Desktop/DIGITAL2/proyecto/slave3.X/SPI.c: 10: void spiInit(Spi_
      +                          Type sType, Spi_Data_Sample sDataSample, Spi_Clock_Idle sClockIdle, Spi_Transmit_Edge sT
      +                          ransmitEdge);C:/Users/danie/OneDrive/Desktop/DIGITAL2/proyecto/slave3.X/SPI.c: 11: {;C:/
      +                          Users/danie/OneDrive/Desktop/DIGITAL2/proyecto/slave3.X/SPI.c: 12:     TRISC5 = 0;
   708  00DF  1683               	bsf	3,5	;RP0=1, select bank1
   709  00E0  1303               	bcf	3,6	;RP1=0, select bank1
   710  00E1  1287               	bcf	7,5	;volatile
   711                           
   712                           ;C:/Users/danie/OneDrive/Desktop/DIGITAL2/proyecto/slave3.X/SPI.c: 14:     if(sType & 0b
      +                          00000100)
   713  00E2  1D77               	btfss	spiInit@sType,2
   714  00E3  28E5               	goto	u71
   715  00E4  28E6               	goto	u70
   716  00E5                     u71:
   717  00E5  28EA               	goto	l829
   718  00E6                     u70:
   719  00E6                     l825:
   720                           
   721                           ;C:/Users/danie/OneDrive/Desktop/DIGITAL2/proyecto/slave3.X/SPI.c: 15:     {;C:/Users/da
      +                          nie/OneDrive/Desktop/DIGITAL2/proyecto/slave3.X/SPI.c: 16:         SSPSTAT = sTransmitEd
      +                          ge;
   722  00E6  0876               	movf	spiInit@sTransmitEdge,w
   723  00E7  0094               	movwf	20	;volatile
   724  00E8                     l827:
   725                           
   726                           ;C:/Users/danie/OneDrive/Desktop/DIGITAL2/proyecto/slave3.X/SPI.c: 17:         TRISC3 = 
      +                          1;
   727  00E8  1587               	bsf	7,3	;volatile
   728                           
   729                           ;C:/Users/danie/OneDrive/Desktop/DIGITAL2/proyecto/slave3.X/SPI.c: 18:     }
   730  00E9  28EE               	goto	l42
   731  00EA                     l829:
   732                           
   733                           ;C:/Users/danie/OneDrive/Desktop/DIGITAL2/proyecto/slave3.X/SPI.c: 20:     {;C:/Users/da
      +                          nie/OneDrive/Desktop/DIGITAL2/proyecto/slave3.X/SPI.c: 21:         SSPSTAT = sDataSample
      +                           | sTransmitEdge;
   734  00EA  0874               	movf	spiInit@sDataSample,w
   735  00EB  0476               	iorwf	spiInit@sTransmitEdge,w
   736  00EC  0094               	movwf	20	;volatile
   737  00ED                     l831:
   738                           
   739                           ;C:/Users/danie/OneDrive/Desktop/DIGITAL2/proyecto/slave3.X/SPI.c: 22:         TRISC3 = 
      +                          0;
   740  00ED  1187               	bcf	7,3	;volatile
   741  00EE                     l42:	
   742                           ;C:/Users/danie/OneDrive/Desktop/DIGITAL2/proyecto/slave3.X/SPI.c: 23:     }
   743                           
   744                           
   745                           ;C:/Users/danie/OneDrive/Desktop/DIGITAL2/proyecto/slave3.X/SPI.c: 25:     SSPCON = sTyp
      +                          e | sClockIdle;
   746  00EE  0877               	movf	spiInit@sType,w
   747  00EF  0475               	iorwf	spiInit@sClockIdle,w
   748  00F0  1283               	bcf	3,5	;RP0=0, select bank0
   749  00F1  1303               	bcf	3,6	;RP1=0, select bank0
   750  00F2  0094               	movwf	20	;volatile
   751  00F3                     l43:
   752  00F3  0008               	return
   753  00F4                     __end_of_spiInit:
   754                           
   755                           	psect	text3
   756  0015                     __ptext3:	
   757 ;; *************** function _initADC *****************
   758 ;; Defined at:
   759 ;;		line 4 in file "C:/Users/danie/OneDrive/Desktop/DIGITAL2/proyecto/slave3.X/ADC.c"
   760 ;; Parameters:    Size  Location     Type
   761 ;;  IRCF            1    wreg     unsigned char 
   762 ;; Auto vars:     Size  Location     Type
   763 ;;  IRCF            1    6[COMMON] unsigned char 
   764 ;; Return value:  Size  Location     Type
   765 ;;                  1    wreg      void 
   766 ;; Registers used:
   767 ;;		wreg, fsr0l, fsr0h, status,2, status,0
   768 ;; Tracked objects:
   769 ;;		On entry : 0/0
   770 ;;		On exit  : 0/0
   771 ;;		Unchanged: 0/0
   772 ;; Data sizes:     COMMON   BANK0   BANK1   BANK3   BANK2
   773 ;;      Params:         0       0       0       0       0
   774 ;;      Locals:         1       0       0       0       0
   775 ;;      Temps:          2       0       0       0       0
   776 ;;      Totals:         3       0       0       0       0
   777 ;;Total ram usage:        3 bytes
   778 ;; Hardware stack levels used:    1
   779 ;; Hardware stack levels required when called:    3
   780 ;; This function calls:
   781 ;;		Nothing
   782 ;; This function is called by:
   783 ;;		_Setup
   784 ;; This function uses a non-reentrant model
   785 ;;
   786                           
   787                           
   788                           ;psect for function _initADC
   789  0015                     _initADC:
   790                           
   791                           ;incstack = 0
   792                           ; Regs used in _initADC: [wreg-fsr0h+status,2+status,0]
   793                           ;initADC@IRCF stored from wreg
   794  0015  00F6               	movwf	initADC@IRCF
   795  0016                     l719:
   796                           
   797                           ;C:/Users/danie/OneDrive/Desktop/DIGITAL2/proyecto/slave3.X/ADC.c: 6:     ADCON0 = 0b100
      +                          00011;
   798  0016  3083               	movlw	131
   799  0017  1283               	bcf	3,5	;RP0=0, select bank0
   800  0018  1303               	bcf	3,6	;RP1=0, select bank0
   801  0019  009F               	movwf	31	;volatile
   802  001A                     l721:
   803                           
   804                           ;C:/Users/danie/OneDrive/Desktop/DIGITAL2/proyecto/slave3.X/ADC.c: 7:     ADCON1 = 0;
   805  001A  1683               	bsf	3,5	;RP0=1, select bank1
   806  001B  1303               	bcf	3,6	;RP1=0, select bank1
   807  001C  019F               	clrf	31	;volatile
   808  001D                     l723:
   809                           
   810                           ;C:/Users/danie/OneDrive/Desktop/DIGITAL2/proyecto/slave3.X/ADC.c: 8:     PIE1bits.ADIE 
      +                          = 1;
   811  001D  170C               	bsf	12,6	;volatile
   812                           
   813                           ;C:/Users/danie/OneDrive/Desktop/DIGITAL2/proyecto/slave3.X/ADC.c: 9:     switch(IRCF){
   814  001E  284C               	goto	l727
   815  001F                     l16:	
   816                           ;C:/Users/danie/OneDrive/Desktop/DIGITAL2/proyecto/slave3.X/ADC.c: 10:         case 0:
   817                           
   818                           
   819                           ;C:/Users/danie/OneDrive/Desktop/DIGITAL2/proyecto/slave3.X/ADC.c: 11:             TRISA
      +                          bits.TRISA0 = 1;
   820  001F  1405               	bsf	5,0	;volatile
   821                           
   822                           ;C:/Users/danie/OneDrive/Desktop/DIGITAL2/proyecto/slave3.X/ADC.c: 12:             ANSEL
      +                          bits.ANS0 = 1;
   823  0020  1683               	bsf	3,5	;RP0=1, select bank3
   824  0021  1703               	bsf	3,6	;RP1=1, select bank3
   825  0022  1408               	bsf	8,0	;volatile
   826                           
   827                           ;C:/Users/danie/OneDrive/Desktop/DIGITAL2/proyecto/slave3.X/ADC.c: 13:             break
      +                          ;
   828  0023  286E               	goto	l26
   829  0024                     l18:	
   830                           ;C:/Users/danie/OneDrive/Desktop/DIGITAL2/proyecto/slave3.X/ADC.c: 14:         case 1:
   831                           
   832                           
   833                           ;C:/Users/danie/OneDrive/Desktop/DIGITAL2/proyecto/slave3.X/ADC.c: 15:             TRISA
      +                          bits.TRISA1 = 1;
   834  0024  1485               	bsf	5,1	;volatile
   835                           
   836                           ;C:/Users/danie/OneDrive/Desktop/DIGITAL2/proyecto/slave3.X/ADC.c: 16:             ANSEL
      +                          bits.ANS1 = 1;
   837  0025  1683               	bsf	3,5	;RP0=1, select bank3
   838  0026  1703               	bsf	3,6	;RP1=1, select bank3
   839  0027  1488               	bsf	8,1	;volatile
   840                           
   841                           ;C:/Users/danie/OneDrive/Desktop/DIGITAL2/proyecto/slave3.X/ADC.c: 17:             break
      +                          ;
   842  0028  286E               	goto	l26
   843  0029                     l19:	
   844                           ;C:/Users/danie/OneDrive/Desktop/DIGITAL2/proyecto/slave3.X/ADC.c: 18:         case 2:
   845                           
   846                           
   847                           ;C:/Users/danie/OneDrive/Desktop/DIGITAL2/proyecto/slave3.X/ADC.c: 19:             TRISA
      +                          bits.TRISA2 = 1;
   848  0029  1505               	bsf	5,2	;volatile
   849                           
   850                           ;C:/Users/danie/OneDrive/Desktop/DIGITAL2/proyecto/slave3.X/ADC.c: 20:             ANSEL
      +                          bits.ANS2 = 1;
   851  002A  1683               	bsf	3,5	;RP0=1, select bank3
   852  002B  1703               	bsf	3,6	;RP1=1, select bank3
   853  002C  1508               	bsf	8,2	;volatile
   854                           
   855                           ;C:/Users/danie/OneDrive/Desktop/DIGITAL2/proyecto/slave3.X/ADC.c: 21:             break
      +                          ;
   856  002D  286E               	goto	l26
   857  002E                     l20:	
   858                           ;C:/Users/danie/OneDrive/Desktop/DIGITAL2/proyecto/slave3.X/ADC.c: 22:         case 3:
   859                           
   860                           
   861                           ;C:/Users/danie/OneDrive/Desktop/DIGITAL2/proyecto/slave3.X/ADC.c: 23:             TRISA
      +                          bits.TRISA3 = 1;
   862  002E  1585               	bsf	5,3	;volatile
   863                           
   864                           ;C:/Users/danie/OneDrive/Desktop/DIGITAL2/proyecto/slave3.X/ADC.c: 24:             ANSEL
      +                          bits.ANS3 = 1;
   865  002F  1683               	bsf	3,5	;RP0=1, select bank3
   866  0030  1703               	bsf	3,6	;RP1=1, select bank3
   867  0031  1588               	bsf	8,3	;volatile
   868                           
   869                           ;C:/Users/danie/OneDrive/Desktop/DIGITAL2/proyecto/slave3.X/ADC.c: 25:             break
      +                          ;
   870  0032  286E               	goto	l26
   871  0033                     l21:	
   872                           ;C:/Users/danie/OneDrive/Desktop/DIGITAL2/proyecto/slave3.X/ADC.c: 26:         case 4:
   873                           
   874                           
   875                           ;C:/Users/danie/OneDrive/Desktop/DIGITAL2/proyecto/slave3.X/ADC.c: 27:             TRISA
      +                          bits.TRISA5 = 1;
   876  0033  1685               	bsf	5,5	;volatile
   877                           
   878                           ;C:/Users/danie/OneDrive/Desktop/DIGITAL2/proyecto/slave3.X/ADC.c: 28:             ANSEL
      +                          bits.ANS4 = 1;
   879  0034  1683               	bsf	3,5	;RP0=1, select bank3
   880  0035  1703               	bsf	3,6	;RP1=1, select bank3
   881  0036  1608               	bsf	8,4	;volatile
   882                           
   883                           ;C:/Users/danie/OneDrive/Desktop/DIGITAL2/proyecto/slave3.X/ADC.c: 29:             break
      +                          ;
   884  0037  286E               	goto	l26
   885  0038                     l22:	
   886                           ;C:/Users/danie/OneDrive/Desktop/DIGITAL2/proyecto/slave3.X/ADC.c: 30:         case 5:
   887                           
   888                           
   889                           ;C:/Users/danie/OneDrive/Desktop/DIGITAL2/proyecto/slave3.X/ADC.c: 31:             TRISE
      +                          bits.TRISE0 = 1;
   890  0038  1409               	bsf	9,0	;volatile
   891                           
   892                           ;C:/Users/danie/OneDrive/Desktop/DIGITAL2/proyecto/slave3.X/ADC.c: 32:             ANSEL
      +                          bits.ANS5 = 1;
   893  0039  1683               	bsf	3,5	;RP0=1, select bank3
   894  003A  1703               	bsf	3,6	;RP1=1, select bank3
   895  003B  1688               	bsf	8,5	;volatile
   896                           
   897                           ;C:/Users/danie/OneDrive/Desktop/DIGITAL2/proyecto/slave3.X/ADC.c: 33:             break
      +                          ;
   898  003C  286E               	goto	l26
   899  003D                     l23:	
   900                           ;C:/Users/danie/OneDrive/Desktop/DIGITAL2/proyecto/slave3.X/ADC.c: 34:         case 6:
   901                           
   902                           
   903                           ;C:/Users/danie/OneDrive/Desktop/DIGITAL2/proyecto/slave3.X/ADC.c: 35:             TRISE
      +                          bits.TRISE1 = 1;
   904  003D  1489               	bsf	9,1	;volatile
   905                           
   906                           ;C:/Users/danie/OneDrive/Desktop/DIGITAL2/proyecto/slave3.X/ADC.c: 36:             ANSEL
      +                          bits.ANS6 = 1;
   907  003E  1683               	bsf	3,5	;RP0=1, select bank3
   908  003F  1703               	bsf	3,6	;RP1=1, select bank3
   909  0040  1708               	bsf	8,6	;volatile
   910                           
   911                           ;C:/Users/danie/OneDrive/Desktop/DIGITAL2/proyecto/slave3.X/ADC.c: 37:             break
      +                          ;
   912  0041  286E               	goto	l26
   913  0042                     l24:	
   914                           ;C:/Users/danie/OneDrive/Desktop/DIGITAL2/proyecto/slave3.X/ADC.c: 38:         case 7:
   915                           
   916                           
   917                           ;C:/Users/danie/OneDrive/Desktop/DIGITAL2/proyecto/slave3.X/ADC.c: 39:             TRISE
      +                          bits.TRISE2 = 1;
   918  0042  1509               	bsf	9,2	;volatile
   919                           
   920                           ;C:/Users/danie/OneDrive/Desktop/DIGITAL2/proyecto/slave3.X/ADC.c: 40:             ANSEL
      +                          bits.ANS7 = 1;
   921  0043  1683               	bsf	3,5	;RP0=1, select bank3
   922  0044  1703               	bsf	3,6	;RP1=1, select bank3
   923  0045  1788               	bsf	8,7	;volatile
   924                           
   925                           ;C:/Users/danie/OneDrive/Desktop/DIGITAL2/proyecto/slave3.X/ADC.c: 41:             break
      +                          ;
   926  0046  286E               	goto	l26
   927  0047                     l25:	
   928                           ;C:/Users/danie/OneDrive/Desktop/DIGITAL2/proyecto/slave3.X/ADC.c: 42:         default:
   929                           
   930                           
   931                           ;C:/Users/danie/OneDrive/Desktop/DIGITAL2/proyecto/slave3.X/ADC.c: 43:             TRISA
      +                          bits.TRISA0 = 1;
   932  0047  1405               	bsf	5,0	;volatile
   933                           
   934                           ;C:/Users/danie/OneDrive/Desktop/DIGITAL2/proyecto/slave3.X/ADC.c: 44:             ANSEL
      +                          bits.ANS0 = 1;
   935  0048  1683               	bsf	3,5	;RP0=1, select bank3
   936  0049  1703               	bsf	3,6	;RP1=1, select bank3
   937  004A  1408               	bsf	8,0	;volatile
   938                           
   939                           ;C:/Users/danie/OneDrive/Desktop/DIGITAL2/proyecto/slave3.X/ADC.c: 45:             break
      +                          ;
   940  004B  286E               	goto	l26
   941  004C                     l727:
   942  004C  0876               	movf	initADC@IRCF,w
   943  004D  00F4               	movwf	??_initADC
   944  004E  01F5               	clrf	??_initADC+1
   945                           
   946                           ; Switch on 2 bytes has been partitioned into a top level switch of size 1, and 1 sub-sw
      +                          itches
   947                           ; Switch size 1, requested type "simple"
   948                           ; Number of cases is 1, Range of values is 0 to 0
   949                           ; switch strategies available:
   950                           ; Name         Instructions Cycles
   951                           ; simple_byte            4     3 (average)
   952                           ; direct_byte           11     8 (fixed)
   953                           ; jumptable            260     6 (fixed)
   954                           ;	Chosen strategy is simple_byte
   955  004F  0875               	movf	??_initADC+1,w
   956  0050  3A00               	xorlw	0	; case 0
   957  0051  1903               	skipnz
   958  0052  2854               	goto	l889
   959  0053  2847               	goto	l25
   960  0054                     l889:
   961                           
   962                           ; Switch size 1, requested type "simple"
   963                           ; Number of cases is 8, Range of values is 0 to 7
   964                           ; switch strategies available:
   965                           ; Name         Instructions Cycles
   966                           ; simple_byte           25    13 (average)
   967                           ; direct_byte           32     8 (fixed)
   968                           ; jumptable            260     6 (fixed)
   969                           ;	Chosen strategy is simple_byte
   970  0054  0874               	movf	??_initADC,w
   971  0055  3A00               	xorlw	0	; case 0
   972  0056  1903               	skipnz
   973  0057  281F               	goto	l16
   974  0058  3A01               	xorlw	1	; case 1
   975  0059  1903               	skipnz
   976  005A  2824               	goto	l18
   977  005B  3A03               	xorlw	3	; case 2
   978  005C  1903               	skipnz
   979  005D  2829               	goto	l19
   980  005E  3A01               	xorlw	1	; case 3
   981  005F  1903               	skipnz
   982  0060  282E               	goto	l20
   983  0061  3A07               	xorlw	7	; case 4
   984  0062  1903               	skipnz
   985  0063  2833               	goto	l21
   986  0064  3A01               	xorlw	1	; case 5
   987  0065  1903               	skipnz
   988  0066  2838               	goto	l22
   989  0067  3A03               	xorlw	3	; case 6
   990  0068  1903               	skipnz
   991  0069  283D               	goto	l23
   992  006A  3A01               	xorlw	1	; case 7
   993  006B  1903               	skipnz
   994  006C  2842               	goto	l24
   995  006D  2847               	goto	l25
   996  006E                     l26:
   997  006E  0008               	return
   998  006F                     __end_of_initADC:
   999                           
  1000                           	psect	text4
  1001  006F                     __ptext4:	
  1002 ;; *************** function _isr *****************
  1003 ;; Defined at:
  1004 ;;		line 52 in file "C:/Users/danie/OneDrive/Desktop/DIGITAL2/proyecto/slave3.X/slave3.c"
  1005 ;; Parameters:    Size  Location     Type
  1006 ;;		None
  1007 ;; Auto vars:     Size  Location     Type
  1008 ;;		None
  1009 ;; Return value:  Size  Location     Type
  1010 ;;                  1    wreg      void 
  1011 ;; Registers used:
  1012 ;;		wreg, status,2, status,0, pclath, cstack
  1013 ;; Tracked objects:
  1014 ;;		On entry : 0/0
  1015 ;;		On exit  : 0/0
  1016 ;;		Unchanged: 0/0
  1017 ;; Data sizes:     COMMON   BANK0   BANK1   BANK3   BANK2
  1018 ;;      Params:         0       0       0       0       0
  1019 ;;      Locals:         0       0       0       0       0
  1020 ;;      Temps:          3       0       0       0       0
  1021 ;;      Totals:         3       0       0       0       0
  1022 ;;Total ram usage:        3 bytes
  1023 ;; Hardware stack levels used:    1
  1024 ;; Hardware stack levels required when called:    2
  1025 ;; This function calls:
  1026 ;;		_spiRead
  1027 ;;		_spiWrite
  1028 ;; This function is called by:
  1029 ;;		Interrupt level 1
  1030 ;; This function uses a non-reentrant model
  1031 ;;
  1032                           
  1033                           
  1034                           ;psect for function _isr
  1035  006F                     _isr:
  1036  006F                     i1l769:
  1037                           
  1038                           ;C:/Users/danie/OneDrive/Desktop/DIGITAL2/proyecto/slave3.X/slave3.c: 53: 
  1039  006F  1283               	bcf	3,5	;RP0=0, select bank0
  1040  0070  1303               	bcf	3,6	;RP1=0, select bank0
  1041  0071  1D8C               	btfss	12,3	;volatile
  1042  0072  2874               	goto	u3_21
  1043  0073  2875               	goto	u3_20
  1044  0074                     u3_21:
  1045  0074  2888               	goto	i1l775
  1046  0075                     u3_20:
  1047  0075                     i1l771:
  1048                           
  1049                           ;C:/Users/danie/OneDrive/Desktop/DIGITAL2/proyecto/slave3.X/slave3.c: 54:     }
  1050  0075  120A  118A  20F4  120A  118A  	fcall	_spiRead
  1051  007A  00F1               	movwf	??_isr
  1052  007B  0871               	movf	??_isr,w
  1053  007C  00F8               	movwf	_TEMP
  1054                           
  1055                           ;C:/Users/danie/OneDrive/Desktop/DIGITAL2/proyecto/slave3.X/slave3.c: 55: }
  1056  007D  1283               	bcf	3,5	;RP0=0, select bank0
  1057  007E  1303               	bcf	3,6	;RP1=0, select bank0
  1058  007F  0808               	movf	8,w	;volatile
  1059  0080  120A  118A  2104  120A  118A  	fcall	_spiWrite
  1060  0085                     i1l773:
  1061                           
  1062                           ;C:/Users/danie/OneDrive/Desktop/DIGITAL2/proyecto/slave3.X/slave3.c: 56: 
  1063  0085  1283               	bcf	3,5	;RP0=0, select bank0
  1064  0086  1303               	bcf	3,6	;RP1=0, select bank0
  1065  0087  118C               	bcf	12,3	;volatile
  1066  0088                     i1l775:
  1067                           
  1068                           ;C:/Users/danie/OneDrive/Desktop/DIGITAL2/proyecto/slave3.X/slave3.c: 59:     ANSELH = 0
      +                          ;
  1069  0088  1F0C               	btfss	12,6	;volatile
  1070  0089  288B               	goto	u4_21
  1071  008A  288C               	goto	u4_20
  1072  008B                     u4_21:
  1073  008B  2892               	goto	i1l112
  1074  008C                     u4_20:
  1075  008C                     i1l777:
  1076                           
  1077                           ;C:/Users/danie/OneDrive/Desktop/DIGITAL2/proyecto/slave3.X/slave3.c: 60:     TRISB = 0;
  1078  008C  081E               	movf	30,w	;volatile
  1079  008D  00F1               	movwf	??_isr
  1080  008E  0871               	movf	??_isr,w
  1081  008F  00F9               	movwf	_ADC
  1082  0090                     i1l779:
  1083                           
  1084                           ;C:/Users/danie/OneDrive/Desktop/DIGITAL2/proyecto/slave3.X/slave3.c: 61:     TRISC = 0;
  1085  0090  130C               	bcf	12,6	;volatile
  1086  0091                     i1l781:
  1087                           
  1088                           ;C:/Users/danie/OneDrive/Desktop/DIGITAL2/proyecto/slave3.X/slave3.c: 62:     TRISD = 0;
  1089  0091  149F               	bsf	31,1	;volatile
  1090  0092                     i1l112:
  1091  0092  0873               	movf	??_isr+2,w
  1092  0093  008A               	movwf	10
  1093  0094  0E72               	swapf	??_isr+1,w
  1094  0095  0083               	movwf	3
  1095  0096  0EFE               	swapf	btemp,f
  1096  0097  0E7E               	swapf	btemp,w
  1097  0098  0009               	retfie
  1098  0099                     __end_of_isr:
  1099                           
  1100                           	psect	intentry
  1101  0004                     __pintentry:	
  1102                           ;incstack = 0
  1103                           ; Regs used in _isr: [wreg+status,2+status,0+pclath+cstack]
  1104                           
  1105  0004                     interrupt_function:
  1106  007E                     saved_w	set	btemp
  1107  0004  00FE               	movwf	btemp
  1108  0005  0E03               	swapf	3,w
  1109  0006  00F2               	movwf	??_isr+1
  1110  0007  080A               	movf	10,w
  1111  0008  00F3               	movwf	??_isr+2
  1112  0009  120A  118A  286F   	ljmp	_isr
  1113                           
  1114                           	psect	text5
  1115  0104                     __ptext5:	
  1116 ;; *************** function _spiWrite *****************
  1117 ;; Defined at:
  1118 ;;		line 32 in file "C:/Users/danie/OneDrive/Desktop/DIGITAL2/proyecto/slave3.X/SPI.c"
  1119 ;; Parameters:    Size  Location     Type
  1120 ;;  variable        1    wreg     unsigned char 
  1121 ;; Auto vars:     Size  Location     Type
  1122 ;;  variable        1    0[COMMON] unsigned char 
  1123 ;; Return value:  Size  Location     Type
  1124 ;;                  1    wreg      void 
  1125 ;; Registers used:
  1126 ;;		wreg
  1127 ;; Tracked objects:
  1128 ;;		On entry : 0/0
  1129 ;;		On exit  : 0/0
  1130 ;;		Unchanged: 0/0
  1131 ;; Data sizes:     COMMON   BANK0   BANK1   BANK3   BANK2
  1132 ;;      Params:         0       0       0       0       0
  1133 ;;      Locals:         1       0       0       0       0
  1134 ;;      Temps:          0       0       0       0       0
  1135 ;;      Totals:         1       0       0       0       0
  1136 ;;Total ram usage:        1 bytes
  1137 ;; Hardware stack levels used:    1
  1138 ;; This function calls:
  1139 ;;		Nothing
  1140 ;; This function is called by:
  1141 ;;		_isr
  1142 ;; This function uses a non-reentrant model
  1143 ;;
  1144                           
  1145                           
  1146                           ;psect for function _spiWrite
  1147  0104                     _spiWrite:
  1148                           
  1149                           ;incstack = 0
  1150                           ; Regs used in _spiWrite: [wreg]
  1151                           ;spiWrite@variable stored from wreg
  1152  0104  00F0               	movwf	spiWrite@variable
  1153  0105                     i1l745:
  1154                           
  1155                           ;C:/Users/danie/OneDrive/Desktop/DIGITAL2/proyecto/slave3.X/SPI.c: 33:     SSPBUF = vari
      +                          able;
  1156  0105  0870               	movf	spiWrite@variable,w
  1157  0106  1283               	bcf	3,5	;RP0=0, select bank0
  1158  0107  1303               	bcf	3,6	;RP1=0, select bank0
  1159  0108  0093               	movwf	19	;volatile
  1160  0109                     i1l52:
  1161  0109  0008               	return
  1162  010A                     __end_of_spiWrite:
  1163                           
  1164                           	psect	text6
  1165  00F4                     __ptext6:	
  1166 ;; *************** function _spiRead *****************
  1167 ;; Defined at:
  1168 ;;		line 44 in file "C:/Users/danie/OneDrive/Desktop/DIGITAL2/proyecto/slave3.X/SPI.c"
  1169 ;; Parameters:    Size  Location     Type
  1170 ;;		None
  1171 ;; Auto vars:     Size  Location     Type
  1172 ;;		None
  1173 ;; Return value:  Size  Location     Type
  1174 ;;                  1    wreg      unsigned char 
  1175 ;; Registers used:
  1176 ;;		wreg, status,2, status,0, pclath, cstack
  1177 ;; Tracked objects:
  1178 ;;		On entry : 0/0
  1179 ;;		On exit  : 0/0
  1180 ;;		Unchanged: 0/0
  1181 ;; Data sizes:     COMMON   BANK0   BANK1   BANK3   BANK2
  1182 ;;      Params:         0       0       0       0       0
  1183 ;;      Locals:         0       0       0       0       0
  1184 ;;      Temps:          0       0       0       0       0
  1185 ;;      Totals:         0       0       0       0       0
  1186 ;;Total ram usage:        0 bytes
  1187 ;; Hardware stack levels used:    1
  1188 ;; Hardware stack levels required when called:    1
  1189 ;; This function calls:
  1190 ;;		_spiReceiveWait
  1191 ;; This function is called by:
  1192 ;;		_isr
  1193 ;; This function uses a non-reentrant model
  1194 ;;
  1195                           
  1196                           
  1197                           ;psect for function _spiRead
  1198  00F4                     _spiRead:
  1199  00F4                     i1l747:	
  1200                           ;incstack = 0
  1201                           ; Regs used in _spiRead: [wreg+status,2+status,0+pclath+cstack]
  1202                           
  1203                           
  1204                           ;C:/Users/danie/OneDrive/Desktop/DIGITAL2/proyecto/slave3.X/SPI.c: 45:     spiReceiveWai
      +                          t();
  1205  00F4  120A  118A  20FD  120A  118A  	fcall	_spiReceiveWait
  1206  00F9                     i1l749:
  1207                           
  1208                           ;C:/Users/danie/OneDrive/Desktop/DIGITAL2/proyecto/slave3.X/SPI.c: 46:     return(SSPBUF
      +                          );
  1209  00F9  1283               	bcf	3,5	;RP0=0, select bank0
  1210  00FA  1303               	bcf	3,6	;RP1=0, select bank0
  1211  00FB  0813               	movf	19,w	;volatile
  1212  00FC                     i1l55:
  1213  00FC  0008               	return
  1214  00FD                     __end_of_spiRead:
  1215                           
  1216                           	psect	text7
  1217  00FD                     __ptext7:	
  1218 ;; *************** function _spiReceiveWait *****************
  1219 ;; Defined at:
  1220 ;;		line 28 in file "C:/Users/danie/OneDrive/Desktop/DIGITAL2/proyecto/slave3.X/SPI.c"
  1221 ;; Parameters:    Size  Location     Type
  1222 ;;		None
  1223 ;; Auto vars:     Size  Location     Type
  1224 ;;		None
  1225 ;; Return value:  Size  Location     Type
  1226 ;;                  1    wreg      void 
  1227 ;; Registers used:
  1228 ;;		None
  1229 ;; Tracked objects:
  1230 ;;		On entry : 0/0
  1231 ;;		On exit  : 0/0
  1232 ;;		Unchanged: 0/0
  1233 ;; Data sizes:     COMMON   BANK0   BANK1   BANK3   BANK2
  1234 ;;      Params:         0       0       0       0       0
  1235 ;;      Locals:         0       0       0       0       0
  1236 ;;      Temps:          0       0       0       0       0
  1237 ;;      Totals:         0       0       0       0       0
  1238 ;;Total ram usage:        0 bytes
  1239 ;; Hardware stack levels used:    1
  1240 ;; This function calls:
  1241 ;;		Nothing
  1242 ;; This function is called by:
  1243 ;;		_spiRead
  1244 ;; This function uses a non-reentrant model
  1245 ;;
  1246                           
  1247                           
  1248                           ;psect for function _spiReceiveWait
  1249  00FD                     _spiReceiveWait:
  1250  00FD                     i1l743:	
  1251                           ;incstack = 0
  1252                           ; Regs used in _spiReceiveWait: []
  1253                           
  1254  00FD                     i1l46:	
  1255                           ;C:/Users/danie/OneDrive/Desktop/DIGITAL2/proyecto/slave3.X/SPI.c: 29:     while ( !SSPS
      +                          TATbits.BF );
  1256                           
  1257  00FD  1683               	bsf	3,5	;RP0=1, select bank1
  1258  00FE  1303               	bcf	3,6	;RP1=0, select bank1
  1259  00FF  1C14               	btfss	20,0	;volatile
  1260  0100  2902               	goto	u2_21
  1261  0101  2903               	goto	u2_20
  1262  0102                     u2_21:
  1263  0102  28FD               	goto	i1l46
  1264  0103                     u2_20:
  1265  0103                     i1l49:
  1266  0103  0008               	return
  1267  0104                     __end_of_spiReceiveWait:
  1268  007E                     btemp	set	126	;btemp
  1269  007E                     wtemp0	set	126
  1270                           
  1271                           	psect	config
  1272                           
  1273                           ;Config register CONFIG1 @ 0x2007
  1274                           ;	Oscillator Selection bits
  1275                           ;	FOSC = INTRC_NOCLKOUT, INTOSCIO oscillator: I/O function on RA6/OSC2/CLKOUT pin, I/O f
      +                          unction on RA7/OSC1/CLKIN
  1276                           ;	Watchdog Timer Enable bit
  1277                           ;	WDTE = OFF, WDT disabled and can be enabled by SWDTEN bit of the WDTCON register
  1278                           ;	Power-up Timer Enable bit
  1279                           ;	PWRTE = OFF, PWRT disabled
  1280                           ;	RE3/MCLR pin function select bit
  1281                           ;	MCLRE = OFF, RE3/MCLR pin function is digital input, MCLR internally tied to VDD
  1282                           ;	Code Protection bit
  1283                           ;	CP = OFF, Program memory code protection is disabled
  1284                           ;	Data Code Protection bit
  1285                           ;	CPD = OFF, Data memory code protection is disabled
  1286                           ;	Brown Out Reset Selection bits
  1287                           ;	BOREN = OFF, BOR disabled
  1288                           ;	Internal External Switchover bit
  1289                           ;	IESO = OFF, Internal/External Switchover mode is disabled
  1290                           ;	Fail-Safe Clock Monitor Enabled bit
  1291                           ;	FCMEN = OFF, Fail-Safe Clock Monitor is disabled
  1292                           ;	Low Voltage Programming Enable bit
  1293                           ;	LVP = OFF, RB3 pin has digital I/O, HV on MCLR must be used for programming
  1294                           ;	In-Circuit Debugger Mode bit
  1295                           ;	DEBUG = 0x1, unprogrammed default
  1296  2007                     	org	8199
  1297  2007  20D4               	dw	8404
  1298                           
  1299                           ;Config register CONFIG2 @ 0x2008
  1300                           ;	Brown-out Reset Selection bit
  1301                           ;	BOR4V = BOR40V, Brown-out Reset set to 4.0V
  1302                           ;	Flash Program Memory Self Write Enable bits
  1303                           ;	WRT = OFF, Write protection off
  1304  2008                     	org	8200
  1305  2008  3FFF               	dw	16383

Data Sizes:
    Strings     0
    Constant    0
    Data        0
    BSS         2
    Persistent  0
    Stack       0

Auto Spaces:
    Space          Size  Autos    Used
    COMMON           14      8      10
    BANK0            80      0       0
    BANK1            80      0       0
    BANK3            96      0       0
    BANK2            96      0       0

Pointer List with Targets:

    None.

Critical Paths under _main in COMMON

    _Setup->_spiInit

Critical Paths under _isr in COMMON

    _isr->_spiWrite

Critical Paths under _main in BANK0

    None.

Critical Paths under _isr in BANK0

    None.

Critical Paths under _main in BANK1

    None.

Critical Paths under _isr in BANK1

    None.

Critical Paths under _main in BANK3

    None.

Critical Paths under _isr in BANK3

    None.

Critical Paths under _main in BANK2

    None.

Critical Paths under _isr in BANK2

    None.

Call Graph Tables:

 ---------------------------------------------------------------------------------
 (Depth) Function   	        Calls       Base Space   Used Autos Params    Refs
 ---------------------------------------------------------------------------------
 (0) _main                                                 0     0      0     375
                              _Setup
 ---------------------------------------------------------------------------------
 (1) _Setup                                                0     0      0     375
                            _initADC
                            _spiInit
 ---------------------------------------------------------------------------------
 (2) _spiInit                                              4     1      3     360
                                              4 COMMON     4     1      3
 ---------------------------------------------------------------------------------
 (2) _initADC                                              3     3      0      15
                                              4 COMMON     3     3      0
 ---------------------------------------------------------------------------------
 Estimated maximum stack depth 2
 ---------------------------------------------------------------------------------
 (Depth) Function   	        Calls       Base Space   Used Autos Params    Refs
 ---------------------------------------------------------------------------------
 (3) _isr                                                  3     3      0      15
                                              1 COMMON     3     3      0
                            _spiRead
                           _spiWrite
 ---------------------------------------------------------------------------------
 (4) _spiWrite                                             1     1      0      15
                                              0 COMMON     1     1      0
 ---------------------------------------------------------------------------------
 (4) _spiRead                                              0     0      0       0
                     _spiReceiveWait
 ---------------------------------------------------------------------------------
 (5) _spiReceiveWait                                       0     0      0       0
 ---------------------------------------------------------------------------------
 Estimated maximum stack depth 5
 ---------------------------------------------------------------------------------

 Call Graph Graphs:

 _main (ROOT)
   _Setup
     _initADC
     _spiInit

 _isr (ROOT)
   _spiRead
     _spiReceiveWait
   _spiWrite

 Address spaces:
Name               Size   Autos  Total    Cost      Usage
BITCOMMON            E      0       0       0        0.0%
EEDATA             100      0       0       0        0.0%
NULL                 0      0       0       0        0.0%
CODE                 0      0       0       0        0.0%
COMMON               E      8       A       1       71.4%
BITSFR0              0      0       0       1        0.0%
SFR0                 0      0       0       1        0.0%
BITSFR1              0      0       0       2        0.0%
SFR1                 0      0       0       2        0.0%
STACK                0      0       0       2        0.0%
ABS                  0      0       A       3        0.0%
BITBANK0            50      0       0       4        0.0%
BITSFR3              0      0       0       4        0.0%
SFR3                 0      0       0       4        0.0%
BANK0               50      0       0       5        0.0%
BITSFR2              0      0       0       5        0.0%
SFR2                 0      0       0       5        0.0%
BITBANK1            50      0       0       6        0.0%
BANK1               50      0       0       7        0.0%
BITBANK3            60      0       0       8        0.0%
BANK3               60      0       0       9        0.0%
BITBANK2            60      0       0      10        0.0%
BANK2               60      0       0      11        0.0%
DATA                 0      0       A      12        0.0%


Microchip Technology PIC Macro Assembler V2.31 build 20201012212115 
Symbol Table                                                                                   Fri Feb 12 10:36:55 2021

            _SSPSTATbits 0094                       l20 002E                       l21 0033  
                     l22 0038                       l23 003D                       l24 0042  
                     l16 001F                       l25 0047                       l18 0024  
                     l26 006E                       l42 00EE                       l19 0029  
                     l43 00F3                       u70 00E6                       u71 00E5  
                     u80 00CC                       u81 00CB                       u90 00D5  
                     u91 00D4                      l127 00BC                      _ADC 0079  
                    l721 001A                      l723 001D                      l727 004C  
                    l719 0016                      l831 00ED                      l823 00DF  
                    l825 00E6                      l841 00A9                      l833 0099  
                    l827 00E8                      l843 00AC                      l835 00A4  
                    l851 00C2                      l829 00EA                      l845 00AD  
                    l837 00A5                      l861 00D5                      l853 00C6  
                    l847 00B3                      l839 00A6                      l863 00D6  
                    l855 00CC                      l865 00D8                      l857 00CD  
                    l849 00BD                      l867 00D9                      l859 00CF  
                    l889 0054                      _RD0 0040                      _RD1 0041  
                    _RD2 0042                      _isr 006F                     _ADIF 0066  
                   ?_isr 0070                     i1l52 0109                     i1l46 00FD  
                   i1l55 00FC                     i1l49 0103                     _TEMP 0078  
                   u2_20 0103                     u2_21 0102                     u3_20 0075  
                   u3_21 0074                     u4_20 008C                     u4_21 008B  
                   _main 00BD                     btemp 007E                     start 000C  
                  ??_isr 0071              initADC@IRCF 0076                    ?_main 0070  
                  _ANSEL 0188                    i1l112 0092                    i1l743 00FD  
                  i1l745 0105                    i1l747 00F4                    i1l771 0075  
                  i1l749 00F9                    i1l781 0091                    i1l773 0085  
                  i1l775 0088                    i1l777 008C                    i1l769 006F  
                  i1l779 0090                    _PORTB 0006                    _PORTD 0008  
                  _TRISB 0086                    _TRISC 0087                    _TRISD 0088  
                  _SSPIF 0063                    _Setup 0099          __end_of_initADC 006F  
                  pclath 000A          __end_of_spiInit 00F4          __end_of_spiRead 00FD  
                  status 0003                    wtemp0 007E          __initialization 000F  
           __end_of_main 00DE                   ??_main 0078                   ?_Setup 0070  
                 _ADCON0 001F                   _ADCON1 009F                   _ADRESH 001E  
                 _ANSELH 0189                   _TRISC3 043B                   _TRISC5 043D  
                 _SSPCON 0014                   _SSPBUF 0013                ??_initADC 0074  
                 saved_w 007E         __end_of_spiWrite 010A                ??_spiInit 0077  
              ??_spiRead 0070  __end_of__initialization 0011           __pcstackCOMMON 0070  
          __end_of_Setup 00BD                  ??_Setup 0078         spiWrite@variable 0070  
             __pmaintext 00BD               __pintentry 0004  __size_of_spiReceiveWait 0007  
                _SSPSTAT 0094                ?_spiWrite 0070                _ANSELbits 0188  
                __ptext1 0099                  __ptext2 00DE                  __ptext3 0015  
                __ptext4 006F                  __ptext5 0104                  __ptext6 00F4  
                __ptext7 00FD                  _initADC 0015             __size_of_isr 002A  
                _spiInit 00DE                  _spiRead 00F4     end_of_initialization 0011  
             ??_spiWrite 0070                _TRISAbits 0085                _TRISEbits 0089  
         _spiReceiveWait 00FD      start_initialization 000F              __end_of_isr 0099  
 __end_of_spiReceiveWait 0104              __pbssCOMMON 0078                ___latbits 0002  
        ?_spiReceiveWait 0070        __size_of_spiWrite 0006                 ?_initADC 0070  
               ?_spiInit 0074                 ?_spiRead 0070           __size_of_Setup 0024  
   spiInit@sTransmitEdge 0076        interrupt_function 0004                 _PIE1bits 008C  
     spiInit@sDataSample 0074                 _PIR1bits 000C               _ADCON0bits 001F  
       __size_of_initADC 005A         __size_of_spiInit 0016         __size_of_spiRead 0009  
          __size_of_main 0021                 _spiWrite 0104             spiInit@sType 0077  
      spiInit@sClockIdle 0075               _INTCONbits 000B                 intlevel1 0000  
       ??_spiReceiveWait 0070  
